#
# There is insufficient memory for the Java Runtime Environment to continue.
# Native memory allocation (malloc) failed to allocate 1698736 bytes for Chunk::new
# Possible reasons:
#   The system is out of physical RAM or swap space
#   In 32 bit mode, the process size limit was hit
# Possible solutions:
#   Reduce memory load on the system
#   Increase physical memory or swap space
#   Check if swap backing store is full
#   Use 64 bit Java on a 64 bit OS
#   Decrease Java heap size (-Xmx/-Xms)
#   Decrease number of Java threads
#   Decrease Java thread stack sizes (-Xss)
#   Set larger code cache with -XX:ReservedCodeCacheSize=
# This output file may be truncated or incomplete.
#
#  Out of Memory Error (allocation.cpp:390), pid=7616, tid=7928
#
# JRE version: Java(TM) SE Runtime Environment (8.0_60-b27) (build 1.8.0_60-b27)
# Java VM: Java HotSpot(TM) 64-Bit Server VM (25.60-b23 mixed mode windows-amd64 compressed oops)
# Failed to write core dump. Minidumps are not enabled by default on client versions of Windows
#

---------------  T H R E A D  ---------------

Current thread (0x0000000016f92000):  JavaThread "C2 CompilerThread2" daemon [_thread_in_native, id=7928, stack(0x0000000017760000,0x0000000017860000)]

Stack: [0x0000000017760000,0x0000000017860000]
[error occurred during error reporting (printing stack bounds), id 0xc0000005]

Native frames: (J=compiled Java code, j=interpreted, Vv=VM code, C=native code)


Current CompileTask:
C2:   3379 1762   !   4       com.android.dx.cf.code.BytecodeArray::parseInstruction (2764 bytes)


---------------  P R O C E S S  ---------------

Java Threads: ( => current thread )
  0x0000000017b75000 JavaThread "pool-2-thread-4" [_thread_blocked, id=5528, stack(0x0000000018760000,0x0000000018860000)]
  0x0000000017b6d800 JavaThread "pool-2-thread-3" [_thread_in_Java, id=8312, stack(0x0000000018660000,0x0000000018760000)]
  0x0000000017b67000 JavaThread "pool-2-thread-2" [_thread_blocked, id=9044, stack(0x0000000018560000,0x0000000018660000)]
  0x00000000172e1000 JavaThread "pool-3-thread-1" [_thread_blocked, id=3920, stack(0x0000000018460000,0x0000000018560000)]
  0x000000001727a000 JavaThread "pool-2-thread-1" [_thread_in_Java, id=3924, stack(0x0000000018360000,0x0000000018460000)]
  0x000000001702e000 JavaThread "Service Thread" daemon [_thread_blocked, id=7344, stack(0x0000000017960000,0x0000000017a60000)]
  0x0000000016f97000 JavaThread "C1 CompilerThread3" daemon [_thread_blocked, id=5456, stack(0x0000000017860000,0x0000000017960000)]
=>0x0000000016f92000 JavaThread "C2 CompilerThread2" daemon [_thread_in_native, id=7928, stack(0x0000000017760000,0x0000000017860000)]
  0x0000000016f90000 JavaThread "C2 CompilerThread1" daemon [_thread_in_native, id=5944, stack(0x0000000017660000,0x0000000017760000)]
  0x0000000016f8a800 JavaThread "C2 CompilerThread0" daemon [_thread_in_native, id=9852, stack(0x0000000017560000,0x0000000017660000)]
  0x0000000016f89000 JavaThread "Attach Listener" daemon [_thread_blocked, id=6836, stack(0x0000000017460000,0x0000000017560000)]
  0x0000000016f88000 JavaThread "Signal Dispatcher" daemon [_thread_blocked, id=6360, stack(0x0000000017360000,0x0000000017460000)]
  0x0000000002364000 JavaThread "Finalizer" daemon [_thread_blocked, id=3032, stack(0x0000000016d80000,0x0000000016e80000)]
  0x0000000002363000 JavaThread "Reference Handler" daemon [_thread_blocked, id=4840, stack(0x0000000016c80000,0x0000000016d80000)]
  0x00000000008be000 JavaThread "main" [_thread_in_Java, id=2868, stack(0x0000000002170000,0x0000000002270000)]

Other Threads:
  0x0000000014e89000 VMThread [stack: 0x0000000016b80000,0x0000000016c80000] [id=3796]
  0x0000000017039000 WatcherThread [stack: 0x0000000017a60000,0x0000000017b60000] [id=6604]

VM state:not at safepoint (normal execution)

VM Mutex/Monitor currently owned by a thread: None

Heap:
 PSYoungGen      total 141824K, used 80181K [0x00000000eab00000, 0x00000000f4000000, 0x0000000100000000)
  eden space 131072K, 52% used [0x00000000eab00000,0x00000000eeed2f70,0x00000000f2b00000)
  from space 10752K, 99% used [0x00000000f3580000,0x00000000f3ffa538,0x00000000f4000000)
  to   space 10752K, 0% used [0x00000000f2b00000,0x00000000f2b00000,0x00000000f3580000)
 ParOldGen       total 175104K, used 6848K [0x00000000c0000000, 0x00000000cab00000, 0x00000000eab00000)
  object space 175104K, 3% used [0x00000000c0000000,0x00000000c06b0080,0x00000000cab00000)
 Metaspace       used 6342K, capacity 7192K, committed 7424K, reserved 1056768K
  class space    used 622K, capacity 656K, committed 768K, reserved 1048576K

Card table byte_map: [0x0000000011730000,0x0000000011940000] byte_map_base: 0x0000000011130000

Marking Bits: (ParMarkBitMap*) 0x000000006523a5b0
 Begin Bits: [0x00000000122a0000, 0x00000000132a0000)
 End Bits:   [0x00000000132a0000, 0x00000000142a0000)

Polling page: 0x0000000000850000

CodeCache: size=245760Kb used=7182Kb max_used=7198Kb free=238578Kb
 bounds [0x0000000002370000, 0x0000000002a90000, 0x0000000011370000]
 total_blobs=1991 nmethods=1722 adapters=182
 compilation: enabled

Compilation events (10 events):
Event: 3.335 Thread 0x0000000016f8a800 nmethod 1772 0x0000000002a4db10 code [0x0000000002a4dca0, 0x0000000002a4e4d8]
Event: 3.335 Thread 0x0000000016f8a800 1779       4       java.util.TreeMap::getEntry (84 bytes)
Event: 3.337 Thread 0x0000000016f8a800 nmethod 1779 0x0000000002a4bf10 code [0x0000000002a4c060, 0x0000000002a4c1b8]
Event: 3.337 Thread 0x0000000016f8a800 1757       4       java.util.HashMap::resize (359 bytes)
Event: 3.346 Thread 0x0000000016f8a800 nmethod 1757 0x0000000002a73b90 code [0x0000000002a73d20, 0x0000000002a74288]
Event: 3.346 Thread 0x0000000016f8a800 1719       4       com.android.dx.ssa.back.SsaToRop$1::visitBlock (97 bytes)
Event: 3.347 Thread 0x0000000016f97000 1782       1       com.android.dx.ssa.PhiInsn::isPhiOrMove (2 bytes)
Event: 3.347 Thread 0x0000000016f97000 nmethod 1782 0x0000000002a4d850 code [0x0000000002a4d9a0, 0x0000000002a4dab0]
Event: 3.372 Thread 0x0000000016f97000 1784       2       java.util.Vector::grow (57 bytes)
Event: 3.372 Thread 0x0000000016f97000 nmethod 1784 0x0000000002a4fad0 code [0x0000000002a4fc40, 0x0000000002a4fed8]

GC Heap History (4 events):
Event: 2.118 GC heap before
{Heap before GC invocations=1 (full 0):
 PSYoungGen      total 76288K, used 65536K [0x00000000eab00000, 0x00000000f0000000, 0x0000000100000000)
  eden space 65536K, 100% used [0x00000000eab00000,0x00000000eeb00000,0x00000000eeb00000)
  from space 10752K, 0% used [0x00000000ef580000,0x00000000ef580000,0x00000000f0000000)
  to   space 10752K, 0% used [0x00000000eeb00000,0x00000000eeb00000,0x00000000ef580000)
 ParOldGen       total 175104K, used 0K [0x00000000c0000000, 0x00000000cab00000, 0x00000000eab00000)
  object space 175104K, 0% used [0x00000000c0000000,0x00000000c0000000,0x00000000cab00000)
 Metaspace       used 6073K, capacity 7024K, committed 7296K, reserved 1056768K
  class space    used 598K, capacity 616K, committed 640K, reserved 1048576K
Event: 2.168 GC heap after
Heap after GC invocations=1 (full 0):
 PSYoungGen      total 76288K, used 10744K [0x00000000eab00000, 0x00000000f4000000, 0x0000000100000000)
  eden space 65536K, 0% used [0x00000000eab00000,0x00000000eab00000,0x00000000eeb00000)
  from space 10752K, 99% used [0x00000000eeb00000,0x00000000ef57e138,0x00000000ef580000)
  to   space 10752K, 0% used [0x00000000f3580000,0x00000000f3580000,0x00000000f4000000)
 ParOldGen       total 175104K, used 24K [0x00000000c0000000, 0x00000000cab00000, 0x00000000eab00000)
  object space 175104K, 0% used [0x00000000c0000000,0x00000000c0006000,0x00000000cab00000)
 Metaspace       used 6073K, capacity 7024K, committed 7296K, reserved 1056768K
  class space    used 598K, capacity 616K, committed 640K, reserved 1048576K
}
Event: 2.918 GC heap before
{Heap before GC invocations=2 (full 0):
 PSYoungGen      total 76288K, used 76280K [0x00000000eab00000, 0x00000000f4000000, 0x0000000100000000)
  eden space 65536K, 100% used [0x00000000eab00000,0x00000000eeb00000,0x00000000eeb00000)
  from space 10752K, 99% used [0x00000000eeb00000,0x00000000ef57e138,0x00000000ef580000)
  to   space 10752K, 0% used [0x00000000f3580000,0x00000000f3580000,0x00000000f4000000)
 ParOldGen       total 175104K, used 24K [0x00000000c0000000, 0x00000000cab00000, 0x00000000eab00000)
  object space 175104K, 0% used [0x00000000c0000000,0x00000000c0006000,0x00000000cab00000)
 Metaspace       used 6310K, capacity 7128K, committed 7424K, reserved 1056768K
  class space    used 622K, capacity 656K, committed 768K, reserved 1048576K
Event: 2.956 GC heap after
Heap after GC invocations=2 (full 0):
 PSYoungGen      total 141824K, used 10729K [0x00000000eab00000, 0x00000000f4000000, 0x0000000100000000)
  eden space 131072K, 0% used [0x00000000eab00000,0x00000000eab00000,0x00000000f2b00000)
  from space 10752K, 99% used [0x00000000f3580000,0x00000000f3ffa538,0x00000000f4000000)
  to   space 10752K, 0% used [0x00000000f2b00000,0x00000000f2b00000,0x00000000f3580000)
 ParOldGen       total 175104K, used 6848K [0x00000000c0000000, 0x00000000cab00000, 0x00000000eab00000)
  object space 175104K, 3% used [0x00000000c0000000,0x00000000c06b0080,0x00000000cab00000)
 Metaspace       used 6310K, capacity 7128K, committed 7424K, reserved 1056768K
  class space    used 622K, capacity 656K, committed 768K, reserved 1048576K
}

Deoptimization events (10 events):
Event: 2.639 Thread 0x0000000017b67000 Uncommon trap: reason=unstable_if action=reinterpret pc=0x000000000274ddec method=java.util.HashMap.putVal(ILjava/lang/Object;Ljava/lang/Object;ZZ)Ljava/lang/Object; @ 162
Event: 2.904 Thread 0x0000000017b67000 Uncommon trap: reason=bimorphic action=maybe_recompile pc=0x0000000002997c9c method=com.android.dx.ssa.LiteralOpUpgrader.tryReplacingWithConstant(Lcom/android/dx/ssa/NormalSsaInsn;)Z @ 52
Event: 2.904 Thread 0x0000000017b67000 Uncommon trap: reason=bimorphic action=maybe_recompile pc=0x0000000002997c9c method=com.android.dx.ssa.LiteralOpUpgrader.tryReplacingWithConstant(Lcom/android/dx/ssa/NormalSsaInsn;)Z @ 52
Event: 2.958 Thread 0x0000000017b67000 Uncommon trap: reason=bimorphic action=maybe_recompile pc=0x0000000002997c9c method=com.android.dx.ssa.LiteralOpUpgrader.tryReplacingWithConstant(Lcom/android/dx/ssa/NormalSsaInsn;)Z @ 52
Event: 3.104 Thread 0x00000000008be000 Uncommon trap: reason=bimorphic action=maybe_recompile pc=0x0000000002a1d4d4 method=com.android.dx.cf.code.BytecodeArray.parseInstruction(ILcom/android/dx/cf/code/BytecodeArray$Visitor;)I @ 2484
Event: 3.104 Thread 0x00000000008be000 Uncommon trap: reason=bimorphic action=maybe_recompile pc=0x0000000002a1d4d4 method=com.android.dx.cf.code.BytecodeArray.parseInstruction(ILcom/android/dx/cf/code/BytecodeArray$Visitor;)I @ 2484
Event: 3.130 Thread 0x0000000017b6d800 Uncommon trap: reason=bimorphic action=maybe_recompile pc=0x0000000002997c9c method=com.android.dx.ssa.LiteralOpUpgrader.tryReplacingWithConstant(Lcom/android/dx/ssa/NormalSsaInsn;)Z @ 52
Event: 3.170 Thread 0x00000000008be000 Uncommon trap: reason=unstable_if action=reinterpret pc=0x0000000002961734 method=com.android.dx.ssa.LocalVariableExtractor.processBlock(I)V @ 251
Event: 3.215 Thread 0x0000000017b67000 Uncommon trap: reason=bimorphic action=maybe_recompile pc=0x0000000002a1d4d4 method=com.android.dx.cf.code.BytecodeArray.parseInstruction(ILcom/android/dx/cf/code/BytecodeArray$Visitor;)I @ 2484
Event: 3.215 Thread 0x0000000017b67000 Uncommon trap: reason=bimorphic action=maybe_recompile pc=0x0000000002a1d4d4 method=com.android.dx.cf.code.BytecodeArray.parseInstruction(ILcom/android/dx/cf/code/BytecodeArray$Visitor;)I @ 2484

Internal exceptions (8 events):
Event: 0.742 Thread 0x00000000008be000 Exception <a 'java/lang/NoSuchMethodError': Method sun.misc.Unsafe.defineClass(Ljava/lang/String;[BII)Ljava/lang/Class; name or signature does not match> (0x00000000eab130b0) thrown at [C:\re\workspace\8-2-build-windows-amd64-cygwin\jdk8u60\4407\hotspot\srlŸÄ»Àç?
Event: 0.742 Thread 0x00000000008be000 Exception <a 'java/lang/NoSuchMethodError': Method sun.misc.Unsafe.prefetchRead(Ljava/lang/Object;J)V name or signature does not match> (0x00000000eab13398) thrown at [C:\re\workspace\8-2-build-windows-amd64-cygwin\jdk8u60\4407\hotspot\src\share\vm\prims\j5
Event: 1.581 Thread 0x0000000017b67000 Implicit null exception at 0x0000000002621ee2 to 0x0000000002621fd2
Event: 1.993 Thread 0x000000001727a000 Implicit null exception at 0x000000000264688c to 0x000000000264844d
Event: 2.238 Thread 0x0000000017b75000 Implicit null exception at 0x0000000002628cca to 0x000000000262a979
Event: 2.619 Thread 0x0000000017b67000 Exception <a 'java/lang/ArrayIndexOutOfBoundsException': 18> (0x00000000eccecdb0) thrown at [C:\re\workspace\8-2-build-windows-amd64-cygwin\jdk8u60\4407\hotspot\src\share\vm\interpreter\interpreterRuntime.cpp, line 366]
Event: 2.619 Thread 0x0000000017b67000 Exception <a 'java/lang/ArrayIndexOutOfBoundsException': 145> (0x00000000eccee930) thrown at [C:\re\workspace\8-2-build-windows-amd64-cygwin\jdk8u60\4407\hotspot\src\share\vm\interpreter\interpreterRuntime.cpp, line 366]
Event: 2.620 Thread 0x0000000017b67000 Exception <a 'java/lang/ArrayIndexOutOfBoundsException'> (0x00000000eccefc18) thrown at [C:\re\workspace\8-2-build-windows-amd64-cygwin\jdk8u60\4407\hotspot\src\share\vm\runtime\sharedRuntime.cpp, line 605]

Events (10 events):
Event: 3.130 Thread 0x0000000017b6d800 DEOPT UNPACKING pc=0x00000000023b582a sp=0x000000001875e4d0 mode 2
Event: 3.170 Thread 0x00000000008be000 Uncommon trap: trap_request=0xffffff65 fr.pc=0x0000000002961734
Event: 3.170 Thread 0x00000000008be000 DEOPT PACKING pc=0x0000000002961734 sp=0x000000000226e5b0
Event: 3.170 Thread 0x00000000008be000 DEOPT UNPACKING pc=0x00000000023b582a sp=0x000000000226e590 mode 2
Event: 3.215 Thread 0x0000000017b67000 Uncommon trap: trap_request=0xffffffc6 fr.pc=0x0000000002a1d4d4
Event: 3.215 Thread 0x0000000017b67000 DEOPT PACKING pc=0x0000000002a1d4d4 sp=0x000000001865e7c0
Event: 3.215 Thread 0x0000000017b67000 DEOPT UNPACKING pc=0x00000000023b582a sp=0x000000001865e798 mode 2
Event: 3.215 Thread 0x0000000017b67000 Uncommon trap: trap_request=0xffffffc6 fr.pc=0x0000000002a1d4d4
Event: 3.215 Thread 0x0000000017b67000 DEOPT PACKING pc=0x0000000002a1d4d4 sp=0x000000001865e7c0
Event: 3.215 Thread 0x0000000017b67000 DEOPT UNPACKING pc=0x00000000023b582a sp=0x000000001865e798 mode 2


Dynamic libraries:
0x00007ff68ae30000 - 0x00007ff68ae67000 	C:\Program Files\Java\jdk1.8.0_60\bin\java.exe
0x00007fff18220000 - 0x00007fff183e1000 	C:\WINDOWS\SYSTEM32\ntdll.dll
0x00007fff175b0000 - 0x00007fff1765d000 	C:\WINDOWS\system32\KERNEL32.DLL
0x00007fff148d0000 - 0x00007fff14ab8000 	C:\WINDOWS\system32\KERNELBASE.dll
0x00007fff16b90000 - 0x00007fff16c37000 	C:\WINDOWS\system32\ADVAPI32.dll
0x00007fff16fd0000 - 0x00007fff1706d000 	C:\WINDOWS\system32\msvcrt.dll
0x00007fff17860000 - 0x00007fff178bb000 	C:\WINDOWS\system32\sechost.dll
0x00007fff16ea0000 - 0x00007fff16fbc000 	C:\WINDOWS\system32\RPCRT4.dll
0x00007fff17660000 - 0x00007fff177b6000 	C:\WINDOWS\system32\USER32.dll
0x00007fff16ca0000 - 0x00007fff16e26000 	C:\WINDOWS\system32\GDI32.dll
0x00007fff0f5c0000 - 0x00007fff0f834000 	C:\WINDOWS\WinSxS\amd64_microsoft.windows.common-controls_6595b64144ccf1df_6.0.10586.0_none_8c15ae12515e1c22\COMCTL32.dll
0x00007fff17070000 - 0x00007fff172ed000 	C:\WINDOWS\system32\combase.dll
0x00007fff14ac0000 - 0x00007fff14b2a000 	C:\WINDOWS\system32\bcryptPrimitives.dll
0x00007fff17820000 - 0x00007fff1785b000 	C:\WINDOWS\system32\IMM32.DLL
0x0000000062ff0000 - 0x00000000630c2000 	C:\Program Files\Java\jdk1.8.0_60\jre\bin\msvcr100.dll
0x0000000064a30000 - 0x00000000652b9000 	C:\Program Files\Java\jdk1.8.0_60\jre\bin\server\jvm.dll
0x00007fff16fc0000 - 0x00007fff16fc8000 	C:\WINDOWS\system32\PSAPI.DLL
0x00007fff10510000 - 0x00007fff10519000 	C:\WINDOWS\SYSTEM32\WSOCK32.dll
0x00007fff12d50000 - 0x00007fff12d73000 	C:\WINDOWS\SYSTEM32\WINMM.dll
0x00007fff100a0000 - 0x00007fff100aa000 	C:\WINDOWS\SYSTEM32\VERSION.dll
0x00007fff16e30000 - 0x00007fff16e9b000 	C:\WINDOWS\system32\WS2_32.dll
0x00007fff12cd0000 - 0x00007fff12cfc000 	C:\WINDOWS\SYSTEM32\WINMMBASE.dll
0x00007fff14c10000 - 0x00007fff14c53000 	C:\WINDOWS\system32\cfgmgr32.dll
0x0000000064a20000 - 0x0000000064a2f000 	C:\Program Files\Java\jdk1.8.0_60\jre\bin\verify.dll
0x00000000649f0000 - 0x0000000064a19000 	C:\Program Files\Java\jdk1.8.0_60\jre\bin\java.dll
0x00000000649d0000 - 0x00000000649e6000 	C:\Program Files\Java\jdk1.8.0_60\jre\bin\zip.dll
0x00007fff15620000 - 0x00007fff16b7c000 	C:\WINDOWS\system32\SHELL32.dll
0x00007fff14d50000 - 0x00007fff15395000 	C:\WINDOWS\system32\windows.storage.dll
0x00007fff177c0000 - 0x00007fff17812000 	C:\WINDOWS\system32\shlwapi.dll
0x00007fff14870000 - 0x00007fff1487f000 	C:\WINDOWS\system32\kernel.appcore.dll
0x00007fff14b50000 - 0x00007fff14c05000 	C:\WINDOWS\system32\shcore.dll
0x00007fff14880000 - 0x00007fff148cb000 	C:\WINDOWS\system32\powrprof.dll
0x00007fff14840000 - 0x00007fff14854000 	C:\WINDOWS\system32\profapi.dll

VM Arguments:
jvm_args: -Djava.awt.headless=true -Xmx1024M -Dfile.encoding=windows-1251 -Duser.country=US -Duser.language=en -Duser.variant 
java_command: com.android.dx.command.Main --dex --force-jumbo --num-threads=4 --multi-dex --output D:\Aleks\OneDrive\ComputerScience\AndroidStudioProjects\EmergencyApp\app\build\intermediates\transforms\dex\debug\folders\1000\10\com.android.support-recyclerview-v7-23.3.0_d3fe76394a387f0e64320c6f289176ee25747dad D:\Aleks\OneDrive\ComputerScience\AndroidStudioProjects\EmergencyApp\app\build\intermediates\exploded-aar\com.android.support\recyclerview-v7\23.3.0\jars\classes.jar
java_class_path (initial): C:\Users\Aleks\AppData\Local\Android\sdk\build-tools\23.0.2\lib\dx.jar
Launcher Type: SUN_STANDARD

Environment Variables:
PATH=C:\Program Files (x86)\Python 3.5\Scripts\;C:\Program Files (x86)\Python 3.5\;C:\ProgramData\Oracle\Java\javapath;C:\Program Files (x86)\Intel\iCLS Client\;C:\Program Files\Intel\iCLS Client\;C:\Windows\system32;C:\Windows;C:\Windows\System32\Wbem;C:\Windows\System32\WindowsPowerShell\v1.0\;C:\Program Files (x86)\Intel\Intel(R) Management Engine Components\DAL;C:\Program Files\Intel\Intel(R) Management Engine Components\DAL;C:\Program Files (x86)\Intel\Intel(R) Management Engine Components\IPT;C:\Program Files\Intel\Intel(R) Management Engine Components\IPT;C:\Program Files (x86)\NVIDIA Corporation\PhysX\Common;C:\Program Files\Microsoft DNX\Dnvm\;C:\Program Files (x86)\Windows Kits\8.1\Windows Performance Toolkit\;C:\Program Files\Microsoft SQL Server\120\Tools\Binn\;C:\Program Files\Microsoft\Web Platform Installer\;C:\Program Files\Microsoft SQL Server\110\Tools\Binn\;C:\Program Files (x86)\MySQL\MySQL Fabric 1.5 & MySQL Utilities 1.5\;C:\Program Files (x86)\MySQL\MySQL Fabric 1.5 & MySQL Utilities 1.5\Doctrine extensions for PHP\;C:\Program Files\Microsoft SQL Server\Client SDK\ODBC\110\Tools\Binn\;C:\Program Files (x86)\Microsoft SQL Server\120\Tools\Binn\;C:\Program Files\Microsoft SQL Server\120\DTS\Binn\;C:\Program Files (x86)\Microsoft SQL Server\120\Tools\Binn\ManagementStudio\;C:\Program Files (x86)\Microsoft SQL Server\120\DTS\Binn\;C:\WINDOWS\system32;C:\WINDOWS;C:\WINDOWS\System32\Wbem;C:\WINDOWS\System32\WindowsPowerShell\v1.0\;C:\Program Files (x86)\Skype\Phone\;C:\Program Files\Microsoft SQL Server\130\Tools\Binn\;C:\Program Files\Git\cmd
USERNAME=Aleks
OS=Windows_NT
PROCESSOR_IDENTIFIER=Intel64 Family 6 Model 58 Stepping 9, GenuineIntel



---------------  S Y S T E M  ---------------

OS: Windows 10.0 , 64 bit Build 10586 (10.0.10586.0)

CPU:total 8 (4 cores per cpu, 2 threads per core) family 6 model 58 stepping 9, cmov, cx8, fxsr, mmx, sse, sse2, sse3, ssse3, sse4.1, sse4.2, popcnt, avx, aes, clmul, erms, ht, tsc, tscinvbit, tscinv

Memory: 4k page, physical 16729064k(1304432k free), swap 17777640k(5624k free)

vm_info: Java HotSpot(TM) 64-Bit Server VM (25.60-b23) for windows-amd64 JRE (1.8.0_60-b27), built on Aug  4 2015 11:06:27 by "java_re" with MS VC++ 10.0 (VS2010)

time: Thu Apr 28 03:04:14 2016
elapsed time: 3 seconds (0d 0h 0m 3s)

