#
# There is insufficient memory for the Java Runtime Environment to continue.
# Native memory allocation (malloc) failed to allocate 643296 bytes for Chunk::new
# Possible reasons:
#   The system is out of physical RAM or swap space
#   In 32 bit mode, the process size limit was hit
# Possible solutions:
#   Reduce memory load on the system
#   Increase physical memory or swap space
#   Check if swap backing store is full
#   Use 64 bit Java on a 64 bit OS
#   Decrease Java heap size (-Xmx/-Xms)
#   Decrease number of Java threads
#   Decrease Java thread stack sizes (-Xss)
#   Set larger code cache with -XX:ReservedCodeCacheSize=
# This output file may be truncated or incomplete.
#
#  Out of Memory Error (allocation.cpp:390), pid=6492, tid=1812
#
# JRE version: Java(TM) SE Runtime Environment (8.0_60-b27) (build 1.8.0_60-b27)
# Java VM: Java HotSpot(TM) 64-Bit Server VM (25.60-b23 mixed mode windows-amd64 compressed oops)
# Failed to write core dump. Minidumps are not enabled by default on client versions of Windows
#

---------------  T H R E A D  ---------------

Current thread (0x0000000016f81000):  JavaThread "C2 CompilerThread2" daemon [_thread_in_native, id=1812, stack(0x0000000017750000,0x0000000017850000)]

Stack: [0x0000000017750000,0x0000000017850000]
[error occurred during error reporting (printing stack bounds), id 0xc0000005]

Native frames: (J=compiled Java code, j=interpreted, Vv=VM code, C=native code)


Current CompileTask:
C2:   5099 2499       4       com.android.dx.dex.code.DalvCode::finishProcessingIfNecessary (69 bytes)


---------------  P R O C E S S  ---------------

Java Threads: ( => current thread )
  0x0000000017331800 JavaThread "pool-1-thread-1" [_thread_in_Java, id=5200, stack(0x000000001a950000,0x000000001aa50000)]
  0x000000001700b800 JavaThread "Service Thread" daemon [_thread_blocked, id=152, stack(0x0000000017950000,0x0000000017a50000)]
  0x0000000016f84000 JavaThread "C1 CompilerThread3" daemon [_thread_blocked, id=8388, stack(0x0000000017850000,0x0000000017950000)]
=>0x0000000016f81000 JavaThread "C2 CompilerThread2" daemon [_thread_in_native, id=1812, stack(0x0000000017750000,0x0000000017850000)]
  0x0000000016f7f000 JavaThread "C2 CompilerThread1" daemon [_thread_in_native, id=5728, stack(0x0000000017650000,0x0000000017750000)]
  0x0000000016f79800 JavaThread "C2 CompilerThread0" daemon [_thread_in_native, id=9300, stack(0x0000000017550000,0x0000000017650000)]
  0x0000000016f78000 JavaThread "Attach Listener" daemon [_thread_blocked, id=3000, stack(0x0000000017450000,0x0000000017550000)]
  0x0000000016f77000 JavaThread "Signal Dispatcher" daemon [_thread_blocked, id=2872, stack(0x0000000017350000,0x0000000017450000)]
  0x0000000002309800 JavaThread "Finalizer" daemon [_thread_blocked, id=8440, stack(0x0000000016d40000,0x0000000016e40000)]
  0x0000000002303000 JavaThread "Reference Handler" daemon [_thread_blocked, id=9848, stack(0x0000000016c40000,0x0000000016d40000)]
  0x00000000004de000 JavaThread "main" [_thread_blocked, id=7324, stack(0x0000000002110000,0x0000000002210000)]

Other Threads:
  0x0000000014e49000 VMThread [stack: 0x0000000016b40000,0x0000000016c40000] [id=9292]
  0x0000000017016000 WatcherThread [stack: 0x0000000017a50000,0x0000000017b50000] [id=744]

VM state:not at safepoint (normal execution)

VM Mutex/Monitor currently owned by a thread: None

Heap:
 PSYoungGen      total 76288K, used 34227K [0x00000000eab00000, 0x00000000f4000000, 0x0000000100000000)
  eden space 65536K, 35% used [0x00000000eab00000,0x00000000ec1f2f90,0x00000000eeb00000)
  from space 10752K, 99% used [0x00000000eeb00000,0x00000000ef579fa8,0x00000000ef580000)
  to   space 10752K, 0% used [0x00000000f3580000,0x00000000f3580000,0x00000000f4000000)
 ParOldGen       total 175104K, used 19493K [0x00000000c0000000, 0x00000000cab00000, 0x00000000eab00000)
  object space 175104K, 11% used [0x00000000c0000000,0x00000000c1309648,0x00000000cab00000)
 Metaspace       used 6796K, capacity 7576K, committed 7936K, reserved 1056768K
  class space    used 623K, capacity 656K, committed 768K, reserved 1048576K

Card table byte_map: [0x00000000116d0000,0x00000000118e0000] byte_map_base: 0x00000000110d0000

Marking Bits: (ParMarkBitMap*) 0x000000006523a5b0
 Begin Bits: [0x0000000012240000, 0x0000000013240000)
 End Bits:   [0x0000000013240000, 0x0000000014240000)

Polling page: 0x00000000008a0000

CodeCache: size=245760Kb used=10634Kb max_used=10634Kb free=235125Kb
 bounds [0x0000000002310000, 0x0000000002d80000, 0x0000000011310000]
 total_blobs=2771 nmethods=2500 adapters=183
 compilation: enabled

Compilation events (10 events):
Event: 5.088 Thread 0x0000000016f84000 2519       1       com.android.dx.dex.code.CatchTable$Entry::getEnd (5 bytes)
Event: 5.088 Thread 0x0000000016f84000 nmethod 2519 0x0000000002d78750 code [0x0000000002d788a0, 0x0000000002d789b0]
Event: 5.089 Thread 0x0000000016f84000 2520       3       com.android.dx.dex.code.form.Form10t::writeTo (22 bytes)
Event: 5.089 Thread 0x0000000016f84000 nmethod 2520 0x0000000002d78a10 code [0x0000000002d78be0, 0x0000000002d793d8]
Event: 5.091 Thread 0x0000000016f84000 2522       3       com.android.dx.dex.code.form.Form10x::writeTo (10 bytes)
Event: 5.091 Thread 0x0000000016f84000 nmethod 2522 0x0000000002d797d0 code [0x0000000002d79960, 0x0000000002d79bb8]
Event: 5.091 Thread 0x0000000016f84000 2523       3       com.android.dx.dex.code.form.Form12x::writeTo (45 bytes)
Event: 5.092 Thread 0x0000000016f84000 nmethod 2523 0x0000000002d79d10 code [0x0000000002d79f00, 0x0000000002d7a968]
Event: 5.092 Thread 0x0000000016f84000 2524       3       com.android.dx.dex.code.InsnFormat::write (13 bytes)
Event: 5.092 Thread 0x0000000016f84000 nmethod 2524 0x0000000002d7ad90 code [0x0000000002d7af20, 0x0000000002d7b208]

GC Heap History (6 events):
Event: 2.418 GC heap before
{Heap before GC invocations=1 (full 0):
 PSYoungGen      total 76288K, used 65536K [0x00000000eab00000, 0x00000000f0000000, 0x0000000100000000)
  eden space 65536K, 100% used [0x00000000eab00000,0x00000000eeb00000,0x00000000eeb00000)
  from space 10752K, 0% used [0x00000000ef580000,0x00000000ef580000,0x00000000f0000000)
  to   space 10752K, 0% used [0x00000000eeb00000,0x00000000eeb00000,0x00000000ef580000)
 ParOldGen       total 175104K, used 0K [0x00000000c0000000, 0x00000000cab00000, 0x00000000eab00000)
  object space 175104K, 0% used [0x00000000c0000000,0x00000000c0000000,0x00000000cab00000)
 Metaspace       used 6179K, capacity 7088K, committed 7296K, reserved 1056768K
  class space    used 596K, capacity 616K, committed 640K, reserved 1048576K
Event: 2.534 GC heap after
Heap after GC invocations=1 (full 0):
 PSYoungGen      total 76288K, used 10727K [0x00000000eab00000, 0x00000000f0000000, 0x0000000100000000)
  eden space 65536K, 0% used [0x00000000eab00000,0x00000000eab00000,0x00000000eeb00000)
  from space 10752K, 99% used [0x00000000eeb00000,0x00000000ef579ce0,0x00000000ef580000)
  to   space 10752K, 0% used [0x00000000ef580000,0x00000000ef580000,0x00000000f0000000)
 ParOldGen       total 175104K, used 8K [0x00000000c0000000, 0x00000000cab00000, 0x00000000eab00000)
  object space 175104K, 0% used [0x00000000c0000000,0x00000000c0002000,0x00000000cab00000)
 Metaspace       used 6179K, capacity 7088K, committed 7296K, reserved 1056768K
  class space    used 596K, capacity 616K, committed 640K, reserved 1048576K
}
Event: 3.790 GC heap before
{Heap before GC invocations=2 (full 0):
 PSYoungGen      total 76288K, used 76263K [0x00000000eab00000, 0x00000000f0000000, 0x0000000100000000)
  eden space 65536K, 100% used [0x00000000eab00000,0x00000000eeb00000,0x00000000eeb00000)
  from space 10752K, 99% used [0x00000000eeb00000,0x00000000ef579ce0,0x00000000ef580000)
  to   space 10752K, 0% used [0x00000000ef580000,0x00000000ef580000,0x00000000f0000000)
 ParOldGen       total 175104K, used 8K [0x00000000c0000000, 0x00000000cab00000, 0x00000000eab00000)
  object space 175104K, 0% used [0x00000000c0000000,0x00000000c0002000,0x00000000cab00000)
 Metaspace       used 6286K, capacity 7088K, committed 7296K, reserved 1056768K
  class space    used 597K, capacity 616K, committed 640K, reserved 1048576K
Event: 3.909 GC heap after
Heap after GC invocations=2 (full 0):
 PSYoungGen      total 76288K, used 10746K [0x00000000eab00000, 0x00000000f4000000, 0x0000000100000000)
  eden space 65536K, 0% used [0x00000000eab00000,0x00000000eab00000,0x00000000eeb00000)
  from space 10752K, 99% used [0x00000000ef580000,0x00000000efffeac8,0x00000000f0000000)
  to   space 10752K, 0% used [0x00000000eeb00000,0x00000000eeb00000,0x00000000ef580000)
 ParOldGen       total 175104K, used 7949K [0x00000000c0000000, 0x00000000cab00000, 0x00000000eab00000)
  object space 175104K, 4% used [0x00000000c0000000,0x00000000c07c34c8,0x00000000cab00000)
 Metaspace       used 6286K, capacity 7088K, committed 7296K, reserved 1056768K
  class space    used 597K, capacity 616K, committed 640K, reserved 1048576K
}
Event: 4.404 GC heap before
{Heap before GC invocations=3 (full 0):
 PSYoungGen      total 76288K, used 76282K [0x00000000eab00000, 0x00000000f4000000, 0x0000000100000000)
  eden space 65536K, 100% used [0x00000000eab00000,0x00000000eeb00000,0x00000000eeb00000)
  from space 10752K, 99% used [0x00000000ef580000,0x00000000efffeac8,0x00000000f0000000)
  to   space 10752K, 0% used [0x00000000eeb00000,0x00000000eeb00000,0x00000000ef580000)
 ParOldGen       total 175104K, used 7949K [0x00000000c0000000, 0x00000000cab00000, 0x00000000eab00000)
  object space 175104K, 4% used [0x00000000c0000000,0x00000000c07c34c8,0x00000000cab00000)
 Metaspace       used 6343K, capacity 7152K, committed 7296K, reserved 1056768K
  class space    used 598K, capacity 616K, committed 640K, reserved 1048576K
Event: 4.450 GC heap after
Heap after GC invocations=3 (full 0):
 PSYoungGen      total 76288K, used 10727K [0x00000000eab00000, 0x00000000f4000000, 0x0000000100000000)
  eden space 65536K, 0% used [0x00000000eab00000,0x00000000eab00000,0x00000000eeb00000)
  from space 10752K, 99% used [0x00000000eeb00000,0x00000000ef579fa8,0x00000000ef580000)
  to   space 10752K, 0% used [0x00000000f3580000,0x00000000f3580000,0x00000000f4000000)
 ParOldGen       total 175104K, used 19493K [0x00000000c0000000, 0x00000000cab00000, 0x00000000eab00000)
  object space 175104K, 11% used [0x00000000c0000000,0x00000000c1309648,0x00000000cab00000)
 Metaspace       used 6343K, capacity 7152K, committed 7296K, reserved 1056768K
  class space    used 598K, capacity 616K, committed 640K, reserved 1048576K
}

Deoptimization events (10 events):
Event: 4.769 Thread 0x0000000017331800 Uncommon trap: reason=speculate_class_check action=maybe_recompile pc=0x000000000268b974 method=com.android.dx.util.FixedSizeList.equals(Ljava/lang/Object;)Z @ 25
Event: 4.777 Thread 0x0000000017331800 Uncommon trap: reason=unstable_if action=reinterpret pc=0x0000000002c4a88c method=com.android.dx.dex.code.OutputFinisher.findOpcodeForInsn(Lcom/android/dx/dex/code/DalvInsn;Lcom/android/dx/dex/code/Dop;)Lcom/android/dx/dex/code/Dop; @ 1
Event: 4.779 Thread 0x0000000017331800 Uncommon trap: reason=unstable_if action=reinterpret pc=0x0000000002992748 method=java.util.TreeMap.put(Ljava/lang/Object;Ljava/lang/Object;)Ljava/lang/Object; @ 163
Event: 4.886 Thread 0x0000000017331800 Uncommon trap: reason=class_check action=maybe_recompile pc=0x0000000002c8f8e8 method=com.android.dx.dex.code.OutputFinisher.calculateReservedCount([Lcom/android/dx/dex/code/Dop;)I @ 72
Event: 4.886 Thread 0x0000000017331800 Uncommon trap: reason=class_check action=maybe_recompile pc=0x0000000002c8f8e8 method=com.android.dx.dex.code.OutputFinisher.calculateReservedCount([Lcom/android/dx/dex/code/Dop;)I @ 72
Event: 4.886 Thread 0x0000000017331800 Uncommon trap: reason=class_check action=maybe_recompile pc=0x0000000002c8f8e8 method=com.android.dx.dex.code.OutputFinisher.calculateReservedCount([Lcom/android/dx/dex/code/Dop;)I @ 72
Event: 4.886 Thread 0x0000000017331800 Uncommon trap: reason=class_check action=maybe_recompile pc=0x0000000002c8f8e8 method=com.android.dx.dex.code.OutputFinisher.calculateReservedCount([Lcom/android/dx/dex/code/Dop;)I @ 72
Event: 4.953 Thread 0x0000000017331800 Uncommon trap: reason=class_check action=maybe_recompile pc=0x0000000002caf87c method=com.android.dx.dex.code.OutputFinisher.massageInstructions([Lcom/android/dx/dex/code/Dop;)V @ 63
Event: 4.959 Thread 0x0000000017331800 Uncommon trap: reason=unstable_if action=reinterpret pc=0x0000000002b8e164 method=java.util.ArrayList.<init>(I)V @ 5
Event: 5.029 Thread 0x0000000017331800 Uncommon trap: reason=unstable_if action=reinterpret pc=0x0000000002cf8584 method=com.android.dx.util.ByteArrayAnnotatedOutput.writeByte(I)V @ 13

Internal exceptions (2 events):
Event: 0.038 Thread 0x00000000004de000 Exception <a 'java/lang/NoSuchMethodError': Method sun.misc.Unsafe.defineClass(Ljava/lang/String;[BII)Ljava/lang/Class; name or signature does not match> (0x00000000eab12f78) thrown at [C:\re\workspace\8-2-build-windows-amd64-cygwin\jdk8u60\4407\hotspot\srÌ,Ç± £?
Event: 0.038 Thread 0x00000000004de000 Exception <a 'java/lang/NoSuchMethodError': Method sun.misc.Unsafe.prefetchRead(Ljava/lang/Object;J)V name or signature does not match> (0x00000000eab13260) thrown at [C:\re\workspace\8-2-build-windows-amd64-cygwin\jdk8u60\4407\hotspot\src\share\vm\prims\j

Events (10 events):
Event: 4.992 loading class com/android/dex/EncodedValueCodec done
Event: 5.015 loading class com/android/dx/dex/file/MapItem
Event: 5.015 loading class com/android/dx/dex/file/MapItem done
Event: 5.016 loading class com/android/dx/dex/file/UniformListItem
Event: 5.016 loading class com/android/dx/dex/file/UniformListItem done
Event: 5.029 loading class com/android/dex/DexFormat
Event: 5.029 loading class com/android/dex/DexFormat done
Event: 5.029 Thread 0x0000000017331800 Uncommon trap: trap_request=0xffffff65 fr.pc=0x0000000002cf8584
Event: 5.029 Thread 0x0000000017331800 DEOPT PACKING pc=0x0000000002cf8584 sp=0x000000001aa4ee90
Event: 5.029 Thread 0x0000000017331800 DEOPT UNPACKING pc=0x000000000235582a sp=0x000000001aa4ee48 mode 2


Dynamic libraries:
0x00007ff68ae30000 - 0x00007ff68ae67000 	C:\Program Files\Java\jdk1.8.0_60\bin\java.exe
0x00007fff18220000 - 0x00007fff183e1000 	C:\WINDOWS\SYSTEM32\ntdll.dll
0x00007fff175b0000 - 0x00007fff1765d000 	C:\WINDOWS\system32\KERNEL32.DLL
0x00007fff148d0000 - 0x00007fff14ab8000 	C:\WINDOWS\system32\KERNELBASE.dll
0x00007fff16b90000 - 0x00007fff16c37000 	C:\WINDOWS\system32\ADVAPI32.dll
0x00007fff16fd0000 - 0x00007fff1706d000 	C:\WINDOWS\system32\msvcrt.dll
0x00007fff17860000 - 0x00007fff178bb000 	C:\WINDOWS\system32\sechost.dll
0x00007fff16ea0000 - 0x00007fff16fbc000 	C:\WINDOWS\system32\RPCRT4.dll
0x00007fff17660000 - 0x00007fff177b6000 	C:\WINDOWS\system32\USER32.dll
0x00007fff16ca0000 - 0x00007fff16e26000 	C:\WINDOWS\system32\GDI32.dll
0x00007fff0f5c0000 - 0x00007fff0f834000 	C:\WINDOWS\WinSxS\amd64_microsoft.windows.common-controls_6595b64144ccf1df_6.0.10586.0_none_8c15ae12515e1c22\COMCTL32.dll
0x00007fff17070000 - 0x00007fff172ed000 	C:\WINDOWS\system32\combase.dll
0x00007fff14ac0000 - 0x00007fff14b2a000 	C:\WINDOWS\system32\bcryptPrimitives.dll
0x00007fff17820000 - 0x00007fff1785b000 	C:\WINDOWS\system32\IMM32.DLL
0x0000000062ff0000 - 0x00000000630c2000 	C:\Program Files\Java\jdk1.8.0_60\jre\bin\msvcr100.dll
0x0000000064a30000 - 0x00000000652b9000 	C:\Program Files\Java\jdk1.8.0_60\jre\bin\server\jvm.dll
0x00007fff16fc0000 - 0x00007fff16fc8000 	C:\WINDOWS\system32\PSAPI.DLL
0x00007fff100a0000 - 0x00007fff100aa000 	C:\WINDOWS\SYSTEM32\VERSION.dll
0x00007fff12d50000 - 0x00007fff12d73000 	C:\WINDOWS\SYSTEM32\WINMM.dll
0x00007fff10510000 - 0x00007fff10519000 	C:\WINDOWS\SYSTEM32\WSOCK32.dll
0x00007fff16e30000 - 0x00007fff16e9b000 	C:\WINDOWS\system32\ws2_32.DLL
0x00007fff12cd0000 - 0x00007fff12cfc000 	C:\WINDOWS\SYSTEM32\WINMMBASE.dll
0x00007fff14c10000 - 0x00007fff14c53000 	C:\WINDOWS\system32\cfgmgr32.dll
0x0000000064a20000 - 0x0000000064a2f000 	C:\Program Files\Java\jdk1.8.0_60\jre\bin\verify.dll
0x00000000649f0000 - 0x0000000064a19000 	C:\Program Files\Java\jdk1.8.0_60\jre\bin\java.dll
0x00000000649d0000 - 0x00000000649e6000 	C:\Program Files\Java\jdk1.8.0_60\jre\bin\zip.dll
0x00007fff15620000 - 0x00007fff16b7c000 	C:\WINDOWS\system32\SHELL32.dll
0x00007fff14d50000 - 0x00007fff15395000 	C:\WINDOWS\system32\windows.storage.dll
0x00007fff177c0000 - 0x00007fff17812000 	C:\WINDOWS\system32\shlwapi.dll
0x00007fff14870000 - 0x00007fff1487f000 	C:\WINDOWS\system32\kernel.appcore.dll
0x00007fff14b50000 - 0x00007fff14c05000 	C:\WINDOWS\system32\shcore.dll
0x00007fff14880000 - 0x00007fff148cb000 	C:\WINDOWS\system32\powrprof.dll
0x00007fff14840000 - 0x00007fff14854000 	C:\WINDOWS\system32\profapi.dll

VM Arguments:
jvm_args: -Djava.awt.headless=true -Xmx1024M -Dfile.encoding=windows-1251 -Duser.country=US -Duser.language=en -Duser.variant 
java_command: com.android.dx.command.Main --dex --force-jumbo --num-threads=4 --multi-dex --output D:\Aleks\OneDrive\ComputerScience\AndroidStudioProjects\EmergencyApp\app\build\intermediates\transforms\dex\debug\folders\1000\10\com.google.android.gms-play-services-drive-8.4.0_199defb0df66acf6232d763970c725341d34704b D:\Aleks\OneDrive\ComputerScience\AndroidStudioProjects\EmergencyApp\app\build\intermediates\exploded-aar\com.google.android.gms\play-services-drive\8.4.0\jars\classes.jar
java_class_path (initial): C:\Users\Aleks\AppData\Local\Android\sdk\build-tools\23.0.2\lib\dx.jar
Launcher Type: SUN_STANDARD

Environment Variables:
PATH=C:\Program Files (x86)\Python 3.5\Scripts\;C:\Program Files (x86)\Python 3.5\;C:\ProgramData\Oracle\Java\javapath;C:\Program Files (x86)\Intel\iCLS Client\;C:\Program Files\Intel\iCLS Client\;C:\Windows\system32;C:\Windows;C:\Windows\System32\Wbem;C:\Windows\System32\WindowsPowerShell\v1.0\;C:\Program Files (x86)\Intel\Intel(R) Management Engine Components\DAL;C:\Program Files\Intel\Intel(R) Management Engine Components\DAL;C:\Program Files (x86)\Intel\Intel(R) Management Engine Components\IPT;C:\Program Files\Intel\Intel(R) Management Engine Components\IPT;C:\Program Files (x86)\NVIDIA Corporation\PhysX\Common;C:\Program Files\Microsoft DNX\Dnvm\;C:\Program Files (x86)\Windows Kits\8.1\Windows Performance Toolkit\;C:\Program Files\Microsoft SQL Server\120\Tools\Binn\;C:\Program Files\Microsoft\Web Platform Installer\;C:\Program Files\Microsoft SQL Server\110\Tools\Binn\;C:\Program Files (x86)\MySQL\MySQL Fabric 1.5 & MySQL Utilities 1.5\;C:\Program Files (x86)\MySQL\MySQL Fabric 1.5 & MySQL Utilities 1.5\Doctrine extensions for PHP\;C:\Program Files\Microsoft SQL Server\Client SDK\ODBC\110\Tools\Binn\;C:\Program Files (x86)\Microsoft SQL Server\120\Tools\Binn\;C:\Program Files\Microsoft SQL Server\120\DTS\Binn\;C:\Program Files (x86)\Microsoft SQL Server\120\Tools\Binn\ManagementStudio\;C:\Program Files (x86)\Microsoft SQL Server\120\DTS\Binn\;C:\WINDOWS\system32;C:\WINDOWS;C:\WINDOWS\System32\Wbem;C:\WINDOWS\System32\WindowsPowerShell\v1.0\;C:\Program Files (x86)\Skype\Phone\;C:\Program Files\Microsoft SQL Server\130\Tools\Binn\;C:\Program Files\Git\cmd
USERNAME=Aleks
OS=Windows_NT
PROCESSOR_IDENTIFIER=Intel64 Family 6 Model 58 Stepping 9, GenuineIntel



---------------  S Y S T E M  ---------------

OS: Windows 10.0 , 64 bit Build 10586 (10.0.10586.0)

CPU:total 8 (4 cores per cpu, 2 threads per core) family 6 model 58 stepping 9, cmov, cx8, fxsr, mmx, sse, sse2, sse3, ssse3, sse4.1, sse4.2, popcnt, avx, aes, clmul, erms, ht, tsc, tscinvbit, tscinv

Memory: 4k page, physical 16729064k(1292128k free), swap 17777640k(5508k free)

vm_info: Java HotSpot(TM) 64-Bit Server VM (25.60-b23) for windows-amd64 JRE (1.8.0_60-b27), built on Aug  4 2015 11:06:27 by "java_re" with MS VC++ 10.0 (VS2010)

time: Thu Apr 28 03:03:58 2016
elapsed time: 5 seconds (0d 0h 0m 5s)

