#
# There is insufficient memory for the Java Runtime Environment to continue.
# Native memory allocation (malloc) failed to allocate 32744 bytes for ChunkPool::allocate
# Possible reasons:
#   The system is out of physical RAM or swap space
#   In 32 bit mode, the process size limit was hit
# Possible solutions:
#   Reduce memory load on the system
#   Increase physical memory or swap space
#   Check if swap backing store is full
#   Use 64 bit Java on a 64 bit OS
#   Decrease Java heap size (-Xmx/-Xms)
#   Decrease number of Java threads
#   Decrease Java thread stack sizes (-Xss)
#   Set larger code cache with -XX:ReservedCodeCacheSize=
# This output file may be truncated or incomplete.
#
#  Out of Memory Error (allocation.cpp:273), pid=1160, tid=7020
#
# JRE version: Java(TM) SE Runtime Environment (8.0_60-b27) (build 1.8.0_60-b27)
# Java VM: Java HotSpot(TM) 64-Bit Server VM (25.60-b23 mixed mode windows-amd64 compressed oops)
# Failed to write core dump. Minidumps are not enabled by default on client versions of Windows
#

---------------  T H R E A D  ---------------

Current thread (0x0000000016f39800):  JavaThread "C2 CompilerThread0" daemon [_thread_in_native, id=7020, stack(0x0000000017510000,0x0000000017610000)]

Stack: [0x0000000017510000,0x0000000017610000]
[error occurred during error reporting (printing stack bounds), id 0xc0000005]

Native frames: (J=compiled Java code, j=interpreted, Vv=VM code, C=native code)


Current CompileTask:
C2:  12238 2633       4       com.android.dx.dex.cf.CfTranslator::translate0 (259 bytes)


---------------  P R O C E S S  ---------------

Java Threads: ( => current thread )
  0x0000000018161800 JavaThread "pool-2-thread-4" [_thread_in_Java, id=7800, stack(0x00000000196e0000,0x00000000197e0000)]
  0x0000000018160800 JavaThread "pool-2-thread-3" [_thread_in_Java, id=4512, stack(0x00000000195e0000,0x00000000196e0000)]
  0x0000000017d0d800 JavaThread "pool-2-thread-2" [_thread_in_Java, id=3536, stack(0x00000000194e0000,0x00000000195e0000)]
  0x000000001806a800 JavaThread "pool-3-thread-1" [_thread_blocked, id=4352, stack(0x00000000193e0000,0x00000000194e0000)]
  0x0000000017d2d800 JavaThread "pool-2-thread-1" [_thread_in_Java, id=8572, stack(0x00000000192e0000,0x00000000193e0000)]
  0x0000000016f52800 JavaThread "Service Thread" daemon [_thread_blocked, id=2376, stack(0x0000000017910000,0x0000000017a10000)]
  0x0000000016f44000 JavaThread "C1 CompilerThread3" daemon [_thread_blocked, id=5748, stack(0x0000000017810000,0x0000000017910000)]
  0x0000000016f41000 JavaThread "C2 CompilerThread2" daemon [_thread_in_native, id=7460, stack(0x0000000017710000,0x0000000017810000)]
  0x0000000016f3d000 JavaThread "C2 CompilerThread1" daemon [_thread_in_native, id=6988, stack(0x0000000017610000,0x0000000017710000)]
=>0x0000000016f39800 JavaThread "C2 CompilerThread0" daemon [_thread_in_native, id=7020, stack(0x0000000017510000,0x0000000017610000)]
  0x0000000016f38000 JavaThread "Attach Listener" daemon [_thread_blocked, id=1360, stack(0x0000000017410000,0x0000000017510000)]
  0x0000000016f36800 JavaThread "Signal Dispatcher" daemon [_thread_blocked, id=7700, stack(0x0000000017310000,0x0000000017410000)]
  0x0000000002314000 JavaThread "Finalizer" daemon [_thread_blocked, id=4244, stack(0x0000000016d30000,0x0000000016e30000)]
  0x0000000002313000 JavaThread "Reference Handler" daemon [_thread_blocked, id=6612, stack(0x0000000016c30000,0x0000000016d30000)]
  0x000000000221e000 JavaThread "main" [_thread_in_Java, id=6956, stack(0x0000000002060000,0x0000000002160000)]

Other Threads:
  0x0000000014e39000 VMThread [stack: 0x0000000016b30000,0x0000000016c30000] [id=8048]
  0x0000000016fbd000 WatcherThread [stack: 0x0000000017a10000,0x0000000017b10000] [id=8724]

VM state:not at safepoint (normal execution)

VM Mutex/Monitor currently owned by a thread: None

Heap:
 PSYoungGen      total 272896K, used 148228K [0x00000000eab00000, 0x00000000fc000000, 0x0000000100000000)
  eden space 262144K, 56% used [0x00000000eab00000,0x00000000f3bc1070,0x00000000fab00000)
  from space 10752K, 0% used [0x00000000fb580000,0x00000000fb580000,0x00000000fc000000)
  to   space 10752K, 0% used [0x00000000fab00000,0x00000000fab00000,0x00000000fb580000)
 ParOldGen       total 297984K, used 194895K [0x00000000c0000000, 0x00000000d2300000, 0x00000000eab00000)
  object space 297984K, 65% used [0x00000000c0000000,0x00000000cbe53f50,0x00000000d2300000)
 Metaspace       used 6542K, capacity 7256K, committed 7424K, reserved 1056768K
  class space    used 624K, capacity 656K, committed 768K, reserved 1048576K

Card table byte_map: [0x00000000116e0000,0x00000000118f0000] byte_map_base: 0x00000000110e0000

Marking Bits: (ParMarkBitMap*) 0x000000006523a5b0
 Begin Bits: [0x0000000012250000, 0x0000000013250000)
 End Bits:   [0x0000000013250000, 0x0000000014250000)

Polling page: 0x0000000001fc0000

CodeCache: size=245760Kb used=11581Kb max_used=11581Kb free=234178Kb
 bounds [0x0000000002320000, 0x0000000002e80000, 0x0000000011320000]
 total_blobs=2695 nmethods=2425 adapters=182
 compilation: enabled

Compilation events (10 events):
Event: 12.125 Thread 0x0000000016f44000 2628       3       com.android.dx.ssa.ConstCollector::getConstsSortedByCountUse (386 bytes)
Event: 12.130 Thread 0x0000000016f44000 nmethod 2628 0x0000000002e74750 code [0x0000000002e74d20, 0x0000000002e79068]
Event: 12.130 Thread 0x0000000016f44000 2629       3       com.android.dx.ssa.ConstCollector$1::compare (13 bytes)
Event: 12.130 Thread 0x0000000016f44000 nmethod 2629 0x0000000002e65110 code [0x0000000002e65280, 0x0000000002e655e8]
Event: 12.130 Thread 0x0000000016f44000 2630       3       com.android.dx.ssa.ConstCollector$1::compare (42 bytes)
Event: 12.131 Thread 0x0000000016f44000 nmethod 2630 0x0000000002e71a50 code [0x0000000002e71c40, 0x0000000002e72978]
Event: 12.139 Thread 0x0000000016f41000 2631   !   4       com.android.dx.cf.code.BytecodeArray::parseInstruction (2764 bytes)
Event: 12.155 Thread 0x0000000016f44000 2632       3       com.android.dx.cf.code.OneLocalsArray::makeInitialized (55 bytes)
Event: 12.155 Thread 0x0000000016f44000 nmethod 2632 0x0000000002e70ed0 code [0x0000000002e71080, 0x0000000002e71738]
Event: 12.227 Thread 0x0000000016f39800 2633       4       com.android.dx.dex.cf.CfTranslator::translate0 (259 bytes)

GC Heap History (10 events):
Event: 8.062 GC heap before
{Heap before GC invocations=4 (full 0):
 PSYoungGen      total 141824K, used 141821K [0x00000000eab00000, 0x00000000fc000000, 0x0000000100000000)
  eden space 131072K, 100% used [0x00000000eab00000,0x00000000f2b00000,0x00000000f2b00000)
  from space 10752K, 99% used [0x00000000f2b00000,0x00000000f357f7d0,0x00000000f3580000)
  to   space 10752K, 0% used [0x00000000fb580000,0x00000000fb580000,0x00000000fc000000)
 ParOldGen       total 175104K, used 25115K [0x00000000c0000000, 0x00000000cab00000, 0x00000000eab00000)
  object space 175104K, 14% used [0x00000000c0000000,0x00000000c1886ce8,0x00000000cab00000)
 Metaspace       used 6511K, capacity 7256K, committed 7424K, reserved 1056768K
  class space    used 623K, capacity 656K, committed 768K, reserved 1048576K
Event: 8.267 GC heap after
Heap after GC invocations=4 (full 0):
 PSYoungGen      total 272896K, used 10722K [0x00000000eab00000, 0x00000000fc000000, 0x0000000100000000)
  eden space 262144K, 0% used [0x00000000eab00000,0x00000000eab00000,0x00000000fab00000)
  from space 10752K, 99% used [0x00000000fb580000,0x00000000fbff8890,0x00000000fc000000)
  to   space 10752K, 0% used [0x00000000fab00000,0x00000000fab00000,0x00000000fb580000)
 ParOldGen       total 175104K, used 82084K [0x00000000c0000000, 0x00000000cab00000, 0x00000000eab00000)
  object space 175104K, 46% used [0x00000000c0000000,0x00000000c5029360,0x00000000cab00000)
 Metaspace       used 6511K, capacity 7256K, committed 7424K, reserved 1056768K
  class space    used 623K, capacity 656K, committed 768K, reserved 1048576K
}
Event: 9.259 GC heap before
{Heap before GC invocations=5 (full 0):
 PSYoungGen      total 272896K, used 272866K [0x00000000eab00000, 0x00000000fc000000, 0x0000000100000000)
  eden space 262144K, 100% used [0x00000000eab00000,0x00000000fab00000,0x00000000fab00000)
  from space 10752K, 99% used [0x00000000fb580000,0x00000000fbff8890,0x00000000fc000000)
  to   space 10752K, 0% used [0x00000000fab00000,0x00000000fab00000,0x00000000fb580000)
 ParOldGen       total 175104K, used 82084K [0x00000000c0000000, 0x00000000cab00000, 0x00000000eab00000)
  object space 175104K, 46% used [0x00000000c0000000,0x00000000c5029360,0x00000000cab00000)
 Metaspace       used 6528K, capacity 7256K, committed 7424K, reserved 1056768K
  class space    used 624K, capacity 656K, committed 768K, reserved 1048576K
Event: 9.365 GC heap after
Heap after GC invocations=5 (full 0):
 PSYoungGen      total 272896K, used 10729K [0x00000000eab00000, 0x00000000fc000000, 0x0000000100000000)
  eden space 262144K, 0% used [0x00000000eab00000,0x00000000eab00000,0x00000000fab00000)
  from space 10752K, 99% used [0x00000000fab00000,0x00000000fb57a5b0,0x00000000fb580000)
  to   space 10752K, 0% used [0x00000000fb580000,0x00000000fb580000,0x00000000fc000000)
 ParOldGen       total 175104K, used 158933K [0x00000000c0000000, 0x00000000cab00000, 0x00000000eab00000)
  object space 175104K, 90% used [0x00000000c0000000,0x00000000c9b356c0,0x00000000cab00000)
 Metaspace       used 6528K, capacity 7256K, committed 7424K, reserved 1056768K
  class space    used 624K, capacity 656K, committed 768K, reserved 1048576K
}
Event: 9.365 GC heap before
{Heap before GC invocations=6 (full 1):
 PSYoungGen      total 272896K, used 10729K [0x00000000eab00000, 0x00000000fc000000, 0x0000000100000000)
  eden space 262144K, 0% used [0x00000000eab00000,0x00000000eab00000,0x00000000fab00000)
  from space 10752K, 99% used [0x00000000fab00000,0x00000000fb57a5b0,0x00000000fb580000)
  to   space 10752K, 0% used [0x00000000fb580000,0x00000000fb580000,0x00000000fc000000)
 ParOldGen       total 175104K, used 158933K [0x00000000c0000000, 0x00000000cab00000, 0x00000000eab00000)
  object space 175104K, 90% used [0x00000000c0000000,0x00000000c9b356c0,0x00000000cab00000)
 Metaspace       used 6528K, capacity 7256K, committed 7424K, reserved 1056768K
  class space    used 624K, capacity 656K, committed 768K, reserved 1048576K
Event: 9.829 GC heap after
Heap after GC invocations=6 (full 1):
 PSYoungGen      total 272896K, used 0K [0x00000000eab00000, 0x00000000fc000000, 0x0000000100000000)
  eden space 262144K, 0% used [0x00000000eab00000,0x00000000eab00000,0x00000000fab00000)
  from space 10752K, 0% used [0x00000000fab00000,0x00000000fab00000,0x00000000fb580000)
  to   space 10752K, 0% used [0x00000000fb580000,0x00000000fb580000,0x00000000fc000000)
 ParOldGen       total 297984K, used 117188K [0x00000000c0000000, 0x00000000d2300000, 0x00000000eab00000)
  object space 297984K, 39% used [0x00000000c0000000,0x00000000c7271048,0x00000000d2300000)
 Metaspace       used 6528K, capacity 7256K, committed 7424K, reserved 1056768K
  class space    used 624K, capacity 656K, committed 768K, reserved 1048576K
}
Event: 10.667 GC heap before
{Heap before GC invocations=7 (full 1):
 PSYoungGen      total 272896K, used 262144K [0x00000000eab00000, 0x00000000fc000000, 0x0000000100000000)
  eden space 262144K, 100% used [0x00000000eab00000,0x00000000fab00000,0x00000000fab00000)
  from space 10752K, 0% used [0x00000000fab00000,0x00000000fab00000,0x00000000fb580000)
  to   space 10752K, 0% used [0x00000000fb580000,0x00000000fb580000,0x00000000fc000000)
 ParOldGen       total 297984K, used 117188K [0x00000000c0000000, 0x00000000d2300000, 0x00000000eab00000)
  object space 297984K, 39% used [0x00000000c0000000,0x00000000c7271048,0x00000000d2300000)
 Metaspace       used 6536K, capacity 7256K, committed 7424K, reserved 1056768K
  class space    used 624K, capacity 656K, committed 768K, reserved 1048576K
Event: 10.733 GC heap after
Heap after GC invocations=7 (full 1):
 PSYoungGen      total 272896K, used 10745K [0x00000000eab00000, 0x00000000fc000000, 0x0000000100000000)
  eden space 262144K, 0% used [0x00000000eab00000,0x00000000eab00000,0x00000000fab00000)
  from space 10752K, 99% used [0x00000000fb580000,0x00000000fbffe6b0,0x00000000fc000000)
  to   space 10752K, 0% used [0x00000000fab00000,0x00000000fab00000,0x00000000fb580000)
 ParOldGen       total 297984K, used 193316K [0x00000000c0000000, 0x00000000d2300000, 0x00000000eab00000)
  object space 297984K, 64% used [0x00000000c0000000,0x00000000cbcc9260,0x00000000d2300000)
 Metaspace       used 6536K, capacity 7256K, committed 7424K, reserved 1056768K
  class space    used 624K, capacity 656K, committed 768K, reserved 1048576K
}
Event: 10.733 GC heap before
{Heap before GC invocations=8 (full 2):
 PSYoungGen      total 272896K, used 10745K [0x00000000eab00000, 0x00000000fc000000, 0x0000000100000000)
  eden space 262144K, 0% used [0x00000000eab00000,0x00000000eab00000,0x00000000fab00000)
  from space 10752K, 99% used [0x00000000fb580000,0x00000000fbffe6b0,0x00000000fc000000)
  to   space 10752K, 0% used [0x00000000fab00000,0x00000000fab00000,0x00000000fb580000)
 ParOldGen       total 297984K, used 193316K [0x00000000c0000000, 0x00000000d2300000, 0x00000000eab00000)
  object space 297984K, 64% used [0x00000000c0000000,0x00000000cbcc9260,0x00000000d2300000)
 Metaspace       used 6536K, capacity 7256K, committed 7424K, reserved 1056768K
  class space    used 624K, capacity 656K, committed 768K, reserved 1048576K
Event: 11.621 GC heap after
Heap after GC invocations=8 (full 2):
 PSYoungGen      total 272896K, used 0K [0x00000000eab00000, 0x00000000fc000000, 0x0000000100000000)
  eden space 262144K, 0% used [0x00000000eab00000,0x00000000eab00000,0x00000000fab00000)
  from space 10752K, 0% used [0x00000000fb580000,0x00000000fb580000,0x00000000fc000000)
  to   space 10752K, 0% used [0x00000000fab00000,0x00000000fab00000,0x00000000fb580000)
 ParOldGen       total 297984K, used 194895K [0x00000000c0000000, 0x00000000d2300000, 0x00000000eab00000)
  object space 297984K, 65% used [0x00000000c0000000,0x00000000cbe53f50,0x00000000d2300000)
 Metaspace       used 6536K, capacity 7256K, committed 7424K, reserved 1056768K
  class space    used 624K, capacity 656K, committed 768K, reserved 1048576K
}

Deoptimization events (10 events):
Event: 8.929 Thread 0x0000000017d0d800 Uncommon trap: reason=class_check action=maybe_recompile pc=0x0000000002b0b730 method=com.android.dx.ssa.back.InterferenceGraph.mergeInterferenceSet(ILcom/android/dx/util/IntSet;)V @ 20
Event: 8.939 Thread 0x0000000017d0d800 Uncommon trap: reason=class_check action=maybe_recompile pc=0x0000000002b0b730 method=com.android.dx.ssa.back.InterferenceGraph.mergeInterferenceSet(ILcom/android/dx/util/IntSet;)V @ 20
Event: 10.057 Thread 0x000000000221e000 Uncommon trap: reason=speculate_class_check action=maybe_recompile pc=0x0000000002b83d24 method=com.android.dx.rop.cst.TypedConstant.getBasicType()I @ 1
Event: 10.090 Thread 0x000000000221e000 Uncommon trap: reason=unstable_if action=reinterpret pc=0x0000000002bb04b4 method=com.android.dx.cf.code.Merger.mergeStack(Lcom/android/dx/cf/code/ExecutionStack;Lcom/android/dx/cf/code/ExecutionStack;)Lcom/android/dx/cf/code/ExecutionStack; @ 2
Event: 10.343 Thread 0x000000000221e000 Uncommon trap: reason=speculate_class_check action=maybe_recompile pc=0x0000000002b83d24 method=com.android.dx.rop.cst.TypedConstant.getBasicType()I @ 1
Event: 12.079 Thread 0x000000000221e000 Uncommon trap: reason=unstable_if action=reinterpret pc=0x0000000002d4ecc8 method=java.util.HashMap.putVal(ILjava/lang/Object;Ljava/lang/Object;ZZ)Ljava/lang/Object; @ 94
Event: 12.081 Thread 0x000000000221e000 Uncommon trap: reason=unstable_if action=reinterpret pc=0x0000000002e039a8 method=java.util.HashMap.putVal(ILjava/lang/Object;Ljava/lang/Object;ZZ)Ljava/lang/Object; @ 94
Event: 12.138 Thread 0x000000000221e000 Uncommon trap: reason=bimorphic action=maybe_recompile pc=0x0000000002dab374 method=com.android.dx.cf.code.BytecodeArray.parseInstruction(ILcom/android/dx/cf/code/BytecodeArray$Visitor;)I @ 1597
Event: 12.138 Thread 0x000000000221e000 Uncommon trap: reason=bimorphic action=maybe_recompile pc=0x0000000002dac794 method=com.android.dx.cf.code.BytecodeArray.parseInstruction(ILcom/android/dx/cf/code/BytecodeArray$Visitor;)I @ 1357
Event: 12.138 Thread 0x000000000221e000 Uncommon trap: reason=bimorphic action=maybe_recompile pc=0x0000000002dab374 method=com.android.dx.cf.code.BytecodeArray.parseInstruction(ILcom/android/dx/cf/code/BytecodeArray$Visitor;)I @ 1597

Internal exceptions (6 events):
Event: 0.776 Thread 0x000000000221e000 Exception <a 'java/lang/NoSuchMethodError': Method sun.misc.Unsafe.defineClass(Ljava/lang/String;[BII)Ljava/lang/Class; name or signature does not match> (0x00000000eab130b0) thrown at [C:\re\workspace\8-2-build-windows-amd64-cygwin\jdk8u60\4407\hotspot\sr¿0$mØè?
Event: 0.776 Thread 0x000000000221e000 Exception <a 'java/lang/NoSuchMethodError': Method sun.misc.Unsafe.prefetchRead(Ljava/lang/Object;J)V name or signature does not match> (0x00000000eab13398) thrown at [C:\re\workspace\8-2-build-windows-amd64-cygwin\jdk8u60\4407\hotspot\src\share\vm\prims\jµ+Z~åû?
Event: 1.744 Thread 0x000000000221e000 Implicit null exception at 0x00000000025c73a2 to 0x00000000025c7492
Event: 2.713 Thread 0x0000000018161800 Exception <a 'java/lang/ArrayIndexOutOfBoundsException': 18> (0x00000000eb037020) thrown at [C:\re\workspace\8-2-build-windows-amd64-cygwin\jdk8u60\4407\hotspot\src\share\vm\interpreter\interpreterRuntime.cpp, line 366]
Event: 2.713 Thread 0x0000000018161800 Exception <a 'java/lang/ArrayIndexOutOfBoundsException'> (0x00000000eb038ba0) thrown at [C:\re\workspace\8-2-build-windows-amd64-cygwin\jdk8u60\4407\hotspot\src\share\vm\runtime\sharedRuntime.cpp, line 605]
Event: 2.715 Thread 0x0000000018161800 Exception <a 'java/lang/ArrayIndexOutOfBoundsException'> (0x00000000eb039e88) thrown at [C:\re\workspace\8-2-build-windows-amd64-cygwin\jdk8u60\4407\hotspot\src\share\vm\runtime\sharedRuntime.cpp, line 605]

Events (10 events):
Event: 12.138 Thread 0x000000000221e000 DEOPT PACKING pc=0x0000000002dab374 sp=0x000000000215e450
Event: 12.138 Thread 0x000000000221e000 DEOPT UNPACKING pc=0x000000000236582a sp=0x000000000215e3d0 mode 2
Event: 12.138 Thread 0x000000000221e000 Uncommon trap: trap_request=0xffffffc6 fr.pc=0x0000000002dac794
Event: 12.138 Thread 0x000000000221e000 DEOPT PACKING pc=0x0000000002dac794 sp=0x000000000215e450
Event: 12.138 Thread 0x000000000221e000 DEOPT UNPACKING pc=0x000000000236582a sp=0x000000000215e3d0 mode 2
Event: 12.138 Thread 0x000000000221e000 Uncommon trap: trap_request=0xffffffc6 fr.pc=0x0000000002dab374
Event: 12.138 Thread 0x000000000221e000 DEOPT PACKING pc=0x0000000002dab374 sp=0x000000000215e290
Event: 12.138 Thread 0x000000000221e000 DEOPT UNPACKING pc=0x000000000236582a sp=0x000000000215e210 mode 2
Event: 12.227 Thread 0x000000000221e000 DEOPT PACKING pc=0x00000000029cd5fe sp=0x000000000215eb00
Event: 12.227 Thread 0x000000000221e000 DEOPT UNPACKING pc=0x000000000236787f sp=0x000000000215e8e0 mode 0


Dynamic libraries:
0x00007ff68ae30000 - 0x00007ff68ae67000 	C:\Program Files\Java\jdk1.8.0_60\bin\java.exe
0x00007fff18220000 - 0x00007fff183e1000 	C:\WINDOWS\SYSTEM32\ntdll.dll
0x00007fff175b0000 - 0x00007fff1765d000 	C:\WINDOWS\system32\KERNEL32.DLL
0x00007fff148d0000 - 0x00007fff14ab8000 	C:\WINDOWS\system32\KERNELBASE.dll
0x00007fff16b90000 - 0x00007fff16c37000 	C:\WINDOWS\system32\ADVAPI32.dll
0x00007fff16fd0000 - 0x00007fff1706d000 	C:\WINDOWS\system32\msvcrt.dll
0x00007fff17860000 - 0x00007fff178bb000 	C:\WINDOWS\system32\sechost.dll
0x00007fff16ea0000 - 0x00007fff16fbc000 	C:\WINDOWS\system32\RPCRT4.dll
0x00007fff17660000 - 0x00007fff177b6000 	C:\WINDOWS\system32\USER32.dll
0x00007fff16ca0000 - 0x00007fff16e26000 	C:\WINDOWS\system32\GDI32.dll
0x00007fff0f5c0000 - 0x00007fff0f834000 	C:\WINDOWS\WinSxS\amd64_microsoft.windows.common-controls_6595b64144ccf1df_6.0.10586.0_none_8c15ae12515e1c22\COMCTL32.dll
0x00007fff17070000 - 0x00007fff172ed000 	C:\WINDOWS\system32\combase.dll
0x00007fff14ac0000 - 0x00007fff14b2a000 	C:\WINDOWS\system32\bcryptPrimitives.dll
0x00007fff17820000 - 0x00007fff1785b000 	C:\WINDOWS\system32\IMM32.DLL
0x0000000062ff0000 - 0x00000000630c2000 	C:\Program Files\Java\jdk1.8.0_60\jre\bin\msvcr100.dll
0x0000000064a30000 - 0x00000000652b9000 	C:\Program Files\Java\jdk1.8.0_60\jre\bin\server\jvm.dll
0x00007fff16fc0000 - 0x00007fff16fc8000 	C:\WINDOWS\system32\PSAPI.DLL
0x00007fff10510000 - 0x00007fff10519000 	C:\WINDOWS\SYSTEM32\WSOCK32.dll
0x00007fff16e30000 - 0x00007fff16e9b000 	C:\WINDOWS\system32\WS2_32.dll
0x00007fff12d50000 - 0x00007fff12d73000 	C:\WINDOWS\SYSTEM32\WINMM.dll
0x00007fff100a0000 - 0x00007fff100aa000 	C:\WINDOWS\SYSTEM32\VERSION.dll
0x00007fff12cd0000 - 0x00007fff12cfc000 	C:\WINDOWS\SYSTEM32\WINMMBASE.dll
0x00007fff14c10000 - 0x00007fff14c53000 	C:\WINDOWS\system32\cfgmgr32.dll
0x0000000064a20000 - 0x0000000064a2f000 	C:\Program Files\Java\jdk1.8.0_60\jre\bin\verify.dll
0x00000000649f0000 - 0x0000000064a19000 	C:\Program Files\Java\jdk1.8.0_60\jre\bin\java.dll
0x00000000649d0000 - 0x00000000649e6000 	C:\Program Files\Java\jdk1.8.0_60\jre\bin\zip.dll
0x00007fff15620000 - 0x00007fff16b7c000 	C:\WINDOWS\system32\SHELL32.dll
0x00007fff14d50000 - 0x00007fff15395000 	C:\WINDOWS\system32\windows.storage.dll
0x00007fff177c0000 - 0x00007fff17812000 	C:\WINDOWS\system32\shlwapi.dll
0x00007fff14870000 - 0x00007fff1487f000 	C:\WINDOWS\system32\kernel.appcore.dll
0x00007fff14b50000 - 0x00007fff14c05000 	C:\WINDOWS\system32\shcore.dll
0x00007fff14880000 - 0x00007fff148cb000 	C:\WINDOWS\system32\powrprof.dll
0x00007fff14840000 - 0x00007fff14854000 	C:\WINDOWS\system32\profapi.dll

VM Arguments:
jvm_args: -Djava.awt.headless=true -Xmx1024M -Dfile.encoding=windows-1251 -Duser.country=US -Duser.language=en -Duser.variant 
java_command: com.android.dx.command.Main --dex --force-jumbo --num-threads=4 --multi-dex --output D:\Aleks\OneDrive\ComputerScience\AndroidStudioProjects\EmergencyApp\app\build\intermediates\transforms\dex\debug\folders\1000\10\com.google.android.gms-play-services-ads-8.4.0_19fb166c5af8a971a399a2b8226d7be1bc6154ab D:\Aleks\OneDrive\ComputerScience\AndroidStudioProjects\EmergencyApp\app\build\intermediates\exploded-aar\com.google.android.gms\play-services-ads\8.4.0\jars\classes.jar
java_class_path (initial): C:\Users\Aleks\AppData\Local\Android\sdk\build-tools\23.0.2\lib\dx.jar
Launcher Type: SUN_STANDARD

Environment Variables:
PATH=C:\Program Files (x86)\Python 3.5\Scripts\;C:\Program Files (x86)\Python 3.5\;C:\ProgramData\Oracle\Java\javapath;C:\Program Files (x86)\Intel\iCLS Client\;C:\Program Files\Intel\iCLS Client\;C:\Windows\system32;C:\Windows;C:\Windows\System32\Wbem;C:\Windows\System32\WindowsPowerShell\v1.0\;C:\Program Files (x86)\Intel\Intel(R) Management Engine Components\DAL;C:\Program Files\Intel\Intel(R) Management Engine Components\DAL;C:\Program Files (x86)\Intel\Intel(R) Management Engine Components\IPT;C:\Program Files\Intel\Intel(R) Management Engine Components\IPT;C:\Program Files (x86)\NVIDIA Corporation\PhysX\Common;C:\Program Files\Microsoft DNX\Dnvm\;C:\Program Files (x86)\Windows Kits\8.1\Windows Performance Toolkit\;C:\Program Files\Microsoft SQL Server\120\Tools\Binn\;C:\Program Files\Microsoft\Web Platform Installer\;C:\Program Files\Microsoft SQL Server\110\Tools\Binn\;C:\Program Files (x86)\MySQL\MySQL Fabric 1.5 & MySQL Utilities 1.5\;C:\Program Files (x86)\MySQL\MySQL Fabric 1.5 & MySQL Utilities 1.5\Doctrine extensions for PHP\;C:\Program Files\Microsoft SQL Server\Client SDK\ODBC\110\Tools\Binn\;C:\Program Files (x86)\Microsoft SQL Server\120\Tools\Binn\;C:\Program Files\Microsoft SQL Server\120\DTS\Binn\;C:\Program Files (x86)\Microsoft SQL Server\120\Tools\Binn\ManagementStudio\;C:\Program Files (x86)\Microsoft SQL Server\120\DTS\Binn\;C:\WINDOWS\system32;C:\WINDOWS;C:\WINDOWS\System32\Wbem;C:\WINDOWS\System32\WindowsPowerShell\v1.0\;C:\Program Files (x86)\Skype\Phone\;C:\Program Files\Microsoft SQL Server\130\Tools\Binn\;C:\Program Files\Git\cmd
USERNAME=Aleks
OS=Windows_NT
PROCESSOR_IDENTIFIER=Intel64 Family 6 Model 58 Stepping 9, GenuineIntel



---------------  S Y S T E M  ---------------

OS: Windows 10.0 , 64 bit Build 10586 (10.0.10586.0)

CPU:total 8 (4 cores per cpu, 2 threads per core) family 6 model 58 stepping 9, cmov, cx8, fxsr, mmx, sse, sse2, sse3, ssse3, sse4.1, sse4.2, popcnt, avx, aes, clmul, erms, ht, tsc, tscinvbit, tscinv

Memory: 4k page, physical 16729064k(847824k free), swap 17777640k(5432k free)

vm_info: Java HotSpot(TM) 64-Bit Server VM (25.60-b23) for windows-amd64 JRE (1.8.0_60-b27), built on Aug  4 2015 11:06:27 by "java_re" with MS VC++ 10.0 (VS2010)

time: Thu Apr 28 03:04:10 2016
elapsed time: 12 seconds (0d 0h 0m 12s)

