#
# There is insufficient memory for the Java Runtime Environment to continue.
# Native memory allocation (malloc) failed to allocate 1920896 bytes for Chunk::new
# Possible reasons:
#   The system is out of physical RAM or swap space
#   In 32 bit mode, the process size limit was hit
# Possible solutions:
#   Reduce memory load on the system
#   Increase physical memory or swap space
#   Check if swap backing store is full
#   Use 64 bit Java on a 64 bit OS
#   Decrease Java heap size (-Xmx/-Xms)
#   Decrease number of Java threads
#   Decrease Java thread stack sizes (-Xss)
#   Set larger code cache with -XX:ReservedCodeCacheSize=
# This output file may be truncated or incomplete.
#
#  Out of Memory Error (allocation.cpp:390), pid=9440, tid=5552
#
# JRE version: Java(TM) SE Runtime Environment (8.0_60-b27) (build 1.8.0_60-b27)
# Java VM: Java HotSpot(TM) 64-Bit Server VM (25.60-b23 mixed mode windows-amd64 compressed oops)
# Failed to write core dump. Minidumps are not enabled by default on client versions of Windows
#

---------------  T H R E A D  ---------------

Current thread (0x0000000016f21000):  JavaThread "C2 CompilerThread2" daemon [_thread_in_native, id=5552, stack(0x00000000176f0000,0x00000000177f0000)]

Stack: [0x00000000176f0000,0x00000000177f0000]
[error occurred during error reporting (printing stack bounds), id 0xc0000005]

Native frames: (J=compiled Java code, j=interpreted, Vv=VM code, C=native code)


Current CompileTask:
C2:   2131 1201   !   4       com.android.dx.cf.cst.ConstantPoolParser::parse0 (731 bytes)


---------------  P R O C E S S  ---------------

Java Threads: ( => current thread )
  0x00000000171d4800 JavaThread "pool-1-thread-1" [_thread_new, id=10044, stack(0x0000000000000000,0x0000000000000000)]
  0x0000000016f32800 JavaThread "Service Thread" daemon [_thread_blocked, id=9932, stack(0x00000000178f0000,0x00000000179f0000)]
  0x0000000016f24000 JavaThread "C1 CompilerThread3" daemon [_thread_blocked, id=6376, stack(0x00000000177f0000,0x00000000178f0000)]
=>0x0000000016f21000 JavaThread "C2 CompilerThread2" daemon [_thread_in_native, id=5552, stack(0x00000000176f0000,0x00000000177f0000)]
  0x0000000016f1d000 JavaThread "C2 CompilerThread1" daemon [_thread_blocked, id=9976, stack(0x00000000175f0000,0x00000000176f0000)]
  0x0000000016f19800 JavaThread "C2 CompilerThread0" daemon [_thread_in_native, id=7388, stack(0x00000000174f0000,0x00000000175f0000)]
  0x0000000016f18000 JavaThread "Attach Listener" daemon [_thread_blocked, id=6856, stack(0x00000000173f0000,0x00000000174f0000)]
  0x0000000016f16800 JavaThread "Signal Dispatcher" daemon [_thread_blocked, id=5784, stack(0x00000000172f0000,0x00000000173f0000)]
  0x00000000022f4000 JavaThread "Finalizer" daemon [_thread_blocked, id=6880, stack(0x0000000016d10000,0x0000000016e10000)]
  0x00000000022f3000 JavaThread "Reference Handler" daemon [_thread_blocked, id=376, stack(0x0000000016c10000,0x0000000016d10000)]
  0x00000000020fe000 JavaThread "main" [_thread_blocked, id=5072, stack(0x0000000002100000,0x0000000002200000)]

Other Threads:
  0x0000000014e19000 VMThread [stack: 0x0000000016b10000,0x0000000016c10000] [id=9080]
  0x0000000016f4e800 WatcherThread [stack: 0x00000000179f0000,0x0000000017af0000] [id=5008]

VM state:not at safepoint (normal execution)

VM Mutex/Monitor currently owned by a thread: None

Heap:
 PSYoungGen      total 76288K, used 49820K [0x00000000eab00000, 0x00000000f0000000, 0x0000000100000000)
  eden space 65536K, 76% used [0x00000000eab00000,0x00000000edba70b8,0x00000000eeb00000)
  from space 10752K, 0% used [0x00000000ef580000,0x00000000ef580000,0x00000000f0000000)
  to   space 10752K, 0% used [0x00000000eeb00000,0x00000000eeb00000,0x00000000ef580000)
 ParOldGen       total 175104K, used 0K [0x00000000c0000000, 0x00000000cab00000, 0x00000000eab00000)
  object space 175104K, 0% used [0x00000000c0000000,0x00000000c0000000,0x00000000cab00000)
 Metaspace       used 6038K, capacity 6962K, committed 7040K, reserved 1056768K
  class space    used 600K, capacity 618K, committed 640K, reserved 1048576K

Card table byte_map: [0x00000000116c0000,0x00000000118d0000] byte_map_base: 0x00000000110c0000

Marking Bits: (ParMarkBitMap*) 0x000000006523a5b0
 Begin Bits: [0x0000000012230000, 0x0000000013230000)
 End Bits:   [0x0000000013230000, 0x0000000014230000)

Polling page: 0x0000000000930000

CodeCache: size=245760Kb used=5404Kb max_used=5416Kb free=240355Kb
 bounds [0x0000000002300000, 0x0000000002850000, 0x0000000011300000]
 total_blobs=1593 nmethods=1324 adapters=182
 compilation: enabled

Compilation events (10 events):
Event: 2.080 Thread 0x0000000016f1d000 1317       4       com.android.dx.rop.code.Rop::hashCode (54 bytes)
Event: 2.096 Thread 0x0000000016f24000 1328       3       java.util.concurrent.locks.AbstractQueuedSynchronizer::compareAndSetWaitStatus (13 bytes)
Event: 2.096 Thread 0x0000000016f24000 nmethod 1328 0x0000000002830dd0 code [0x0000000002830f20, 0x0000000002831070]
Event: 2.096 Thread 0x0000000016f24000 1329       3       java.util.concurrent.locks.AbstractQueuedSynchronizer::setState (6 bytes)
Event: 2.096 Thread 0x0000000016f24000 nmethod 1329 0x0000000002849a10 code [0x0000000002849b60, 0x0000000002849cb0]
Event: 2.096 Thread 0x0000000016f24000 1330       3       java.util.concurrent.locks.AbstractQueuedSynchronizer::compareAndSetState (13 bytes)
Event: 2.097 Thread 0x0000000016f24000 nmethod 1330 0x00000000028496d0 code [0x0000000002849820, 0x0000000002849990]
Event: 2.097 Thread 0x0000000016f1d000 nmethod 1317 0x0000000002848790 code [0x0000000002848900, 0x0000000002849018]
Event: 2.097 Thread 0x0000000016f1d000 1324       4       com.android.dx.ssa.SetFactory::makeInterferenceSet (26 bytes)
Event: 2.099 Thread 0x0000000016f1d000 nmethod 1324 0x000000000284cd90 code [0x000000000284cee0, 0x000000000284d078]

GC Heap History (0 events):
No events

Deoptimization events (5 events):
Event: 1.428 Thread 0x00000000171d7000 Uncommon trap: reason=unstable_if action=reinterpret pc=0x00000000025012f0 method=java.util.BitSet.nextSetBit(I)I @ 87
Event: 1.636 Thread 0x0000000017136800 Uncommon trap: reason=unstable_if action=reinterpret pc=0x000000000264c75c method=com.android.dx.ssa.SsaMethod.updateOneDefinition(Lcom/android/dx/ssa/SsaInsn;Lcom/android/dx/rop/code/RegisterSpec;)V @ 4
Event: 1.872 Thread 0x0000000017136800 Uncommon trap: reason=uninitialized action=reinterpret pc=0x0000000002774d0c method=com.android.dx.cf.code.BytecodeArray.parseInstruction(ILcom/android/dx/cf/code/BytecodeArray$Visitor;)I @ 1079
Event: 1.873 Thread 0x0000000017136800 Uncommon trap: reason=class_check action=maybe_recompile pc=0x00000000026a0710 method=java.util.HashMap.putVal(ILjava/lang/Object;Ljava/lang/Object;ZZ)Ljava/lang/Object; @ 203
Event: 1.898 Thread 0x0000000017198800 Uncommon trap: reason=unstable_if action=reinterpret pc=0x000000000252b79c method=com.android.dx.rop.cst.Constant.compareTo(Lcom/android/dx/rop/cst/Constant;)I @ 12

Internal exceptions (2 events):
Event: 0.878 Thread 0x00000000020fe000 Exception <a 'java/lang/NoSuchMethodError': Method sun.misc.Unsafe.defineClass(Ljava/lang/String;[BII)Ljava/lang/Class; name or signature does not match> (0x00000000eab130b0) thrown at [C:\re\workspace\8-2-build-windows-amd64-cygwin\jdk8u60\4407\hotspot\sr5TWÝ­ì?
Event: 0.878 Thread 0x00000000020fe000 Exception <a 'java/lang/NoSuchMethodError': Method sun.misc.Unsafe.prefetchRead(Ljava/lang/Object;J)V name or signature does not match> (0x00000000eab13398) thrown at [C:\re\workspace\8-2-build-windows-amd64-cygwin\jdk8u60\4407\hotspot\src\share\vm\prims\j

Events (10 events):
Event: 1.938 loading class java/util/HashMap$KeyIterator
Event: 1.938 loading class java/util/HashMap$KeyIterator done
Event: 1.991 Thread 0x0000000017195800 Thread exited: 0x0000000017195800
Event: 1.991 Thread 0x00000000171d7000 Thread exited: 0x00000000171d7000
Event: 2.066 Thread 0x0000000017136800 Thread exited: 0x0000000017136800
Event: 2.096 Thread 0x0000000017198800 Thread exited: 0x0000000017198800
Event: 2.096 Thread 0x00000000171d4800 Thread exited: 0x00000000171d4800
Event: 2.096 loading class com/android/dx/command/dexer/Main$DexWriter
Event: 2.096 loading class com/android/dx/command/dexer/Main$DexWriter done
Event: 2.097 Thread 0x00000000171d4800 Thread added: 0x00000000171d4800


Dynamic libraries:
0x00007ff68ae30000 - 0x00007ff68ae67000 	C:\Program Files\Java\jdk1.8.0_60\bin\java.exe
0x00007fff18220000 - 0x00007fff183e1000 	C:\WINDOWS\SYSTEM32\ntdll.dll
0x00007fff175b0000 - 0x00007fff1765d000 	C:\WINDOWS\system32\KERNEL32.DLL
0x00007fff148d0000 - 0x00007fff14ab8000 	C:\WINDOWS\system32\KERNELBASE.dll
0x00007fff16b90000 - 0x00007fff16c37000 	C:\WINDOWS\system32\ADVAPI32.dll
0x00007fff16fd0000 - 0x00007fff1706d000 	C:\WINDOWS\system32\msvcrt.dll
0x00007fff17860000 - 0x00007fff178bb000 	C:\WINDOWS\system32\sechost.dll
0x00007fff16ea0000 - 0x00007fff16fbc000 	C:\WINDOWS\system32\RPCRT4.dll
0x00007fff17660000 - 0x00007fff177b6000 	C:\WINDOWS\system32\USER32.dll
0x00007fff16ca0000 - 0x00007fff16e26000 	C:\WINDOWS\system32\GDI32.dll
0x00007fff0f5c0000 - 0x00007fff0f834000 	C:\WINDOWS\WinSxS\amd64_microsoft.windows.common-controls_6595b64144ccf1df_6.0.10586.0_none_8c15ae12515e1c22\COMCTL32.dll
0x00007fff17070000 - 0x00007fff172ed000 	C:\WINDOWS\system32\combase.dll
0x00007fff14ac0000 - 0x00007fff14b2a000 	C:\WINDOWS\system32\bcryptPrimitives.dll
0x00007fff17820000 - 0x00007fff1785b000 	C:\WINDOWS\system32\IMM32.DLL
0x0000000062ff0000 - 0x00000000630c2000 	C:\Program Files\Java\jdk1.8.0_60\jre\bin\msvcr100.dll
0x0000000064a30000 - 0x00000000652b9000 	C:\Program Files\Java\jdk1.8.0_60\jre\bin\server\jvm.dll
0x00007fff16fc0000 - 0x00007fff16fc8000 	C:\WINDOWS\system32\PSAPI.DLL
0x00007fff10510000 - 0x00007fff10519000 	C:\WINDOWS\SYSTEM32\WSOCK32.dll
0x00007fff16e30000 - 0x00007fff16e9b000 	C:\WINDOWS\system32\WS2_32.dll
0x00007fff12d50000 - 0x00007fff12d73000 	C:\WINDOWS\SYSTEM32\WINMM.dll
0x00007fff100a0000 - 0x00007fff100aa000 	C:\WINDOWS\SYSTEM32\VERSION.dll
0x00007fff12cd0000 - 0x00007fff12cfc000 	C:\WINDOWS\SYSTEM32\WINMMBASE.dll
0x00007fff14c10000 - 0x00007fff14c53000 	C:\WINDOWS\system32\cfgmgr32.dll
0x0000000064a20000 - 0x0000000064a2f000 	C:\Program Files\Java\jdk1.8.0_60\jre\bin\verify.dll
0x00000000649f0000 - 0x0000000064a19000 	C:\Program Files\Java\jdk1.8.0_60\jre\bin\java.dll
0x00000000649d0000 - 0x00000000649e6000 	C:\Program Files\Java\jdk1.8.0_60\jre\bin\zip.dll
0x00007fff15620000 - 0x00007fff16b7c000 	C:\WINDOWS\system32\SHELL32.dll
0x00007fff14d50000 - 0x00007fff15395000 	C:\WINDOWS\system32\windows.storage.dll
0x00007fff177c0000 - 0x00007fff17812000 	C:\WINDOWS\system32\shlwapi.dll
0x00007fff14870000 - 0x00007fff1487f000 	C:\WINDOWS\system32\kernel.appcore.dll
0x00007fff14b50000 - 0x00007fff14c05000 	C:\WINDOWS\system32\shcore.dll
0x00007fff14880000 - 0x00007fff148cb000 	C:\WINDOWS\system32\powrprof.dll
0x00007fff14840000 - 0x00007fff14854000 	C:\WINDOWS\system32\profapi.dll

VM Arguments:
jvm_args: -Djava.awt.headless=true -Xmx1024M -Dfile.encoding=windows-1251 -Duser.country=US -Duser.language=en -Duser.variant 
java_command: com.android.dx.command.Main --dex --force-jumbo --num-threads=4 --multi-dex --output D:\Aleks\OneDrive\ComputerScience\AndroidStudioProjects\EmergencyApp\app\build\intermediates\transforms\dex\debug\folders\1000\10\com.google.android.gms-play-services-appindexing-8.4.0_a5ffdff3af5e0f6e3ad1196e3738e912e333b741 D:\Aleks\OneDrive\ComputerScience\AndroidStudioProjects\EmergencyApp\app\build\intermediates\exploded-aar\com.google.android.gms\play-services-appindexing\8.4.0\jars\classes.jar
java_class_path (initial): C:\Users\Aleks\AppData\Local\Android\sdk\build-tools\23.0.2\lib\dx.jar
Launcher Type: SUN_STANDARD

Environment Variables:
PATH=C:\Program Files (x86)\Python 3.5\Scripts\;C:\Program Files (x86)\Python 3.5\;C:\ProgramData\Oracle\Java\javapath;C:\Program Files (x86)\Intel\iCLS Client\;C:\Program Files\Intel\iCLS Client\;C:\Windows\system32;C:\Windows;C:\Windows\System32\Wbem;C:\Windows\System32\WindowsPowerShell\v1.0\;C:\Program Files (x86)\Intel\Intel(R) Management Engine Components\DAL;C:\Program Files\Intel\Intel(R) Management Engine Components\DAL;C:\Program Files (x86)\Intel\Intel(R) Management Engine Components\IPT;C:\Program Files\Intel\Intel(R) Management Engine Components\IPT;C:\Program Files (x86)\NVIDIA Corporation\PhysX\Common;C:\Program Files\Microsoft DNX\Dnvm\;C:\Program Files (x86)\Windows Kits\8.1\Windows Performance Toolkit\;C:\Program Files\Microsoft SQL Server\120\Tools\Binn\;C:\Program Files\Microsoft\Web Platform Installer\;C:\Program Files\Microsoft SQL Server\110\Tools\Binn\;C:\Program Files (x86)\MySQL\MySQL Fabric 1.5 & MySQL Utilities 1.5\;C:\Program Files (x86)\MySQL\MySQL Fabric 1.5 & MySQL Utilities 1.5\Doctrine extensions for PHP\;C:\Program Files\Microsoft SQL Server\Client SDK\ODBC\110\Tools\Binn\;C:\Program Files (x86)\Microsoft SQL Server\120\Tools\Binn\;C:\Program Files\Microsoft SQL Server\120\DTS\Binn\;C:\Program Files (x86)\Microsoft SQL Server\120\Tools\Binn\ManagementStudio\;C:\Program Files (x86)\Microsoft SQL Server\120\DTS\Binn\;C:\WINDOWS\system32;C:\WINDOWS;C:\WINDOWS\System32\Wbem;C:\WINDOWS\System32\WindowsPowerShell\v1.0\;C:\Program Files (x86)\Skype\Phone\;C:\Program Files\Microsoft SQL Server\130\Tools\Binn\;C:\Program Files\Git\cmd
USERNAME=Aleks
OS=Windows_NT
PROCESSOR_IDENTIFIER=Intel64 Family 6 Model 58 Stepping 9, GenuineIntel



---------------  S Y S T E M  ---------------

OS: Windows 10.0 , 64 bit Build 10586 (10.0.10586.0)

CPU:total 8 (4 cores per cpu, 2 threads per core) family 6 model 58 stepping 9, cmov, cx8, fxsr, mmx, sse, sse2, sse3, ssse3, sse4.1, sse4.2, popcnt, avx, aes, clmul, erms, ht, tsc, tscinvbit, tscinv

Memory: 4k page, physical 16729064k(849600k free), swap 17777640k(5432k free)

vm_info: Java HotSpot(TM) 64-Bit Server VM (25.60-b23) for windows-amd64 JRE (1.8.0_60-b27), built on Aug  4 2015 11:06:27 by "java_re" with MS VC++ 10.0 (VS2010)

time: Thu Apr 28 03:04:10 2016
elapsed time: 2 seconds (0d 0h 0m 2s)

