#
# There is insufficient memory for the Java Runtime Environment to continue.
# Native memory allocation (malloc) failed to allocate 125136 bytes for Chunk::new
# Possible reasons:
#   The system is out of physical RAM or swap space
#   In 32 bit mode, the process size limit was hit
# Possible solutions:
#   Reduce memory load on the system
#   Increase physical memory or swap space
#   Check if swap backing store is full
#   Use 64 bit Java on a 64 bit OS
#   Decrease Java heap size (-Xmx/-Xms)
#   Decrease number of Java threads
#   Decrease Java thread stack sizes (-Xss)
#   Set larger code cache with -XX:ReservedCodeCacheSize=
# This output file may be truncated or incomplete.
#
#  Out of Memory Error (allocation.cpp:390), pid=8296, tid=3872
#
# JRE version: Java(TM) SE Runtime Environment (8.0_60-b27) (build 1.8.0_60-b27)
# Java VM: Java HotSpot(TM) 64-Bit Server VM (25.60-b23 mixed mode windows-amd64 compressed oops)
# Failed to write core dump. Minidumps are not enabled by default on client versions of Windows
#

---------------  T H R E A D  ---------------

Current thread (0x0000000016edd000):  JavaThread "C2 CompilerThread1" daemon [_thread_in_native, id=3872, stack(0x00000000175b0000,0x00000000176b0000)]

Stack: [0x00000000175b0000,0x00000000176b0000]
[error occurred during error reporting (printing stack bounds), id 0xc0000005]

Native frames: (J=compiled Java code, j=interpreted, Vv=VM code, C=native code)


Current CompileTask:
C2:   1442  702       4       java.util.HashSet::contains (9 bytes)


---------------  P R O C E S S  ---------------

Java Threads: ( => current thread )
  0x00000000170f3000 JavaThread "pool-2-thread-4" [_thread_blocked, id=484, stack(0x0000000017eb0000,0x0000000017fb0000)]
  0x00000000170ee000 JavaThread "pool-2-thread-3" [_thread_blocked, id=6356, stack(0x0000000017db0000,0x0000000017eb0000)]
  0x00000000170e8800 JavaThread "pool-2-thread-2" [_thread_in_Java, id=5924, stack(0x0000000017cb0000,0x0000000017db0000)]
  0x00000000170e4800 JavaThread "pool-3-thread-1" [_thread_blocked, id=7524, stack(0x0000000017bb0000,0x0000000017cb0000)]
  0x00000000170df800 JavaThread "pool-2-thread-1" [_thread_in_Java, id=5388, stack(0x0000000017ab0000,0x0000000017bb0000)]
  0x0000000016f70800 JavaThread "Service Thread" daemon [_thread_blocked, id=6776, stack(0x00000000178b0000,0x00000000179b0000)]
  0x0000000016f30800 JavaThread "C1 CompilerThread3" daemon [_thread_in_native, id=3136, stack(0x00000000177b0000,0x00000000178b0000)]
  0x0000000016f2d800 JavaThread "C2 CompilerThread2" daemon [_thread_in_native, id=1264, stack(0x00000000176b0000,0x00000000177b0000)]
=>0x0000000016edd000 JavaThread "C2 CompilerThread1" daemon [_thread_in_native, id=3872, stack(0x00000000175b0000,0x00000000176b0000)]
  0x0000000016ed9800 JavaThread "C2 CompilerThread0" daemon [_thread_in_native, id=3856, stack(0x00000000174b0000,0x00000000175b0000)]
  0x0000000016ed8000 JavaThread "Attach Listener" daemon [_thread_blocked, id=444, stack(0x00000000173b0000,0x00000000174b0000)]
  0x0000000016ed7000 JavaThread "Signal Dispatcher" daemon [_thread_blocked, id=5764, stack(0x00000000172b0000,0x00000000173b0000)]
  0x00000000022e9800 JavaThread "Finalizer" daemon [_thread_blocked, id=6820, stack(0x0000000016cd0000,0x0000000016dd0000)]
  0x00000000022e3000 JavaThread "Reference Handler" daemon [_thread_blocked, id=3368, stack(0x0000000016bd0000,0x0000000016cd0000)]
  0x000000000204e000 JavaThread "main" [_thread_blocked, id=8128, stack(0x00000000020f0000,0x00000000021f0000)]

Other Threads:
  0x0000000014e09000 VMThread [stack: 0x0000000016ad0000,0x0000000016bd0000] [id=9540]
  0x0000000016f4e000 WatcherThread [stack: 0x00000000179b0000,0x0000000017ab0000] [id=460]

VM state:not at safepoint (normal execution)

VM Mutex/Monitor currently owned by a thread: None

Heap:
 PSYoungGen      total 76288K, used 18370K [0x00000000eab00000, 0x00000000f0000000, 0x0000000100000000)
  eden space 65536K, 28% used [0x00000000eab00000,0x00000000ebcf0a08,0x00000000eeb00000)
  from space 10752K, 0% used [0x00000000ef580000,0x00000000ef580000,0x00000000f0000000)
  to   space 10752K, 0% used [0x00000000eeb00000,0x00000000eeb00000,0x00000000ef580000)
 ParOldGen       total 175104K, used 0K [0x00000000c0000000, 0x00000000cab00000, 0x00000000eab00000)
  object space 175104K, 0% used [0x00000000c0000000,0x00000000c0000000,0x00000000cab00000)
 Metaspace       used 5669K, capacity 6640K, committed 6784K, reserved 1056768K
  class space    used 595K, capacity 616K, committed 640K, reserved 1048576K

Card table byte_map: [0x00000000116b0000,0x00000000118c0000] byte_map_base: 0x00000000110b0000

Marking Bits: (ParMarkBitMap*) 0x000000006523a5b0
 Begin Bits: [0x0000000012220000, 0x0000000013220000)
 End Bits:   [0x0000000013220000, 0x0000000014220000)

Polling page: 0x0000000001fc0000

CodeCache: size=245760Kb used=2662Kb max_used=2674Kb free=243097Kb
 bounds [0x00000000022f0000, 0x0000000002590000, 0x00000000112f0000]
 total_blobs=943 nmethods=674 adapters=182
 compilation: enabled

Compilation events (10 events):
Event: 1.435 Thread 0x0000000016ed9800 nmethod 695 0x000000000257d5d0 code [0x000000000257d720, 0x000000000257d7f8]
Event: 1.435 Thread 0x0000000016ed9800  696       4       java.util.ArrayList::isEmpty (13 bytes)
Event: 1.435 Thread 0x0000000016ed9800 nmethod 696 0x000000000257d3d0 code [0x000000000257d500, 0x000000000257d578]
Event: 1.435 Thread 0x0000000016ed9800  697       4       com.android.dx.ssa.NormalSsaInsn::getOpcode (8 bytes)
Event: 1.436 Thread 0x0000000016ed9800 nmethod 697 0x000000000257d190 code [0x000000000257d2c0, 0x000000000257d338]
Event: 1.436 Thread 0x0000000016ed9800  700       4       java.util.ArrayList::iterator (10 bytes)
Event: 1.437 Thread 0x0000000016ed9800 nmethod 700 0x000000000257ce50 code [0x000000000257cfa0, 0x000000000257d0a8]
Event: 1.437 Thread 0x0000000016ed9800  701       4       java.util.HashMap::containsKey (18 bytes)
Event: 1.437 Thread 0x0000000016edd000 nmethod 692 0x000000000257f290 code [0x000000000257f400, 0x000000000257f678]
Event: 1.437 Thread 0x0000000016edd000  702       4       java.util.HashSet::contains (9 bytes)

GC Heap History (0 events):
No events

Deoptimization events (1 events):
Event: 1.429 Thread 0x00000000170e8800 Uncommon trap: reason=unstable_if action=reinterpret pc=0x00000000024fb630 method=java.util.BitSet.nextSetBit(I)I @ 87

Internal exceptions (2 events):
Event: 0.051 Thread 0x000000000204e000 Exception <a 'java/lang/NoSuchMethodError': Method sun.misc.Unsafe.defineClass(Ljava/lang/String;[BII)Ljava/lang/Class; name or signature does not match> (0x00000000eab130b0) thrown at [C:\re\workspace\8-2-build-windows-amd64-cygwin\jdk8u60\4407\hotspot\srÜm ×hcª?
Event: 0.052 Thread 0x000000000204e000 Exception <a 'java/lang/NoSuchMethodError': Method sun.misc.Unsafe.prefetchRead(Ljava/lang/Object;J)V name or signature does not match> (0x00000000eab13398) thrown at [C:\re\workspace\8-2-build-windows-amd64-cygwin\jdk8u60\4407\hotspot\src\share\vm\prims\j

Events (10 events):
Event: 1.370 loading class com/android/dx/cf/code/SwitchList done
Event: 1.386 loading class java/util/DualPivotQuicksort
Event: 1.386 loading class java/util/DualPivotQuicksort done
Event: 1.411 loading class java/util/HashMap$KeySet
Event: 1.411 loading class java/util/HashMap$KeySet done
Event: 1.411 loading class java/util/HashMap$KeyIterator
Event: 1.411 loading class java/util/HashMap$KeyIterator done
Event: 1.429 Thread 0x00000000170e8800 Uncommon trap: trap_request=0xffffff65 fr.pc=0x00000000024fb630
Event: 1.429 Thread 0x00000000170e8800 DEOPT PACKING pc=0x00000000024fb630 sp=0x0000000017daebe0
Event: 1.429 Thread 0x00000000170e8800 DEOPT UNPACKING pc=0x000000000233582a sp=0x0000000017daeb78 mode 2


Dynamic libraries:
0x00007ff68ae30000 - 0x00007ff68ae67000 	C:\Program Files\Java\jdk1.8.0_60\bin\java.exe
0x00007fff18220000 - 0x00007fff183e1000 	C:\WINDOWS\SYSTEM32\ntdll.dll
0x00007fff175b0000 - 0x00007fff1765d000 	C:\WINDOWS\system32\KERNEL32.DLL
0x00007fff148d0000 - 0x00007fff14ab8000 	C:\WINDOWS\system32\KERNELBASE.dll
0x00007fff16b90000 - 0x00007fff16c37000 	C:\WINDOWS\system32\ADVAPI32.dll
0x00007fff16fd0000 - 0x00007fff1706d000 	C:\WINDOWS\system32\msvcrt.dll
0x00007fff17860000 - 0x00007fff178bb000 	C:\WINDOWS\system32\sechost.dll
0x00007fff16ea0000 - 0x00007fff16fbc000 	C:\WINDOWS\system32\RPCRT4.dll
0x00007fff17660000 - 0x00007fff177b6000 	C:\WINDOWS\system32\USER32.dll
0x00007fff16ca0000 - 0x00007fff16e26000 	C:\WINDOWS\system32\GDI32.dll
0x00007fff0f5c0000 - 0x00007fff0f834000 	C:\WINDOWS\WinSxS\amd64_microsoft.windows.common-controls_6595b64144ccf1df_6.0.10586.0_none_8c15ae12515e1c22\COMCTL32.dll
0x00007fff17070000 - 0x00007fff172ed000 	C:\WINDOWS\system32\combase.dll
0x00007fff14ac0000 - 0x00007fff14b2a000 	C:\WINDOWS\system32\bcryptPrimitives.dll
0x00007fff17820000 - 0x00007fff1785b000 	C:\WINDOWS\system32\IMM32.DLL
0x0000000062ff0000 - 0x00000000630c2000 	C:\Program Files\Java\jdk1.8.0_60\jre\bin\msvcr100.dll
0x0000000064a30000 - 0x00000000652b9000 	C:\Program Files\Java\jdk1.8.0_60\jre\bin\server\jvm.dll
0x00007fff16fc0000 - 0x00007fff16fc8000 	C:\WINDOWS\system32\PSAPI.DLL
0x00007fff10510000 - 0x00007fff10519000 	C:\WINDOWS\SYSTEM32\WSOCK32.dll
0x00007fff16e30000 - 0x00007fff16e9b000 	C:\WINDOWS\system32\WS2_32.dll
0x00007fff12d50000 - 0x00007fff12d73000 	C:\WINDOWS\SYSTEM32\WINMM.dll
0x00007fff100a0000 - 0x00007fff100aa000 	C:\WINDOWS\SYSTEM32\VERSION.dll
0x00007fff12cd0000 - 0x00007fff12cfc000 	C:\WINDOWS\SYSTEM32\WINMMBASE.dll
0x00007fff14c10000 - 0x00007fff14c53000 	C:\WINDOWS\system32\cfgmgr32.dll
0x0000000064a20000 - 0x0000000064a2f000 	C:\Program Files\Java\jdk1.8.0_60\jre\bin\verify.dll
0x00000000649f0000 - 0x0000000064a19000 	C:\Program Files\Java\jdk1.8.0_60\jre\bin\java.dll
0x00000000649d0000 - 0x00000000649e6000 	C:\Program Files\Java\jdk1.8.0_60\jre\bin\zip.dll
0x00007fff15620000 - 0x00007fff16b7c000 	C:\WINDOWS\system32\SHELL32.dll
0x00007fff14d50000 - 0x00007fff15395000 	C:\WINDOWS\system32\windows.storage.dll
0x00007fff177c0000 - 0x00007fff17812000 	C:\WINDOWS\system32\shlwapi.dll
0x00007fff14870000 - 0x00007fff1487f000 	C:\WINDOWS\system32\kernel.appcore.dll
0x00007fff14b50000 - 0x00007fff14c05000 	C:\WINDOWS\system32\shcore.dll
0x00007fff14880000 - 0x00007fff148cb000 	C:\WINDOWS\system32\powrprof.dll
0x00007fff14840000 - 0x00007fff14854000 	C:\WINDOWS\system32\profapi.dll

VM Arguments:
jvm_args: -Djava.awt.headless=true -Xmx1024M -Dfile.encoding=windows-1251 -Duser.country=US -Duser.language=en -Duser.variant 
java_command: com.android.dx.command.Main --dex --force-jumbo --num-threads=4 --multi-dex --output D:\Aleks\OneDrive\ComputerScience\AndroidStudioProjects\EmergencyApp\app\build\intermediates\transforms\dex\debug\folders\1000\10\com.google.android.gms-play-services-identity-8.4.0_81d01001a9cb7c2e6511b4b874bfb35126551a3a D:\Aleks\OneDrive\ComputerScience\AndroidStudioProjects\EmergencyApp\app\build\intermediates\exploded-aar\com.google.android.gms\play-services-identity\8.4.0\jars\classes.jar
java_class_path (initial): C:\Users\Aleks\AppData\Local\Android\sdk\build-tools\23.0.2\lib\dx.jar
Launcher Type: SUN_STANDARD

Environment Variables:
PATH=C:\Program Files (x86)\Python 3.5\Scripts\;C:\Program Files (x86)\Python 3.5\;C:\ProgramData\Oracle\Java\javapath;C:\Program Files (x86)\Intel\iCLS Client\;C:\Program Files\Intel\iCLS Client\;C:\Windows\system32;C:\Windows;C:\Windows\System32\Wbem;C:\Windows\System32\WindowsPowerShell\v1.0\;C:\Program Files (x86)\Intel\Intel(R) Management Engine Components\DAL;C:\Program Files\Intel\Intel(R) Management Engine Components\DAL;C:\Program Files (x86)\Intel\Intel(R) Management Engine Components\IPT;C:\Program Files\Intel\Intel(R) Management Engine Components\IPT;C:\Program Files (x86)\NVIDIA Corporation\PhysX\Common;C:\Program Files\Microsoft DNX\Dnvm\;C:\Program Files (x86)\Windows Kits\8.1\Windows Performance Toolkit\;C:\Program Files\Microsoft SQL Server\120\Tools\Binn\;C:\Program Files\Microsoft\Web Platform Installer\;C:\Program Files\Microsoft SQL Server\110\Tools\Binn\;C:\Program Files (x86)\MySQL\MySQL Fabric 1.5 & MySQL Utilities 1.5\;C:\Program Files (x86)\MySQL\MySQL Fabric 1.5 & MySQL Utilities 1.5\Doctrine extensions for PHP\;C:\Program Files\Microsoft SQL Server\Client SDK\ODBC\110\Tools\Binn\;C:\Program Files (x86)\Microsoft SQL Server\120\Tools\Binn\;C:\Program Files\Microsoft SQL Server\120\DTS\Binn\;C:\Program Files (x86)\Microsoft SQL Server\120\Tools\Binn\ManagementStudio\;C:\Program Files (x86)\Microsoft SQL Server\120\DTS\Binn\;C:\WINDOWS\system32;C:\WINDOWS;C:\WINDOWS\System32\Wbem;C:\WINDOWS\System32\WindowsPowerShell\v1.0\;C:\Program Files (x86)\Skype\Phone\;C:\Program Files\Microsoft SQL Server\130\Tools\Binn\;C:\Program Files\Git\cmd
USERNAME=Aleks
OS=Windows_NT
PROCESSOR_IDENTIFIER=Intel64 Family 6 Model 58 Stepping 9, GenuineIntel



---------------  S Y S T E M  ---------------

OS: Windows 10.0 , 64 bit Build 10586 (10.0.10586.0)

CPU:total 8 (4 cores per cpu, 2 threads per core) family 6 model 58 stepping 9, cmov, cx8, fxsr, mmx, sse, sse2, sse3, ssse3, sse4.1, sse4.2, popcnt, avx, aes, clmul, erms, ht, tsc, tscinvbit, tscinv

Memory: 4k page, physical 16729064k(1290060k free), swap 17777640k(5128k free)

vm_info: Java HotSpot(TM) 64-Bit Server VM (25.60-b23) for windows-amd64 JRE (1.8.0_60-b27), built on Aug  4 2015 11:06:27 by "java_re" with MS VC++ 10.0 (VS2010)

time: Thu Apr 28 03:04:12 2016
elapsed time: 1 seconds (0d 0h 0m 1s)

