JvmtiExport can_access_local_variables 0
JvmtiExport can_hotswap_or_post_breakpoint 0
JvmtiExport can_post_on_exceptions 0
# 392 ciObject found
ciMethod java/lang/Object <init> ()V 4097 1 1493606 0 0
ciMethod java/lang/String length ()I 4097 1 41234 0 -1
ciMethod java/lang/String charAt (I)C 17537 1 107564 0 -1
ciMethod java/lang/String equals (Ljava/lang/Object;)Z 3705 13201 2101 0 -1
ciMethod java/lang/String startsWith (Ljava/lang/String;)Z 2385 1 22343 0 -1
ciMethod java/lang/String endsWith (Ljava/lang/String;)Z 2089 1 3312 0 -1
ciMethod java/lang/String substring (II)Ljava/lang/String; 2065 1 7432 0 -1
ciMethod java/lang/StringBuilder <init> ()V 1057 1 17795 0 -1
ciMethod java/lang/StringBuilder append (Ljava/lang/String;)Ljava/lang/StringBuilder; 2257 1 35817 0 -1
ciMethod java/lang/StringBuilder toString ()Ljava/lang/String; 1145 1 17343 0 -1
ciMethod java/lang/Float isNaN (F)Z 4097 1 6198 0 0
ciMethod java/util/AbstractList <init> ()V 561 1 173220 0 0
ciMethod java/util/AbstractCollection <init> ()V 297 1 226521 0 32
ciMethod java/util/AbstractMap <init> ()V 337 1 87441 0 0
ciMethod java/util/ArrayList <init> (I)V 4097 1 18861 0 288
ciMethod java/util/ArrayList <init> ()V 161 1 135208 0 -1
ciMethod java/util/ArrayList size ()I 1089 1 136 0 -1
ciMethod java/util/ArrayList get (I)Ljava/lang/Object; 2185 1 1534955 0 -1
ciMethod java/util/ArrayList add (Ljava/lang/Object;)Z 641 1 475663 0 -1
ciMethod java/util/HashMap tableSizeFor (I)I 4097 1 6179 0 0
ciMethod java/util/HashMap <init> (IF)V 289 1 6181 0 352
ciMethod java/util/HashMap <init> (I)V 289 1 4748 0 0
ciMethodData java/lang/Object <init> ()V 2 1493606 orig 264 216 160 0 101 0 0 0 0 128 4 69 20 0 0 0 0 32 1 0 0 0 0 0 0 0 0 0 0 0 0 0 0 0 0 0 0 0 0 0 0 0 0 0 0 0 0 0 0 0 0 0 0 0 0 0 0 0 0 0 0 0 0 0 0 0 0 0 0 0 0 0 0 0 0 0 0 0 0 0 0 77 68 79 32 101 120 116 114 97 32 100 97 116 97 32 108 111 99 107 0 0 0 0 0 0 0 0 0 0 0 0 0 0 0 0 0 0 0 0 0 0 0 0 0 0 0 0 0 0 0 0 0 0 0 0 0 0 0 0 0 0 0 0 0 0 0 0 0 0 0 0 0 0 0 0 0 0 0 0 0 0 0 0 0 0 0 0 0 0 0 0 0 0 0 0 0 0 0 0 0 0 0 0 0 1 0 0 0 0 0 0 0 1 0 0 0 0 0 0 0 1 0 0 0 0 0 0 0 0 0 0 0 0 0 0 0 0 2 0 0 49 67 182 0 1 0 0 0 0 0 0 0 0 0 0 0 2 0 0 0 0 0 3 0 1 0 0 0 0 0 0 0 255 255 255 255 0 0 0 0 0 0 0 0 data 0 oops 0
ciMethod java/util/TreeMap size ()I 1233 1 154 0 0
ciMethodData java/util/AbstractCollection <init> ()V 2 226521 orig 264 216 160 0 101 0 0 0 0 56 86 81 20 0 0 0 0 48 1 0 0 0 0 0 0 0 0 0 0 0 0 0 0 0 0 0 0 0 0 0 0 0 0 0 0 0 0 0 0 0 0 0 0 0 0 0 0 0 0 0 0 0 0 0 0 0 0 0 0 0 0 0 0 0 0 0 0 0 0 0 0 77 68 79 32 101 120 116 114 97 32 100 97 116 97 32 108 111 99 107 0 0 0 0 0 0 0 0 0 0 0 0 0 0 0 0 0 0 0 0 0 0 0 0 0 0 0 0 0 0 0 0 0 0 0 0 0 0 0 0 0 0 0 0 0 0 0 0 0 0 0 0 0 0 0 0 0 0 0 0 0 0 0 0 0 0 0 0 0 0 0 0 0 0 0 0 0 0 0 0 0 0 0 0 0 0 0 0 0 0 0 0 0 0 0 0 0 0 0 0 0 0 0 0 0 0 0 0 0 0 0 0 0 0 0 0 0 37 0 0 0 161 165 27 0 1 0 0 0 0 0 0 0 0 0 0 0 2 0 0 0 0 0 3 0 2 0 0 0 16 0 0 0 255 255 255 255 2 0 1 0 0 0 0 0 data 2 0x10002 0x37503 oops 0
ciMethodData java/util/AbstractMap <init> ()V 2 87441 orig 264 216 160 0 101 0 0 0 0 104 18 83 20 0 0 0 0 48 1 0 0 0 0 0 0 0 0 0 0 0 0 0 0 0 0 0 0 0 0 0 0 0 0 0 0 0 0 0 0 0 0 0 0 0 0 0 0 0 0 0 0 0 0 0 0 0 0 0 0 0 0 0 0 0 0 0 0 0 0 0 0 77 68 79 32 101 120 116 114 97 32 100 97 116 97 32 108 111 99 107 0 0 0 0 0 0 0 0 0 0 0 0 0 0 0 0 0 0 0 0 0 0 0 0 0 0 0 0 0 0 0 0 0 0 0 0 0 0 0 0 0 0 0 0 0 0 0 0 0 0 0 0 0 0 0 0 0 0 0 0 0 0 0 0 0 0 0 0 0 0 0 0 0 0 0 0 0 0 0 0 0 0 0 0 0 0 0 0 0 0 0 0 0 0 0 0 0 0 0 0 0 0 0 0 0 0 0 0 0 0 0 0 0 0 0 0 0 42 0 0 0 57 171 10 0 1 0 0 0 0 0 0 0 0 0 0 0 2 0 0 0 0 0 3 0 2 0 0 0 16 0 0 0 255 255 255 255 2 0 1 0 0 0 0 0 data 2 0x10002 0x15577 oops 0
ciMethodData java/util/AbstractList <init> ()V 2 173220 orig 264 216 160 0 101 0 0 0 0 208 66 81 20 0 0 0 0 48 1 0 0 0 0 0 0 0 0 0 0 0 0 0 0 0 0 0 0 0 0 0 0 0 0 0 0 0 0 0 0 0 0 0 0 0 0 0 0 0 0 0 0 0 0 0 0 0 0 0 0 0 0 0 0 0 0 0 0 0 0 0 0 77 68 79 32 101 120 116 114 97 32 100 97 116 97 32 108 111 99 107 0 0 0 0 0 0 0 0 0 0 0 0 0 0 0 0 0 0 0 0 0 0 0 0 0 0 0 0 0 0 0 0 0 0 0 0 0 0 0 0 0 0 0 0 0 0 0 0 0 0 0 0 0 0 0 0 0 0 0 0 0 0 0 0 0 0 0 0 0 0 0 0 0 0 0 0 0 0 0 0 0 0 0 0 0 0 0 0 0 0 0 0 0 0 0 0 0 0 0 0 0 0 0 0 0 0 0 0 0 0 0 0 0 0 0 0 0 70 0 0 0 241 34 21 0 1 0 0 0 0 0 0 0 0 0 0 0 2 0 0 0 0 0 3 0 2 0 0 0 16 0 0 0 255 255 255 255 2 0 1 0 0 0 0 0 data 2 0x10002 0x2a474 oops 0
ciMethodData java/util/HashMap <init> (I)V 2 4748 orig 264 216 160 0 101 0 0 0 0 144 193 84 20 0 0 0 0 56 1 0 0 0 0 0 0 0 0 0 0 0 0 0 0 0 0 0 0 0 0 0 0 0 0 0 0 0 0 0 0 0 0 0 0 0 0 0 0 0 0 0 0 0 0 0 0 0 0 0 0 0 0 0 0 0 0 0 0 0 0 0 0 77 68 79 32 101 120 116 114 97 32 100 97 116 97 32 108 111 99 107 0 0 0 0 0 0 0 0 0 0 0 0 0 0 0 0 0 0 0 0 0 0 0 0 0 0 0 0 0 0 0 0 0 0 0 0 0 0 0 0 0 0 0 0 0 0 0 0 0 0 0 0 0 0 0 0 0 0 0 0 0 0 0 0 0 0 0 0 0 0 0 0 0 0 0 0 0 0 0 0 0 0 0 0 0 0 0 0 0 0 0 0 0 0 0 0 0 0 0 0 0 0 0 0 0 0 0 0 0 0 0 0 0 0 0 0 0 36 0 0 0 65 147 0 0 1 0 0 0 0 0 0 0 0 0 0 0 2 0 0 0 0 0 3 0 2 0 0 0 16 0 0 0 255 255 255 255 2 0 4 0 0 0 0 0 data 2 0x40002 0x1268 oops 0
ciMethodData java/util/HashMap <init> (IF)V 2 6181 orig 264 216 160 0 101 0 0 0 0 248 192 84 20 0 0 0 0 104 3 0 0 240 1 0 0 0 0 0 0 0 0 0 0 0 0 0 0 0 0 0 0 0 0 0 0 0 0 0 0 0 0 0 0 0 0 0 0 0 0 0 0 0 0 0 0 0 0 0 0 0 0 0 0 0 0 0 0 0 0 0 0 77 68 79 32 101 120 116 114 97 32 100 97 116 97 32 108 111 99 107 0 0 0 0 0 0 0 0 0 0 0 0 0 0 0 0 0 0 0 0 0 0 0 0 0 0 0 0 0 0 0 0 0 0 0 0 0 0 0 0 0 0 0 0 0 0 0 0 0 0 0 0 0 0 0 0 0 0 0 0 0 0 0 0 0 0 0 0 0 0 0 0 0 0 0 0 0 0 0 0 0 0 0 0 0 0 0 0 0 0 0 0 0 0 0 0 0 0 0 0 0 0 0 0 0 0 0 0 0 0 0 0 0 0 0 0 0 36 0 0 0 9 192 0 0 1 0 0 0 0 0 0 0 0 0 0 0 2 0 0 0 0 0 17 0 2 0 0 0 16 2 0 0 255 255 255 255 2 0 1 0 0 0 0 0 data 66 0x10002 0x1802 0x50007 0x1804 0xd0 0x0 0x100002 0x0 0x150005 0x0 0x0 0x0 0x0 0x0 0x190005 0x0 0x0 0x0 0x0 0x0 0x1c0005 0x0 0x0 0x0 0x0 0x0 0x1f0002 0x0 0x260007 0x1805 0x20 0x0 0x2f0007 0x0 0x50 0x1806 0x330002 0x1806 0x360007 0x1807 0xd0 0x0 0x410002 0x0 0x460005 0x0 0x0 0x0 0x0 0x0 0x4a0005 0x0 0x0 0x0 0x0 0x0 0x4d0005 0x0 0x0 0x0 0x0 0x0 0x500002 0x0 0x5b0002 0x1804 oops 0
ciMethodData java/util/ArrayList <init> (I)V 2 18861 orig 264 216 160 0 101 0 0 0 0 160 130 83 20 0 0 0 0 128 2 0 0 104 0 0 0 0 0 0 0 0 0 0 0 0 0 0 0 0 0 0 0 0 0 0 0 0 0 0 0 0 0 0 0 0 0 0 0 0 0 0 0 0 0 0 0 0 0 0 0 0 0 0 0 0 0 0 0 0 0 0 0 77 68 79 32 101 120 116 114 97 32 100 97 116 97 32 108 111 99 107 0 0 0 0 0 0 0 0 0 0 0 0 0 0 0 0 0 0 0 0 0 0 0 0 0 0 0 0 0 0 0 0 0 0 0 0 0 0 0 0 0 0 0 0 0 0 0 0 0 0 0 0 0 0 0 0 0 0 0 0 0 0 0 0 0 0 0 0 0 0 0 0 0 0 0 0 0 0 0 0 0 0 0 0 0 0 0 0 0 0 0 0 0 0 0 0 0 0 0 0 0 0 0 0 0 0 0 0 0 0 0 0 0 0 0 0 0 0 2 0 0 105 61 2 0 1 0 0 0 0 0 0 0 0 0 0 0 2 0 0 0 0 0 8 0 2 0 0 0 48 1 0 0 255 255 255 255 2 0 1 0 0 0 0 0 data 38 0x10002 0x47af 0x50007 0x1 0x38 0x47b4 0x100003 0x47b4 0x100 0x140007 0x0 0x38 0x1 0x1e0003 0x1 0xc8 0x290002 0x0 0x2e0005 0x0 0x0 0x0 0x0 0x0 0x320005 0x0 0x0 0x0 0x0 0x0 0x350005 0x0 0x0 0x0 0x0 0x0 0x380002 0x0 oops 0
ciMethodData java/lang/Float isNaN (F)Z 2 6198 orig 264 216 160 0 101 0 0 0 0 152 183 78 20 0 0 0 0 88 1 0 0 0 0 0 0 0 0 0 0 0 0 0 0 0 0 0 0 0 0 0 0 0 0 0 0 0 0 0 0 0 0 0 0 0 0 0 0 0 0 0 0 0 0 0 0 0 0 0 0 0 0 0 0 0 0 0 0 0 0 0 0 77 68 79 32 101 120 116 114 97 32 100 97 116 97 32 108 111 99 107 0 0 0 0 0 0 0 0 0 0 0 0 0 0 0 0 0 0 0 0 0 0 0 0 0 0 0 0 0 0 0 0 0 0 0 0 0 0 0 0 0 0 0 0 0 0 0 0 0 0 0 0 0 0 0 0 0 0 0 0 0 0 0 0 0 0 0 0 0 0 0 0 0 0 0 0 0 0 0 0 0 0 0 0 0 0 0 0 0 0 0 0 0 0 0 0 0 0 0 0 0 0 0 0 0 0 0 0 0 0 0 0 0 0 0 0 0 0 2 0 0 177 177 0 0 1 0 0 0 0 0 0 0 0 0 0 0 2 0 0 0 0 0 6 0 2 0 0 0 56 0 0 0 255 255 255 255 7 0 3 0 0 0 0 0 data 7 0x30007 0x1637 0x38 0x0 0x70003 0x0 0x18 oops 0
ciMethodData java/util/HashMap tableSizeFor (I)I 2 6179 orig 264 216 160 0 101 0 0 0 0 0 192 84 20 0 0 0 0 152 1 0 0 32 0 0 0 0 0 0 0 0 0 0 0 0 0 0 0 0 0 0 0 0 0 0 0 0 0 0 0 0 0 0 0 0 0 0 0 0 0 0 0 0 0 0 0 0 0 0 0 0 0 0 0 0 0 0 0 0 0 0 0 77 68 79 32 101 120 116 114 97 32 100 97 116 97 32 108 111 99 107 0 0 0 0 0 0 0 0 0 0 0 0 0 0 0 0 0 0 0 0 0 0 0 0 0 0 0 0 0 0 0 0 0 0 0 0 0 0 0 0 0 0 0 0 0 0 0 0 0 0 0 0 0 0 0 0 0 0 0 0 0 0 0 0 0 0 0 0 0 0 0 0 0 0 0 0 0 0 0 0 0 0 0 0 0 0 0 0 0 0 0 0 0 0 0 0 0 0 0 0 0 0 0 0 0 0 0 0 0 0 0 0 0 0 0 0 0 0 2 0 0 25 177 0 0 1 0 0 0 0 0 0 0 0 0 0 0 2 0 0 0 0 0 8 0 2 0 0 0 112 0 0 0 255 255 255 255 7 0 37 0 0 0 0 0 data 14 0x250007 0xd38 0x38 0x8ee 0x290003 0x8ee 0x50 0x2f0007 0xd38 0x38 0x0 0x340003 0x0 0x18 oops 0
ciMethod com/android/dx/dex/file/DexFile getFieldIds ()Lcom/android/dx/dex/file/FieldIdsSection; 1713 1 214 0 0
ciMethod com/android/dx/dex/file/DexFile getMethodIds ()Lcom/android/dx/dex/file/MethodIdsSection; 1761 1 220 0 0
ciMethod com/android/dx/dex/file/Section validateAlignment (I)V 4097 1 5648 0 0
ciMethod com/android/dx/rop/cst/CstType equals (Ljava/lang/Object;)Z 3577 1 11893 0 -1
ciMethod com/android/dx/rop/cst/CstType getClassType ()Lcom/android/dx/rop/type/Type; 1025 1 128 0 -1
ciMethod com/android/dx/dex/file/IndexedItem <init> ()V 4097 1 9946 0 0
ciMethod com/android/dx/dex/file/Item <init> ()V 2105 1 15578 0 0
ciMethod com/android/dx/dex/file/FieldIdsSection intern (Lcom/android/dx/rop/cst/CstFieldRef;)Lcom/android/dx/dex/file/FieldIdItem; 4097 1 5616 0 -1
ciMethod com/android/dx/dex/file/MethodIdsSection intern (Lcom/android/dx/rop/cst/CstBaseMethodRef;)Lcom/android/dx/dex/file/MethodIdItem; 4097 1 7848 0 -1
ciMethod com/android/dx/cf/iface/HasAttribute getAttributes ()Lcom/android/dx/cf/iface/AttributeList; 0 0 1 0 -1
ciMethod com/android/dx/cf/direct/DirectClassFile getAccessFlags ()I 4097 1 2549 0 0
ciMethod com/android/dx/cf/direct/DirectClassFile getThisClass ()Lcom/android/dx/rop/cst/CstType; 6145 1 1420 0 0
ciMethod com/android/dx/cf/direct/DirectClassFile getSuperclass ()Lcom/android/dx/rop/cst/CstType; 905 1 636 0 0
ciMethod com/android/dx/cf/direct/DirectClassFile getConstantPool ()Lcom/android/dx/rop/cst/ConstantPool; 4097 1 11875 0 -1
ciMethod com/android/dx/cf/direct/DirectClassFile getInterfaces ()Lcom/android/dx/rop/type/TypeList; 905 1 636 0 0
ciMethod com/android/dx/cf/direct/DirectClassFile getFields ()Lcom/android/dx/cf/iface/FieldList; 5033 1 976 0 -1
ciMethod com/android/dx/cf/direct/DirectClassFile getMethods ()Lcom/android/dx/cf/iface/MethodList; 5489 1 1034 0 -1
ciMethod com/android/dx/cf/direct/DirectClassFile getAttributes ()Lcom/android/dx/cf/iface/AttributeList; 4097 1 2549 0 0
ciMethod com/android/dx/cf/direct/DirectClassFile getSourceFile ()Lcom/android/dx/rop/cst/CstString; 4097 1 2307 0 0
ciMethod com/android/dx/cf/direct/DirectClassFile makeTypeList (II)Lcom/android/dx/rop/type/TypeList; 10681 1 1334 0 -1
ciMethod com/android/dx/cf/direct/DirectClassFile getMagic0 ()I 4081 1 860 0 -1
ciMethod com/android/dx/cf/direct/DirectClassFile getMinorVersion0 ()I 2041 1 257 0 -1
ciMethod com/android/dx/cf/direct/DirectClassFile getMajorVersion0 ()I 2049 1 257 0 -1
ciMethod com/android/dx/cf/direct/DirectClassFile parseToInterfacesIfNecessary ()V 4097 1 17406 0 0
ciMethod com/android/dx/cf/direct/DirectClassFile parseToEndIfNecessary ()V 4097 1 4010 0 0
ciMethod com/android/dx/cf/direct/DirectClassFile parse ()V 121 1 734 0 0
ciMethod com/android/dx/cf/direct/DirectClassFile isGoodVersion (III)Z 5881 1 734 0 -1
ciMethod com/android/dx/cf/direct/DirectClassFile parse0 ()V 5881 1 734 0 0
ciMethod com/android/dx/rop/cst/ConstantPool size ()I 0 0 1 0 -1
ciMethod com/android/dx/rop/cst/ConstantPool getOrNull (I)Lcom/android/dx/rop/cst/Constant; 0 0 1 0 -1
ciMethod com/android/dx/cf/iface/AttributeList findFirst (Ljava/lang/String;)Lcom/android/dx/cf/iface/Attribute; 0 0 1 0 -1
ciMethod com/android/dx/rop/type/TypeList size ()I 0 0 1 0 -1
ciMethod com/android/dx/cf/iface/FieldList size ()I 0 0 1 0 -1
ciMethod com/android/dx/cf/iface/FieldList get (I)Lcom/android/dx/cf/iface/Field; 0 0 1 0 -1
ciMethod com/android/dx/cf/iface/MethodList size ()I 0 0 1 0 -1
ciMethod com/android/dx/cf/iface/MethodList get (I)Lcom/android/dx/cf/iface/Method; 0 0 1 0 -1
ciMethod com/android/dx/util/ByteArray size ()I 1065 1 133 0 -1
ciMethod com/android/dx/util/ByteArray getUnsignedShort (I)I 2161 1 91528 0 -1
ciMethod com/android/dx/cf/iface/Attribute getName ()Ljava/lang/String; 0 0 1 0 -1
ciMethod com/android/dx/cf/cst/ConstantPoolParser <init> (Lcom/android/dx/util/ByteArray;)V 2057 1 734 0 -1
ciMethod com/android/dx/cf/cst/ConstantPoolParser setObserver (Lcom/android/dx/cf/iface/ParseObserver;)V 2057 1 257 0 -1
ciMethod com/android/dx/cf/cst/ConstantPoolParser getEndOffset ()I 2057 1 257 0 -1
ciMethod com/android/dx/cf/cst/ConstantPoolParser getPool ()Lcom/android/dx/rop/cst/StdConstantPool; 2057 1 257 0 -1
ciMethod com/android/dx/rop/cst/CstString <init> (Ljava/lang/String;)V 16385 1 3020 0 -1
ciMethod com/android/dx/rop/cst/CstString toHuman ()Ljava/lang/String; 0 0 1 0 -1
ciMethod com/android/dx/rop/cst/CstString getString ()Ljava/lang/String; 3513 1 439 0 -1
ciMethod com/android/dx/rop/cst/CstFieldRef <init> (Lcom/android/dx/rop/cst/CstType;Lcom/android/dx/rop/cst/CstNat;)V 2961 1 2136 0 -1
ciMethod com/android/dx/rop/cst/CstFieldRef getType ()Lcom/android/dx/rop/type/Type; 3297 1 5659 0 -1
ciMethod com/android/dx/rop/cst/CstMethodRef <init> (Lcom/android/dx/rop/cst/CstType;Lcom/android/dx/rop/cst/CstNat;)V 201 1 5801 0 -1
ciMethod com/android/dx/rop/cst/CstInterfaceMethodRef toMethodRef ()Lcom/android/dx/rop/cst/CstMethodRef; 1489 1 1657 0 -1
ciMethod com/android/dx/rop/cst/CstNat getName ()Lcom/android/dx/rop/cst/CstString; 4241 1 530 0 -1
ciMethod com/android/dx/rop/cst/StdConstantPool get0Ok (I)Lcom/android/dx/rop/cst/Constant; 14441 1 3797 0 -1
ciMethod com/android/dx/rop/cst/StdConstantPool get (I)Lcom/android/dx/rop/cst/Constant; 4097 1 35984 0 -1
ciMethod com/android/dx/util/MutabilityControl setImmutable ()V 4097 1 524183 0 -1
ciMethod com/android/dx/rop/type/Type getClassName ()Ljava/lang/String; 2057 1 734 0 -1
ciMethod com/android/dx/rop/type/StdTypeList <init> (I)V 4097 1 13668 0 -1
ciMethod com/android/dx/rop/type/StdTypeList set (ILcom/android/dx/rop/type/Type;)V 4097 1 8639 0 -1
ciMethod com/android/dx/util/FixedSizeList size ()I 4097 1 747174 0 0
ciMethod com/android/dx/util/FixedSizeList get0 (I)Ljava/lang/Object; 3153 1 6117 0 128
ciMethod com/android/dx/util/FixedSizeList throwIndex (I)Ljava/lang/Object; 0 0 1 0 -1
ciMethod com/android/dx/cf/direct/FieldListParser <init> (Lcom/android/dx/cf/direct/DirectClassFile;Lcom/android/dx/rop/cst/CstType;ILcom/android/dx/cf/direct/AttributeFactory;)V 2057 1 257 0 -1
ciMethod com/android/dx/cf/direct/FieldListParser getList ()Lcom/android/dx/cf/iface/StdFieldList; 2057 1 257 0 -1
ciMethod com/android/dx/cf/direct/MemberListParser getEndOffset ()I 4113 1 514 0 -1
ciMethod com/android/dx/cf/direct/MemberListParser setObserver (Lcom/android/dx/cf/iface/ParseObserver;)V 4113 1 514 0 -1
ciMethod com/android/dx/cf/iface/Member getAccessFlags ()I 0 0 1 0 -1
ciMethod com/android/dx/cf/iface/Member getName ()Lcom/android/dx/rop/cst/CstString; 0 0 1 0 -1
ciMethod com/android/dx/cf/iface/Member getDescriptor ()Lcom/android/dx/rop/cst/CstString; 0 0 1 0 -1
ciMethod com/android/dx/cf/iface/Member getNat ()Lcom/android/dx/rop/cst/CstNat; 0 0 1 0 -1
ciMethod com/android/dx/cf/iface/Field getConstantValue ()Lcom/android/dx/rop/cst/TypedConstant; 0 0 1 0 -1
ciMethod com/android/dx/cf/direct/AttributeListParser <init> (Lcom/android/dx/cf/direct/DirectClassFile;IILcom/android/dx/cf/direct/AttributeFactory;)V 2449 1 6454 0 -1
ciMethod com/android/dx/cf/direct/AttributeListParser setObserver (Lcom/android/dx/cf/iface/ParseObserver;)V 4097 1 2721 0 -1
ciMethod com/android/dx/cf/direct/AttributeListParser getEndOffset ()I 4097 1 3524 0 -1
ciMethod com/android/dx/cf/direct/AttributeListParser getList ()Lcom/android/dx/cf/iface/StdAttributeList; 4097 1 3524 0 -1
ciMethod com/android/dx/cf/iface/StdAttributeList get (I)Lcom/android/dx/cf/iface/Attribute; 4097 1 19780 0 0
ciMethod com/android/dx/cf/iface/StdAttributeList findFirst (Ljava/lang/String;)Lcom/android/dx/cf/iface/Attribute; 4097 3001 19187 0 704
ciMethod com/android/dx/cf/direct/MethodListParser <init> (Lcom/android/dx/cf/direct/DirectClassFile;Lcom/android/dx/rop/cst/CstType;ILcom/android/dx/cf/direct/AttributeFactory;)V 2057 1 257 0 -1
ciMethod com/android/dx/cf/direct/MethodListParser getList ()Lcom/android/dx/cf/iface/StdMethodList; 2057 1 257 0 -1
ciMethod com/android/dx/rop/code/AccessFlags isStatic (I)Z 4097 1 6756 0 -1
ciMethod com/android/dx/rop/code/AccessFlags isAnnotation (I)Z 1929 1 242 0 0
ciMethod com/android/dx/cf/attrib/InnerClassList get (I)Lcom/android/dx/cf/attrib/InnerClassList$Item; 5025 1 1319 0 -1
ciMethod com/android/dx/cf/attrib/InnerClassList$Item getInnerClass ()Lcom/android/dx/rop/cst/CstType; 1057 1 132 0 -1
ciMethod com/android/dx/cf/attrib/InnerClassList$Item getOuterClass ()Lcom/android/dx/rop/cst/CstType; 1153 1 144 0 -1
ciMethod com/android/dx/cf/attrib/InnerClassList$Item getInnerName ()Lcom/android/dx/rop/cst/CstString; 1025 1 128 0 -1
ciMethod com/android/dx/cf/attrib/InnerClassList$Item getAccessFlags ()I 1025 1 128 0 -1
ciMethod com/android/dx/cf/attrib/AttInnerClasses getInnerClasses ()Lcom/android/dx/cf/attrib/InnerClassList; 1025 1 128 0 -1
ciMethod com/android/dx/rop/cst/CstEnumRef getFieldRef ()Lcom/android/dx/rop/cst/CstFieldRef; 17 1 2 0 -1
ciMethod com/android/dx/rop/cst/CstArray <init> (Lcom/android/dx/rop/cst/CstArray$List;)V 2585 1 467 0 -1
ciMethod com/android/dx/rop/annotation/Annotations combine (Lcom/android/dx/rop/annotation/Annotations;Lcom/android/dx/rop/annotation/Annotations;)Lcom/android/dx/rop/annotation/Annotations; 433 1 132 0 0
ciMethod com/android/dx/rop/annotation/Annotations combine (Lcom/android/dx/rop/annotation/Annotations;Lcom/android/dx/rop/annotation/Annotation;)Lcom/android/dx/rop/annotation/Annotations; 761 1 183 0 0
ciMethod com/android/dx/rop/annotation/Annotations <init> ()V 4897 1 1097 0 -1
ciMethod com/android/dx/rop/annotation/Annotations size ()I 4097 1 4072 0 0
ciMethod com/android/dx/rop/annotation/Annotations add (Lcom/android/dx/rop/annotation/Annotation;)V 2833 1 3220 0 -1
ciMethod com/android/dx/rop/annotation/Annotations addAll (Lcom/android/dx/rop/annotation/Annotations;)V 16153 7401 2166 0 -1
ciMethod com/android/dx/rop/annotation/Annotation <init> (Lcom/android/dx/rop/cst/CstType;Lcom/android/dx/rop/annotation/AnnotationVisibility;)V 2049 1 2254 0 -1
ciMethod com/android/dx/rop/annotation/Annotation put (Lcom/android/dx/rop/annotation/NameValuePair;)V 2065 1 1969 0 -1
ciMethod com/android/dx/rop/annotation/Annotation add (Lcom/android/dx/rop/annotation/NameValuePair;)V 209 1 26 0 -1
ciMethod com/android/dx/cf/attrib/BaseAnnotations getAnnotations ()Lcom/android/dx/rop/annotation/Annotations; 409 1 51 0 0
ciMethod com/android/dx/cf/attrib/AttSignature getSignature ()Lcom/android/dx/rop/cst/CstString; 465 1 58 0 0
ciMethodData com/android/dx/util/FixedSizeList size ()I 2 747174 orig 264 216 160 0 101 0 0 0 0 176 44 138 20 0 0 0 0 32 1 0 0 0 0 0 0 0 0 0 0 0 0 0 0 0 0 0 0 0 0 0 0 0 0 0 0 0 0 0 0 0 0 0 0 0 0 0 0 0 0 0 0 0 0 0 0 0 0 0 0 0 0 0 0 0 0 0 0 0 0 0 0 77 68 79 32 101 120 116 114 97 32 100 97 116 97 32 108 111 99 107 0 0 0 0 0 0 0 0 0 0 0 0 0 0 0 0 0 0 0 0 0 0 0 0 0 0 0 0 0 0 0 0 0 0 0 0 0 0 0 0 0 0 0 0 0 0 0 0 0 0 0 0 0 0 0 0 0 0 0 0 0 0 0 0 0 0 0 0 0 0 0 0 0 0 0 0 0 0 0 0 0 0 0 0 0 1 0 0 0 0 0 0 0 0 0 0 0 0 0 0 0 1 0 0 0 0 0 0 0 0 0 0 0 0 0 0 0 0 2 0 0 49 37 91 0 1 0 0 0 0 0 0 0 0 0 0 0 2 0 0 0 0 0 3 0 1 0 0 0 0 0 0 0 255 255 255 255 0 0 0 0 0 0 0 0 data 0 oops 0
ciMethod com/android/dx/dex/cf/CfTranslator translate0 (Lcom/android/dx/cf/direct/DirectClassFile;[BLcom/android/dx/dex/cf/CfOptions;Lcom/android/dx/dex/DexOptions;Lcom/android/dx/dex/file/DexFile;)Lcom/android/dx/dex/file/ClassDefItem; 1617 144161 725 0 -1
ciMethod com/android/dx/dex/cf/CfTranslator processFields (Lcom/android/dx/cf/direct/DirectClassFile;Lcom/android/dx/dex/file/ClassDefItem;Lcom/android/dx/dex/file/DexFile;)V 4785 13137 725 0 0
ciMethod com/android/dx/dex/cf/CfTranslator coerceConstant (Lcom/android/dx/rop/cst/TypedConstant;Lcom/android/dx/rop/type/Type;)Lcom/android/dx/rop/cst/TypedConstant; 577 1 92 0 -1
ciMethod com/android/dx/dex/cf/CfTranslator processMethods (Lcom/android/dx/cf/direct/DirectClassFile;Lcom/android/dx/dex/cf/CfOptions;Lcom/android/dx/dex/DexOptions;Lcom/android/dx/dex/file/ClassDefItem;Lcom/android/dx/dex/file/DexFile;)V 4329 23841 725 0 -1
ciMethod com/android/dx/dex/cf/OptimizerOptions loadOptimizeLists (Ljava/lang/String;Ljava/lang/String;)V 4785 1 725 0 0
ciMethod com/android/dx/dex/cf/OptimizerOptions loadStringsFromFile (Ljava/lang/String;)Ljava/util/HashSet; 0 0 1 0 0
ciMethod com/android/dx/dex/file/ClassDefItem <init> (Lcom/android/dx/rop/cst/CstType;ILcom/android/dx/rop/cst/CstType;Lcom/android/dx/rop/type/TypeList;Lcom/android/dx/rop/cst/CstString;)V 4785 1 725 0 0
ciMethod com/android/dx/dex/file/ClassDefItem addStaticField (Lcom/android/dx/dex/file/EncodedField;Lcom/android/dx/rop/cst/Constant;)V 1081 1 135 0 -1
ciMethod com/android/dx/dex/file/ClassDefItem addInstanceField (Lcom/android/dx/dex/file/EncodedField;)V 5201 1 650 0 -1
ciMethod com/android/dx/dex/file/ClassDefItem setClassAnnotations (Lcom/android/dx/rop/annotation/Annotations;Lcom/android/dx/dex/file/DexFile;)V 721 1 545 0 0
ciMethod com/android/dx/dex/file/ClassDefItem addFieldAnnotations (Lcom/android/dx/rop/cst/CstFieldRef;Lcom/android/dx/rop/annotation/Annotations;Lcom/android/dx/dex/file/DexFile;)V 393 1 50 0 -1
ciMethod com/android/dx/dex/file/OffsettedItem <init> (II)V 4097 1 5634 0 160
ciMethod com/android/dx/dex/file/TypeListItem <init> (Lcom/android/dx/rop/type/TypeList;)V 905 1 114 0 0
ciMethod com/android/dx/dex/file/ClassDataItem <init> (Lcom/android/dx/rop/cst/CstType;)V 1929 1 725 0 0
ciMethod com/android/dx/dex/file/AnnotationsDirectoryItem <init> ()V 1929 1 242 0 0
ciMethod com/android/dx/dex/file/AnnotationsDirectoryItem setClassAnnotations (Lcom/android/dx/rop/annotation/Annotations;Lcom/android/dx/dex/file/DexFile;)V 4017 1 631 0 0
ciMethod com/android/dx/dex/file/AnnotationSetItem <init> (Lcom/android/dx/rop/annotation/Annotations;Lcom/android/dx/dex/file/DexFile;)V 14161 17977 1773 0 -1
ciMethod com/android/dx/dex/cf/AttributeTranslator getAnnotations (Lcom/android/dx/cf/iface/AttributeList;)Lcom/android/dx/rop/annotation/Annotations; 4097 1 1796 0 0
ciMethod com/android/dx/dex/cf/AttributeTranslator getClassAnnotations (Lcom/android/dx/cf/direct/DirectClassFile;Lcom/android/dx/dex/cf/CfOptions;)Lcom/android/dx/rop/annotation/Annotations; 4785 1 725 0 0
ciMethod com/android/dx/dex/cf/AttributeTranslator getAnnotations0 (Lcom/android/dx/cf/iface/AttributeList;)Lcom/android/dx/rop/annotation/Annotations; 4097 1 5717 0 1568
ciMethod com/android/dx/dex/cf/AttributeTranslator getSignature (Lcom/android/dx/cf/iface/AttributeList;)Lcom/android/dx/rop/annotation/Annotation; 4097 1 1796 0 0
ciMethod com/android/dx/dex/cf/AttributeTranslator translateEnclosingMethod (Lcom/android/dx/cf/iface/AttributeList;)Lcom/android/dx/rop/annotation/Annotation; 1929 1 726 0 0
ciMethod com/android/dx/dex/cf/AttributeTranslator translateInnerClasses (Lcom/android/dx/rop/cst/CstType;Lcom/android/dx/cf/iface/AttributeList;Z)Lcom/android/dx/rop/annotation/Annotations; 1929 3505 726 0 0
ciMethod com/android/dx/dex/cf/AttributeTranslator translateAnnotationDefaults (Lcom/android/dx/cf/direct/DirectClassFile;)Lcom/android/dx/rop/annotation/Annotation; 9 17 1 0 0
ciMethod com/android/dx/dex/file/AnnotationUtils makeAnnotationDefault (Lcom/android/dx/rop/annotation/Annotation;)Lcom/android/dx/rop/annotation/Annotation; 9 1 1 0 -1
ciMethod com/android/dx/dex/file/AnnotationUtils makeEnclosingClass (Lcom/android/dx/rop/cst/CstType;)Lcom/android/dx/rop/annotation/Annotation; 801 1 200 0 -1
ciMethod com/android/dx/dex/file/AnnotationUtils makeEnclosingMethod (Lcom/android/dx/rop/cst/CstMethodRef;)Lcom/android/dx/rop/annotation/Annotation; 409 1 145 0 -1
ciMethod com/android/dx/dex/file/AnnotationUtils makeInnerClass (Lcom/android/dx/rop/cst/CstString;I)Lcom/android/dx/rop/annotation/Annotation; 1209 1 345 0 -1
ciMethod com/android/dx/dex/file/AnnotationUtils makeMemberClasses (Lcom/android/dx/rop/type/TypeList;)Lcom/android/dx/rop/annotation/Annotation; 561 1 128 0 -1
ciMethod com/android/dx/dex/file/AnnotationUtils makeSignature (Lcom/android/dx/rop/cst/CstString;)Lcom/android/dx/rop/annotation/Annotation; 2913 262145 515 0 0
ciMethod com/android/dx/rop/annotation/NameValuePair <init> (Lcom/android/dx/rop/cst/CstString;Lcom/android/dx/rop/cst/Constant;)V 16393 1 2302 0 -1
ciMethod com/android/dx/dex/file/EncodedField <init> (Lcom/android/dx/rop/cst/CstFieldRef;I)V 6281 1 785 0 -1
ciMethod com/android/dx/rop/cst/CstArray$List <init> (I)V 2585 1 467 0 -1
ciMethod com/android/dx/rop/cst/CstArray$List set (ILcom/android/dx/rop/cst/Constant;)V 4097 1 1571 0 -1
ciMethodData com/android/dx/cf/direct/DirectClassFile parseToInterfacesIfNecessary ()V 2 17406 orig 264 216 160 0 101 0 0 0 0 0 88 136 20 0 0 0 0 80 1 0 0 0 0 0 0 0 0 0 0 0 0 0 0 0 0 0 0 0 0 0 0 0 0 0 0 0 0 0 0 0 0 0 0 0 0 0 0 0 0 0 0 0 0 0 0 0 0 0 0 0 0 0 0 0 0 0 0 0 0 0 0 77 68 79 32 101 120 116 114 97 32 100 97 116 97 32 108 111 99 107 0 0 0 0 0 0 0 0 0 0 0 0 0 0 0 0 0 0 0 0 0 0 0 0 0 0 0 0 0 0 0 0 0 0 0 0 0 0 0 0 0 0 0 0 0 0 0 0 0 0 0 0 0 0 0 0 0 0 0 0 0 0 0 0 0 0 0 0 0 0 0 0 0 0 0 0 0 0 0 0 0 0 0 0 0 17 0 0 0 0 0 0 0 0 0 0 0 0 0 0 0 0 0 0 0 0 0 0 0 0 0 0 0 0 0 0 0 0 2 0 0 241 15 2 0 1 0 0 0 0 0 0 0 0 0 0 0 2 0 0 0 0 0 6 0 2 0 0 0 48 0 0 0 255 255 255 255 7 0 5 0 0 0 0 0 data 6 0x50007 0x3fb1 0x30 0x24d 0x90002 0x24d oops 0
ciMethodData com/android/dx/cf/direct/DirectClassFile parse ()V 1 734 orig 264 216 160 0 101 0 0 0 0 16 90 136 20 0 0 0 0 32 3 0 0 0 0 0 0 0 0 0 0 0 0 0 0 0 0 0 0 0 0 0 0 0 0 0 0 0 0 0 0 0 0 0 0 0 0 0 0 0 0 0 0 0 0 0 0 0 0 0 0 0 0 0 0 0 0 0 0 0 0 0 0 77 68 79 32 101 120 116 114 97 32 100 97 116 97 32 108 111 99 107 0 0 0 0 0 0 0 0 0 0 0 0 0 0 0 0 0 0 0 0 0 0 0 0 0 0 0 0 0 0 0 0 0 0 0 0 0 0 0 0 0 0 0 0 0 0 0 0 0 0 0 0 0 0 0 0 0 0 0 0 0 0 0 0 0 0 0 0 0 0 0 0 0 0 0 0 0 0 0 0 0 0 0 0 0 25 0 0 0 0 0 0 0 0 0 0 0 0 0 0 0 0 0 0 0 0 0 0 0 0 0 0 0 0 0 0 0 15 0 0 0 121 22 0 0 1 0 0 0 0 0 0 0 0 0 0 0 2 0 0 0 0 0 7 0 2 0 0 0 216 1 0 0 255 255 255 255 2 0 1 0 0 0 0 0 data 59 0x10002 0x2cf 0x40003 0x2ce 0x1c8 0xd0002 0x0 0x120005 0x0 0x0 0x0 0x0 0x0 0x190005 0x0 0x0 0x0 0x0 0x0 0x1c0005 0x0 0x0 0x0 0x0 0x0 0x1f0005 0x0 0x0 0x0 0x0 0x0 0x2a0002 0x0 0x330002 0x0 0x380005 0x0 0x0 0x0 0x0 0x0 0x3f0005 0x0 0x0 0x0 0x0 0x0 0x420005 0x0 0x0 0x0 0x0 0x0 0x450005 0x0 0x0 0x0 0x0 0x0 oops 0
ciMethodData com/android/dx/util/FixedSizeList get0 (I)Ljava/lang/Object; 2 6117 orig 264 216 160 0 101 0 0 0 0 72 47 138 20 0 0 0 0 48 2 0 0 192 0 0 0 0 0 0 0 0 0 0 0 0 0 0 0 0 0 0 0 0 0 0 0 0 0 0 0 0 0 0 0 0 0 0 0 0 0 0 0 0 0 0 0 0 0 0 0 0 0 0 0 0 0 0 0 0 0 0 0 77 68 79 32 101 120 116 114 97 32 100 97 116 97 32 108 111 99 107 0 0 0 0 0 0 0 0 0 0 0 0 0 0 0 0 0 0 0 0 0 0 0 0 0 0 0 0 0 0 0 0 0 0 0 0 0 0 0 0 0 0 0 0 0 0 0 0 0 0 0 0 0 0 0 0 0 0 0 0 0 0 0 0 0 0 0 0 0 0 0 0 0 0 0 0 0 0 0 0 0 0 0 0 0 25 0 0 0 0 0 0 0 0 0 0 0 0 0 0 0 1 0 0 0 0 0 0 0 0 0 0 0 0 0 0 0 138 1 0 0 217 178 0 0 1 0 0 0 0 0 0 0 0 0 0 0 2 0 0 0 0 0 9 0 2 0 0 0 224 0 0 0 255 255 255 255 7 0 8 0 0 0 0 0 data 28 0x80007 0x1667 0xd0 0x0 0x130002 0x0 0x180005 0x0 0x0 0x0 0x0 0x0 0x1c0005 0x0 0x0 0x0 0x0 0x0 0x1f0005 0x0 0x0 0x0 0x0 0x0 0x220002 0x0 0x2b0002 0x0 oops 0
ciMethodData com/android/dx/cf/iface/StdAttributeList get (I)Lcom/android/dx/cf/iface/Attribute; 2 19780 orig 264 216 160 0 101 0 0 0 0 136 136 138 20 0 0 0 0 176 1 0 0 0 0 0 0 0 0 0 0 0 0 0 0 0 0 0 0 0 0 0 0 0 0 0 0 0 0 0 0 0 0 0 0 0 0 0 0 0 0 0 0 0 0 0 0 0 0 0 0 0 0 0 0 0 0 0 0 0 0 0 0 77 68 79 32 101 120 116 114 97 32 100 97 116 97 32 108 111 99 107 0 0 0 0 0 0 0 0 0 0 0 0 0 0 0 0 0 0 0 0 0 0 0 0 0 0 0 0 0 0 0 0 0 0 0 0 0 0 0 0 0 0 0 0 0 0 0 0 0 0 0 0 0 0 0 0 0 0 0 0 0 0 0 0 0 0 0 0 0 0 0 0 0 0 0 0 0 0 0 0 0 0 0 0 0 0 0 0 0 0 0 0 0 0 0 0 0 0 0 0 0 0 0 0 0 0 0 0 0 0 0 0 0 0 0 0 0 0 2 0 0 33 90 2 0 1 0 0 0 0 0 0 0 0 0 0 0 2 0 0 0 0 0 3 0 2 0 0 0 96 0 0 0 255 255 255 255 5 0 2 0 0 0 0 0 data 12 0x20005 0x169 0x192031b0 0x49db 0x0 0x0 0x50004 0x0 0x1b4eb7c0 0x262 0x1b4e8fc0 0x25e9 oops 3 2 com/android/dx/cf/iface/StdAttributeList 8 com/android/dx/cf/attrib/AttSignature 10 com/android/dx/cf/attrib/AttCode
ciMethodData com/android/dx/cf/iface/StdAttributeList findFirst (Ljava/lang/String;)Lcom/android/dx/cf/iface/Attribute; 2 19187 orig 264 216 160 0 101 0 0 0 0 136 138 138 20 0 0 0 0 104 2 0 0 0 0 0 0 0 0 0 0 0 0 0 0 0 0 0 0 0 0 0 0 0 0 0 0 0 0 0 0 0 0 0 0 0 0 0 0 0 0 0 0 0 0 0 0 0 0 0 0 0 0 0 0 0 0 0 0 0 0 0 0 77 68 79 32 101 120 116 114 97 32 100 97 116 97 32 108 111 99 107 0 0 0 0 0 0 0 0 0 0 0 0 0 0 0 0 0 0 0 0 0 0 0 0 0 0 0 0 0 0 0 0 0 0 0 0 0 0 0 0 0 0 0 0 0 0 0 0 0 0 0 0 0 0 0 0 0 0 0 0 0 0 0 0 0 0 0 0 0 0 0 0 0 0 0 0 0 0 0 0 0 0 0 0 0 0 0 0 0 0 0 0 0 0 0 0 0 0 0 0 0 0 0 0 0 0 0 0 0 0 0 0 0 0 0 0 0 0 2 0 0 153 71 2 0 97 196 1 0 0 0 0 0 0 0 0 0 2 0 0 0 1 0 8 0 2 0 0 0 24 1 0 0 255 255 255 255 5 0 1 0 0 0 0 0 data 35 0x10005 0x14b 0x192031b0 0x47a8 0x0 0x0 0x90007 0x3fe8 0xe8 0x41a1 0xe0005 0xaa 0x192031b0 0x40f8 0x0 0x0 0x150005 0x1b14 0x1b4e8fc0 0x25d4 0x1b4e9070 0xbd 0x1b0005 0xaa 0x14e4d470 0x40fd 0x0 0x0 0x1e0007 0x388d 0x20 0x912 0x270003 0x3894 0xffffffffffffff30 oops 5 2 com/android/dx/cf/iface/StdAttributeList 12 com/android/dx/cf/iface/StdAttributeList 18 com/android/dx/cf/attrib/AttCode 20 com/android/dx/cf/attrib/AttDeprecated 24 java/lang/String
ciMethodData com/android/dx/dex/file/Item <init> ()V 2 15578 orig 264 216 160 0 101 0 0 0 0 232 30 135 20 0 0 0 0 48 1 0 0 0 0 0 0 0 0 0 0 0 0 0 0 0 0 0 0 0 0 0 0 0 0 0 0 0 0 0 0 0 0 0 0 0 0 0 0 0 0 0 0 0 0 0 0 0 0 0 0 0 0 0 0 0 0 0 0 0 0 0 0 77 68 79 32 101 120 116 114 97 32 100 97 116 97 32 108 111 99 107 0 0 0 0 0 0 0 0 0 0 0 0 0 0 0 0 0 0 0 0 0 0 0 0 0 0 0 0 0 0 0 0 0 0 0 0 0 0 0 0 0 0 0 0 0 0 0 0 0 0 0 0 0 0 0 0 0 0 0 0 0 0 0 0 0 0 0 0 0 0 0 0 0 0 0 0 0 0 0 0 0 0 0 0 0 0 0 0 0 0 0 0 0 0 0 0 0 0 0 0 0 0 0 0 0 0 0 0 0 0 0 0 0 0 0 0 0 7 1 0 0 153 222 1 0 1 0 0 0 0 0 0 0 0 0 0 0 2 0 0 0 0 0 3 0 2 0 0 0 16 0 0 0 255 255 255 255 2 0 1 0 0 0 0 0 data 2 0x10002 0x3bd2 oops 0
ciMethod com/android/dx/cf/attrib/AttEnclosingMethod getEnclosingClass ()Lcom/android/dx/rop/cst/CstType; 449 1 56 0 -1
ciMethod com/android/dx/cf/attrib/AttEnclosingMethod getMethod ()Lcom/android/dx/rop/cst/CstNat; 449 1 56 0 -1
ciMethodData com/android/dx/dex/file/IndexedItem <init> ()V 2 9946 orig 264 216 160 0 101 0 0 0 0 72 25 135 20 0 0 0 0 48 1 0 0 0 0 0 0 0 0 0 0 0 0 0 0 0 0 0 0 0 0 0 0 0 0 0 0 0 0 0 0 0 0 0 0 0 0 0 0 0 0 0 0 0 0 0 0 0 0 0 0 0 0 0 0 0 0 0 0 0 0 0 0 77 68 79 32 101 120 116 114 97 32 100 97 116 97 32 108 111 99 107 0 0 0 0 0 0 0 0 0 0 0 0 0 0 0 0 0 0 0 0 0 0 0 0 0 0 0 0 0 0 0 0 0 0 0 0 0 0 0 0 0 0 0 0 0 0 0 0 0 0 0 0 0 0 0 0 0 0 0 0 0 0 0 0 0 0 0 0 0 0 0 0 0 0 0 0 0 0 0 0 0 0 0 0 0 0 0 0 0 0 0 0 0 0 0 0 0 0 0 0 0 0 0 0 0 0 0 0 0 0 0 0 0 0 0 0 0 0 2 0 0 209 38 1 0 1 0 0 0 0 0 0 0 0 0 0 0 2 0 0 0 0 0 3 0 2 0 0 0 16 0 0 0 255 255 255 255 2 0 1 0 0 0 0 0 data 2 0x10002 0x24da oops 0
ciMethod com/android/dx/cf/attrib/AttAnnotationDefault getValue ()Lcom/android/dx/rop/cst/Constant; 9 1 1 0 -1
ciMethodData com/android/dx/rop/annotation/Annotations size ()I 2 4073 orig 264 216 160 0 101 0 0 0 0 224 24 140 20 0 0 0 0 120 1 0 0 0 0 0 0 0 0 0 0 0 0 0 0 0 0 0 0 0 0 0 0 0 0 0 0 0 0 0 0 0 0 0 0 0 0 0 0 0 0 0 0 0 0 0 0 0 0 0 0 0 0 0 0 0 0 0 0 0 0 0 0 77 68 79 32 101 120 116 114 97 32 100 97 116 97 32 108 111 99 107 0 0 0 0 0 0 0 0 0 0 0 0 0 0 0 0 0 0 0 0 0 0 0 0 0 0 0 0 0 0 0 0 0 0 0 0 0 0 0 0 0 0 0 0 0 0 0 0 0 0 0 0 0 0 0 0 0 0 0 0 0 0 0 0 0 0 0 0 0 0 0 0 0 0 0 0 0 0 0 0 0 0 0 0 0 0 0 0 0 0 0 0 0 0 0 0 0 0 0 0 0 0 0 0 0 0 0 0 0 0 0 0 0 0 0 0 0 0 2 0 0 73 111 0 0 1 0 0 0 0 0 0 0 0 0 0 0 2 0 0 0 0 0 3 0 2 0 0 0 48 0 0 0 255 255 255 255 5 0 4 0 0 0 0 0 data 6 0x40005 0x0 0x1a0556e0 0xdea 0x0 0x0 oops 1 2 java/util/TreeMap
ciMethodData com/android/dx/dex/file/Section validateAlignment (I)V 2 5648 orig 264 216 160 0 101 0 0 0 0 152 145 134 20 0 0 0 0 112 1 0 0 32 0 0 0 0 0 0 0 0 0 0 0 0 0 0 0 0 0 0 0 0 0 0 0 0 0 0 0 0 0 0 0 0 0 0 0 0 0 0 0 0 0 0 0 0 0 0 0 0 0 0 0 0 0 0 0 0 0 0 0 77 68 79 32 101 120 116 114 97 32 100 97 116 97 32 108 111 99 107 0 0 0 0 0 0 0 0 0 0 0 0 0 0 0 0 0 0 0 0 0 0 0 0 0 0 0 0 0 0 0 0 0 0 0 0 0 0 0 0 0 0 0 0 0 0 0 0 0 0 0 0 0 0 0 0 0 0 0 0 0 0 0 0 0 0 0 0 0 0 0 0 0 0 0 0 0 0 0 0 0 0 0 0 0 0 0 0 0 0 0 0 0 0 0 0 0 0 0 0 0 0 0 0 0 0 0 0 0 0 0 0 0 0 0 0 0 0 2 0 0 129 160 0 0 1 0 0 0 0 0 0 0 0 0 0 0 2 0 0 0 0 0 8 0 2 0 0 0 80 0 0 0 255 255 255 255 7 0 1 0 0 0 0 0 data 10 0x10007 0x0 0x40 0x1410 0x90007 0x140f 0x30 0x0 0x120002 0x0 oops 0
ciMethodData com/android/dx/dex/file/OffsettedItem <init> (II)V 2 5634 orig 264 216 160 0 101 0 0 0 0 216 133 141 20 0 0 0 0 168 1 0 0 0 0 0 0 0 0 0 0 0 0 0 0 0 0 0 0 0 0 0 0 0 0 0 0 0 0 0 0 0 0 0 0 0 0 0 0 0 0 0 0 0 0 0 0 0 0 0 0 0 0 0 0 0 0 0 0 0 0 0 0 77 68 79 32 101 120 116 114 97 32 100 97 116 97 32 108 111 99 107 0 0 0 0 0 0 0 0 0 0 0 0 0 0 0 0 0 0 0 0 0 0 0 0 0 0 0 0 0 0 0 0 0 0 0 0 0 0 0 0 0 0 0 0 0 0 0 0 0 0 0 0 0 0 0 0 0 0 0 0 0 0 0 0 0 0 0 0 0 0 0 0 0 0 0 0 0 0 0 0 0 0 0 0 0 0 0 0 0 0 0 0 0 0 0 0 0 0 0 0 0 0 0 0 0 0 0 0 0 0 0 0 0 0 0 0 0 0 2 0 0 17 160 0 0 1 0 0 0 0 0 0 0 0 0 0 0 2 0 0 0 0 0 11 0 2 0 0 0 80 0 0 0 255 255 255 255 2 0 1 0 0 0 0 0 data 10 0x10002 0x1403 0x50002 0x1403 0xa0007 0x1403 0x30 0x0 0x130002 0x0 oops 0
ciMethodData com/android/dx/cf/direct/DirectClassFile parseToEndIfNecessary ()V 2 4010 orig 264 216 160 0 101 0 0 0 0 200 88 136 20 0 0 0 0 80 1 0 0 0 0 0 0 0 0 0 0 0 0 0 0 0 0 0 0 0 0 0 0 0 0 0 0 0 0 0 0 0 0 0 0 0 0 0 0 0 0 0 0 0 0 0 0 0 0 0 0 0 0 0 0 0 0 0 0 0 0 0 0 77 68 79 32 101 120 116 114 97 32 100 97 116 97 32 108 111 99 107 0 0 0 0 0 0 0 0 0 0 0 0 0 0 0 0 0 0 0 0 0 0 0 0 0 0 0 0 0 0 0 0 0 0 0 0 0 0 0 0 0 0 0 0 0 0 0 0 0 0 0 0 0 0 0 0 0 0 0 0 0 0 0 0 0 0 0 0 0 0 0 0 0 0 0 0 0 0 0 0 0 0 0 0 0 0 0 0 0 0 0 0 0 0 0 0 0 0 0 0 0 0 0 0 0 0 0 0 0 0 0 0 0 0 0 0 0 0 2 0 0 81 109 0 0 1 0 0 0 0 0 0 0 0 0 0 0 2 0 0 0 0 0 6 0 2 0 0 0 48 0 0 0 255 255 255 255 7 0 4 0 0 0 0 0 data 6 0x40007 0xda8 0x30 0x0 0x80002 0x0 oops 0
ciMethodData com/android/dx/dex/cf/AttributeTranslator getAnnotations (Lcom/android/dx/cf/iface/AttributeList;)Lcom/android/dx/rop/annotation/Annotations; 2 1796 orig 264 216 160 0 101 0 0 0 0 176 50 142 20 0 0 0 0 152 1 0 0 0 0 0 0 0 0 0 0 0 0 0 0 0 0 0 0 0 0 0 0 0 0 0 0 0 0 0 0 0 0 0 0 0 0 0 0 0 0 0 0 0 0 0 0 0 0 0 0 0 0 0 0 0 0 0 0 0 0 0 0 77 68 79 32 101 120 116 114 97 32 100 97 116 97 32 108 111 99 107 0 0 0 0 0 0 0 0 0 0 0 0 0 0 0 0 0 0 0 0 0 0 0 0 0 0 0 0 0 0 0 0 0 0 0 0 0 0 0 0 0 0 0 0 0 0 0 0 0 0 0 0 0 0 0 0 0 0 0 0 0 0 0 0 0 0 0 0 0 0 0 0 0 0 0 0 0 0 0 0 0 0 0 0 0 0 0 0 0 0 0 0 0 0 0 0 0 0 0 0 0 0 0 0 0 0 0 0 0 0 0 0 0 0 0 0 0 0 2 0 0 33 40 0 0 1 0 0 0 0 0 0 0 0 0 0 0 2 0 0 0 0 0 9 0 2 0 0 0 80 0 0 0 255 255 255 255 2 0 1 0 0 0 0 0 data 10 0x10002 0x506 0x60002 0x508 0xb0007 0x4c3 0x30 0x43 0x100002 0x43 oops 0
ciMethodData com/android/dx/dex/cf/AttributeTranslator getAnnotations0 (Lcom/android/dx/cf/iface/AttributeList;)Lcom/android/dx/rop/annotation/Annotations; 2 5717 orig 264 216 160 0 101 0 0 0 0 192 54 142 20 0 0 0 0 56 3 0 0 80 1 0 0 0 0 0 0 0 0 0 0 0 0 0 0 0 0 0 0 0 0 0 0 0 0 0 0 0 0 0 0 0 0 0 0 0 0 0 0 0 0 0 0 0 0 0 0 0 0 0 0 0 0 0 0 0 0 0 0 77 68 79 32 101 120 116 114 97 32 100 97 116 97 32 108 111 99 107 0 0 0 0 0 0 0 0 0 0 0 0 0 0 0 0 0 0 0 0 0 0 0 0 0 0 0 0 0 0 0 0 0 0 0 0 0 0 0 0 0 0 0 0 0 0 0 0 0 0 0 0 0 0 0 0 0 0 0 0 0 0 0 0 0 0 0 0 0 0 0 0 0 0 0 0 0 0 0 0 0 0 0 0 0 0 0 0 0 0 0 0 0 0 0 0 0 0 0 0 0 0 0 0 0 0 0 0 0 0 0 0 0 0 0 0 0 0 2 0 0 169 162 0 0 1 0 0 0 0 0 0 0 0 0 0 0 2 0 0 0 0 0 9 0 2 0 0 0 240 1 0 0 255 255 255 255 5 0 3 0 0 0 0 0 data 62 0x30005 0x0 0x192031b0 0x1455 0x0 0x0 0x80104 0x0 0x18ac2120 0xb7 0x0 0x0 0xf0005 0x0 0x192031b0 0x1457 0x0 0x0 0x140104 0x0 0x18ac2240 0x2e 0x0 0x0 0x190007 0xb7 0x70 0x139f 0x1d0007 0x29 0x20 0x1376 0x250005 0x6 0x18ac2240 0x23 0x0 0x0 0x2a0007 0x5 0x50 0xb2 0x2e0005 0xe 0x18ac2120 0xa4 0x0 0x0 0x330005 0x2 0x18ac2120 0x3 0x0 0x0 0x370005 0x2 0x18ac2240 0x3 0x0 0x0 0x3a0002 0x5 oops 8 2 com/android/dx/cf/iface/StdAttributeList 8 com/android/dx/cf/attrib/AttRuntimeVisibleAnnotations 14 com/android/dx/cf/iface/StdAttributeList 20 com/android/dx/cf/attrib/AttRuntimeInvisibleAnnotations 34 com/android/dx/cf/attrib/AttRuntimeInvisibleAnnotations 44 com/android/dx/cf/attrib/AttRuntimeVisibleAnnotations 50 com/android/dx/cf/attrib/AttRuntimeVisibleAnnotations 56 com/android/dx/cf/attrib/AttRuntimeInvisibleAnnotations
ciMethodData com/android/dx/dex/cf/AttributeTranslator getSignature (Lcom/android/dx/cf/iface/AttributeList;)Lcom/android/dx/rop/annotation/Annotation; 2 1796 orig 264 216 160 0 101 0 0 0 0 160 55 142 20 0 0 0 0 8 2 0 0 96 0 0 0 0 0 0 0 0 0 0 0 0 0 0 0 0 0 0 0 0 0 0 0 0 0 0 0 0 0 0 0 0 0 0 0 0 0 0 0 0 0 0 0 0 0 0 0 0 0 0 0 0 0 0 0 0 0 0 0 77 68 79 32 101 120 116 114 97 32 100 97 116 97 32 108 111 99 107 0 0 0 0 0 0 0 0 0 0 0 0 0 0 0 0 0 0 0 0 0 0 0 0 0 0 0 0 0 0 0 0 0 0 0 0 0 0 0 0 0 0 0 0 0 0 0 0 0 0 0 0 0 0 0 0 0 0 0 0 0 0 0 0 0 0 0 0 0 0 0 0 0 0 0 0 0 0 0 0 0 0 0 0 0 0 0 0 0 0 0 0 0 0 0 0 0 0 0 0 0 0 0 0 0 0 0 0 0 0 0 0 0 0 0 0 0 0 2 0 0 33 40 0 0 1 0 0 0 0 0 0 0 0 0 0 0 2 0 0 0 0 0 5 0 2 0 0 0 192 0 0 0 255 255 255 255 5 0 3 0 0 0 0 0 data 24 0x30005 0x0 0x192031b0 0x504 0x0 0x0 0x80104 0x0 0x1b4eb7c0 0x43 0x0 0x0 0xd0007 0x43 0x20 0x4c3 0x130005 0x16 0x1b4eb7c0 0x2d 0x0 0x0 0x160002 0x43 oops 3 2 com/android/dx/cf/iface/StdAttributeList 8 com/android/dx/cf/attrib/AttSignature 18 com/android/dx/cf/attrib/AttSignature
ciMethodData com/android/dx/cf/direct/DirectClassFile getAccessFlags ()I 2 2549 orig 264 216 160 0 101 0 0 0 0 208 78 136 20 0 0 0 0 48 1 0 0 0 0 0 0 0 0 0 0 0 0 0 0 0 0 0 0 0 0 0 0 0 0 0 0 0 0 0 0 0 0 0 0 0 0 0 0 0 0 0 0 0 0 0 0 0 0 0 0 0 0 0 0 0 0 0 0 0 0 0 0 77 68 79 32 101 120 116 114 97 32 100 97 116 97 32 108 111 99 107 0 0 0 0 0 0 0 0 0 0 0 0 0 0 0 0 0 0 0 0 0 0 0 0 0 0 0 0 0 0 0 0 0 0 0 0 0 0 0 0 0 0 0 0 0 0 0 0 0 0 0 0 0 0 0 0 0 0 0 0 0 0 0 0 0 0 0 0 0 0 0 0 0 0 0 0 0 0 0 0 0 0 0 0 0 0 0 0 0 0 0 0 0 0 0 0 0 0 0 0 0 0 0 0 0 0 0 0 0 0 0 0 0 0 0 0 0 0 2 0 0 169 63 0 0 1 0 0 0 0 0 0 0 0 0 0 0 2 0 0 0 0 0 7 0 2 0 0 0 16 0 0 0 255 255 255 255 2 0 1 0 0 0 0 0 data 2 0x10002 0x7f5 oops 0
ciMethodData com/android/dx/cf/direct/DirectClassFile getAttributes ()Lcom/android/dx/cf/iface/AttributeList; 2 2549 orig 264 216 160 0 101 0 0 0 0 104 83 136 20 0 0 0 0 48 1 0 0 0 0 0 0 0 0 0 0 0 0 0 0 0 0 0 0 0 0 0 0 0 0 0 0 0 0 0 0 0 0 0 0 0 0 0 0 0 0 0 0 0 0 0 0 0 0 0 0 0 0 0 0 0 0 0 0 0 0 0 0 77 68 79 32 101 120 116 114 97 32 100 97 116 97 32 108 111 99 107 0 0 0 0 0 0 0 0 0 0 0 0 0 0 0 0 0 0 0 0 0 0 0 0 0 0 0 0 0 0 0 0 0 0 0 0 0 0 0 0 0 0 0 0 0 0 0 0 0 0 0 0 0 0 0 0 0 0 0 0 0 0 0 0 0 0 0 0 0 0 0 0 0 0 0 0 0 0 0 0 0 0 0 0 0 0 0 0 0 0 0 0 0 0 0 0 0 0 0 0 0 0 0 0 0 0 0 0 0 0 0 0 0 0 0 0 0 0 2 0 0 169 63 0 0 1 0 0 0 0 0 0 0 0 0 0 0 2 0 0 0 0 0 7 0 2 0 0 0 16 0 0 0 255 255 255 255 2 0 1 0 0 0 0 0 data 2 0x10002 0x7f5 oops 0
ciMethodData com/android/dx/cf/direct/DirectClassFile getSourceFile ()Lcom/android/dx/rop/cst/CstString; 2 2307 orig 264 216 160 0 101 0 0 0 0 64 84 136 20 0 0 0 0 88 2 0 0 0 0 0 0 0 0 0 0 0 0 0 0 0 0 0 0 0 0 0 0 0 0 0 0 0 0 0 0 0 0 0 0 0 0 0 0 0 0 0 0 0 0 0 0 0 0 0 0 0 0 0 0 0 0 0 0 0 0 0 0 77 68 79 32 101 120 116 114 97 32 100 97 116 97 32 108 111 99 107 0 0 0 0 0 0 0 0 0 0 0 0 0 0 0 0 0 0 0 0 0 0 0 0 0 0 0 0 0 0 0 0 0 0 0 0 0 0 0 0 0 0 0 0 0 0 0 0 0 0 0 0 0 0 0 0 0 0 0 0 0 0 0 0 0 0 0 0 0 0 0 0 0 0 0 0 0 0 0 0 0 0 0 0 0 0 0 0 0 0 0 0 0 0 0 0 0 0 0 0 0 0 0 0 0 0 0 0 0 0 0 0 0 0 0 0 0 0 2 0 0 25 56 0 0 1 0 0 0 0 0 0 0 0 0 0 0 2 0 0 0 0 0 0 0 0 0 0 0 16 1 0 0 255 255 255 255 5 0 1 0 0 0 0 0 data 34 0x10005 0x0 0x1a194c10 0x703 0x0 0x0 0x80005 0x0 0x192031b0 0x703 0x0 0x0 0xf0104 0x0 0x0 0x0 0x0 0x0 0x120007 0x703 0x80 0x0 0x160004 0x0 0x0 0x0 0x0 0x0 0x190005 0x0 0x0 0x0 0x0 0x0 oops 2 2 com/android/dx/cf/direct/DirectClassFile 8 com/android/dx/cf/iface/StdAttributeList
ciMethodData com/android/dx/dex/cf/CfTranslator translate0 (Lcom/android/dx/cf/direct/DirectClassFile;[BLcom/android/dx/dex/cf/CfOptions;Lcom/android/dx/dex/DexOptions;Lcom/android/dx/dex/file/DexFile;)Lcom/android/dx/dex/file/ClassDefItem; 2 67201 orig 264 216 160 0 101 0 0 0 0 24 36 141 20 0 0 0 0 240 7 0 0 112 6 0 0 0 0 0 0 0 0 0 0 0 0 0 0 0 0 0 0 0 0 0 0 0 0 0 0 0 0 0 0 0 0 0 0 0 0 0 0 0 0 0 0 0 0 0 0 0 0 0 0 0 0 0 0 0 0 0 0 77 68 79 32 101 120 116 114 97 32 100 97 116 97 32 108 111 99 107 0 0 0 0 0 0 0 0 0 0 0 0 0 0 0 0 0 0 0 0 0 0 0 0 0 0 0 0 0 0 0 0 0 0 0 0 0 0 0 0 0 0 0 0 0 0 0 0 0 0 0 0 0 0 0 0 0 0 0 0 0 0 0 0 0 0 0 0 0 0 0 0 0 0 0 0 0 0 0 0 0 0 0 0 0 0 0 0 0 0 0 0 0 0 0 0 0 0 0 0 0 0 0 0 0 0 0 0 0 0 0 0 0 0 0 0 0 26 36 0 0 89 16 0 0 201 0 6 0 0 0 0 0 0 0 0 0 2 0 0 0 1 0 64 0 2 0 0 0 136 6 0 0 255 255 255 255 2 0 8 0 0 0 0 0 data 209 0x80002 0x20b 0xc0005 0x0 0x1a194c10 0x20b 0x0 0x0 0x120005 0x0 0x1a194c10 0x20b 0x0 0x0 0x1f0007 0x20b 0x38 0x0 0x230003 0x0 0x48 0x270005 0x0 0x1a194c10 0x20b 0x0 0x0 0x350005 0x0 0x1a194c10 0x20b 0x0 0x0 0x390005 0x0 0x1a194c10 0x20b 0x0 0x0 0x3e0002 0x20b 0x450002 0x20b 0x4c0005 0x0 0x1a195860 0x20a 0x0 0x0 0x4f0007 0x44 0x50 0x1c7 0x580005 0x0 0x1a194f50 0x1c7 0x0 0x0 0x5d0005 0x0 0x1a194e80 0x20b 0x0 0x0 0x640005 0x0 0x1a194e80 0x20b 0x0 0x0 0x6e0002 0x20b 0x780002 0x20b 0x7c0005 0x0 0x1a194c10 0x207 0x0 0x0 0x830005 0x0 0x1a195910 0x207 0x0 0x0 0x910007 0x207 0x3d0 0xc018 0x980005 0x0 0x1a195910 0xc018 0x0 0x0 0xa10104 0xffffffffffff54e4 0x1a1959c0 0x19 0x1a195a70 0x12cb 0xa40007 0xad4d 0x98 0x12cb 0xab0004 0x0 0x1a195a70 0x12cb 0x0 0x0 0xae0005 0x19 0x1a195b20 0x12b2 0x0 0x0 0xb20003 0x12ca 0x2b8 0xb70104 0xffffffffffff57ef 0x1a1959c0 0x19 0x1a195bd0 0x30e 0xba0007 0xaa42 0xc8 0x30e 0xc10004 0x0 0x1a195bd0 0x30e 0x0 0x0 0xc40005 0x0 0x1a195bd0 0x30e 0x0 0x0 0xc70005 0x0 0x1a195b20 0x30e 0x0 0x0 0xcb0003 0x30e 0x1c0 0xd00104 0xffffffffffff62fb 0x1a1959c0 0x19 0x1a195c80 0xb0c 0xd30007 0x9f36 0x98 0xb0c 0xda0004 0x0 0x1a195c80 0xb0c 0x0 0x0 0xdd0005 0x0 0x1a195d30 0xb0c 0x0 0x0 0xe10003 0xb0c 0xf8 0xe60104 0xffffffffffff62fb 0x1a1959c0 0x19 0x0 0x0 0xe90007 0x9f36 0xb0 0x0 0xf00004 0x0 0x0 0x0 0x0 0x0 0xf30005 0x0 0x0 0x0 0x0 0x0 0xf60005 0x0 0x0 0x0 0x0 0x0 0xfd0003 0xc018 0xfffffffffffffc48 oops 26 4 com/android/dx/cf/direct/DirectClassFile 10 com/android/dx/cf/direct/DirectClassFile 23 com/android/dx/cf/direct/DirectClassFile 29 com/android/dx/cf/direct/DirectClassFile 35 com/android/dx/cf/direct/DirectClassFile 45 com/android/dx/rop/annotation/Annotations 55 com/android/dx/dex/file/ClassDefItem 61 com/android/dx/dex/file/DexFile 67 com/android/dx/dex/file/DexFile 77 com/android/dx/cf/direct/DirectClassFile 83 com/android/dx/rop/cst/StdConstantPool 93 com/android/dx/rop/cst/StdConstantPool 99 com/android/dx/rop/cst/CstString 101 com/android/dx/rop/cst/CstMethodRef 109 com/android/dx/rop/cst/CstMethodRef 115 com/android/dx/dex/file/MethodIdsSection 124 com/android/dx/rop/cst/CstString 126 com/android/dx/rop/cst/CstInterfaceMethodRef 134 com/android/dx/rop/cst/CstInterfaceMethodRef 140 com/android/dx/rop/cst/CstInterfaceMethodRef 146 com/android/dx/dex/file/MethodIdsSection 155 com/android/dx/rop/cst/CstString 157 com/android/dx/rop/cst/CstFieldRef 165 com/android/dx/rop/cst/CstFieldRef 171 com/android/dx/dex/file/FieldIdsSection 180 com/android/dx/rop/cst/CstString
ciMethodData com/android/dx/dex/cf/OptimizerOptions loadOptimizeLists (Ljava/lang/String;Ljava/lang/String;)V 1 725 orig 264 216 160 0 101 0 0 0 0 192 76 141 20 0 0 0 0 32 2 0 0 144 0 0 0 0 0 0 0 0 0 0 0 0 0 0 0 0 0 0 0 0 0 0 0 0 0 0 0 0 0 0 0 0 0 0 0 0 0 0 0 0 0 0 0 0 0 0 0 0 0 0 0 0 0 0 0 0 0 0 0 77 68 79 32 101 120 116 114 97 32 100 97 116 97 32 108 111 99 107 0 0 0 0 0 0 0 0 0 0 0 0 0 0 0 0 0 0 0 0 0 0 0 0 0 0 0 0 0 0 0 0 0 0 0 0 0 0 0 0 0 0 0 0 0 0 0 0 0 0 0 0 0 0 0 0 0 0 0 0 0 0 0 0 0 0 0 0 0 0 0 0 0 0 0 0 0 0 0 0 0 0 0 0 0 0 0 0 0 0 0 0 0 0 0 0 0 0 0 0 0 0 0 0 0 0 0 0 0 0 0 0 0 0 0 0 0 113 0 0 0 9 4 0 0 1 0 0 0 0 0 0 0 0 0 0 0 2 0 0 0 0 0 16 0 2 0 0 0 208 0 0 0 255 255 255 255 7 0 3 0 0 0 0 0 data 26 0x30007 0x0 0x20 0x81 0x80007 0x0 0x50 0x0 0xc0007 0x0 0x30 0x0 0x150002 0x0 0x1a0007 0x0 0x30 0x0 0x1e0002 0x0 0x250007 0x0 0x30 0x0 0x290002 0x0 oops 0
ciMethodData com/android/dx/cf/direct/DirectClassFile getThisClass ()Lcom/android/dx/rop/cst/CstType; 1 1420 orig 264 216 160 0 101 0 0 0 0 120 79 136 20 0 0 0 0 48 1 0 0 0 0 0 0 0 0 0 0 0 0 0 0 0 0 0 0 0 0 0 0 0 0 0 0 0 0 0 0 0 0 0 0 0 0 0 0 0 0 0 0 0 0 0 0 0 0 0 0 0 0 0 0 0 0 0 0 0 0 0 0 77 68 79 32 101 120 116 114 97 32 100 97 116 97 32 108 111 99 107 0 0 0 0 0 0 0 0 0 0 0 0 0 0 0 0 0 0 0 0 0 0 0 0 0 0 0 0 0 0 0 0 0 0 0 0 0 0 0 0 0 0 0 0 0 0 0 0 0 0 0 0 0 0 0 0 0 0 0 0 0 0 0 0 0 0 0 0 0 0 0 0 0 0 0 0 0 0 0 0 0 0 0 0 0 0 0 0 0 0 0 0 0 0 0 0 0 0 0 0 0 0 0 0 0 0 0 0 0 0 0 0 0 0 0 0 0 197 1 0 0 97 20 0 0 1 0 0 0 0 0 0 0 0 0 0 0 2 0 0 0 0 0 6 0 2 0 0 0 16 0 0 0 255 255 255 255 2 0 1 0 0 0 0 0 data 2 0x10002 0x28c oops 0
ciMethodData com/android/dx/cf/direct/DirectClassFile getSuperclass ()Lcom/android/dx/rop/cst/CstType; 1 636 orig 264 216 160 0 101 0 0 0 0 32 80 136 20 0 0 0 0 48 1 0 0 0 0 0 0 0 0 0 0 0 0 0 0 0 0 0 0 0 0 0 0 0 0 0 0 0 0 0 0 0 0 0 0 0 0 0 0 0 0 0 0 0 0 0 0 0 0 0 0 0 0 0 0 0 0 0 0 0 0 0 0 77 68 79 32 101 120 116 114 97 32 100 97 116 97 32 108 111 99 107 0 0 0 0 0 0 0 0 0 0 0 0 0 0 0 0 0 0 0 0 0 0 0 0 0 0 0 0 0 0 0 0 0 0 0 0 0 0 0 0 0 0 0 0 0 0 0 0 0 0 0 0 0 0 0 0 0 0 0 0 0 0 0 0 0 0 0 0 0 0 0 0 0 0 0 0 0 0 0 0 0 0 0 0 0 0 0 0 0 0 0 0 0 0 0 0 0 0 0 0 0 0 0 0 0 0 0 0 0 0 0 0 0 0 0 0 0 113 0 0 0 89 16 0 0 1 0 0 0 0 0 0 0 0 0 0 0 2 0 0 0 0 0 0 0 0 0 0 0 16 0 0 0 255 255 255 255 2 0 1 0 0 0 0 0 data 2 0x10002 0x20b oops 0
ciMethodData com/android/dx/cf/direct/DirectClassFile getInterfaces ()Lcom/android/dx/rop/type/TypeList; 1 636 orig 264 216 160 0 101 0 0 0 0 112 81 136 20 0 0 0 0 48 1 0 0 0 0 0 0 0 0 0 0 0 0 0 0 0 0 0 0 0 0 0 0 0 0 0 0 0 0 0 0 0 0 0 0 0 0 0 0 0 0 0 0 0 0 0 0 0 0 0 0 0 0 0 0 0 0 0 0 0 0 0 0 77 68 79 32 101 120 116 114 97 32 100 97 116 97 32 108 111 99 107 0 0 0 0 0 0 0 0 0 0 0 0 0 0 0 0 0 0 0 0 0 0 0 0 0 0 0 0 0 0 0 0 0 0 0 0 0 0 0 0 0 0 0 0 0 0 0 0 0 0 0 0 0 0 0 0 0 0 0 0 0 0 0 0 0 0 0 0 0 0 0 0 0 0 0 0 0 0 0 0 0 0 0 0 0 0 0 0 0 0 0 0 0 0 0 0 0 0 0 0 0 0 0 0 0 0 0 0 0 0 0 0 0 0 0 0 0 113 0 0 0 89 16 0 0 1 0 0 0 0 0 0 0 0 0 0 0 2 0 0 0 0 0 0 0 0 0 0 0 16 0 0 0 255 255 255 255 2 0 1 0 0 0 0 0 data 2 0x10002 0x20b oops 0
ciMethodData com/android/dx/dex/file/ClassDefItem <init> (Lcom/android/dx/rop/cst/CstType;ILcom/android/dx/rop/cst/CstType;Lcom/android/dx/rop/type/TypeList;Lcom/android/dx/rop/cst/CstString;)V 1 725 orig 264 216 160 0 101 0 0 0 0 56 103 141 20 0 0 0 0 120 2 0 0 216 0 0 0 0 0 0 0 0 0 0 0 0 0 0 0 0 0 0 0 0 0 0 0 0 0 0 0 0 0 0 0 0 0 0 0 0 0 0 0 0 0 0 0 0 0 0 0 0 0 0 0 0 0 0 0 0 0 0 0 77 68 79 32 101 120 116 114 97 32 100 97 116 97 32 108 111 99 107 0 0 0 0 0 0 0 0 0 0 0 0 0 0 0 0 0 0 0 0 0 0 0 0 0 0 0 0 0 0 0 0 0 0 0 0 0 0 0 0 0 0 0 0 0 0 0 0 0 0 0 0 0 0 0 0 0 0 0 0 0 0 0 0 0 0 0 0 0 0 0 0 0 0 0 0 0 0 0 0 0 0 0 0 0 0 0 0 0 0 0 0 0 0 0 0 0 0 0 0 0 0 0 0 0 0 0 0 0 0 0 0 0 0 0 0 0 113 0 0 0 9 4 0 0 1 0 0 0 0 0 0 0 0 0 0 0 2 0 0 0 0 0 10 0 2 0 0 0 8 1 0 0 255 255 255 255 2 0 1 0 0 0 0 0 data 33 0x10002 0x81 0x50007 0x81 0x30 0x0 0xe0002 0x0 0x140007 0x81 0x30 0x0 0x1d0002 0x0 0x330005 0x0 0x183d9b20 0x2b 0x183d9bd0 0x56 0x380007 0x56 0x38 0x2b 0x3c0003 0x2b 0x28 0x450002 0x56 0x570002 0x81 0x670002 0x81 oops 2 16 com/android/dx/rop/type/StdTypeList 18 com/android/dx/cf/direct/DirectClassFile$DcfTypeList
ciMethodData com/android/dx/dex/cf/AttributeTranslator getClassAnnotations (Lcom/android/dx/cf/direct/DirectClassFile;Lcom/android/dx/dex/cf/CfOptions;)Lcom/android/dx/rop/annotation/Annotations; 1 726 orig 264 216 160 0 101 0 0 0 0 104 52 142 20 0 0 0 0 48 4 0 0 48 2 0 0 0 0 0 0 0 0 0 0 0 0 0 0 0 0 0 0 0 0 0 0 0 0 0 0 0 0 0 0 0 0 0 0 0 0 0 0 0 0 0 0 0 0 0 0 0 0 0 0 0 0 0 0 0 0 0 0 77 68 79 32 101 120 116 114 97 32 100 97 116 97 32 108 111 99 107 0 0 0 0 0 0 0 0 0 0 0 0 0 0 0 0 0 0 0 0 0 0 0 0 0 0 0 0 0 0 0 0 0 0 0 0 0 0 0 0 0 0 0 0 0 0 0 0 0 0 0 0 0 0 0 0 0 0 0 0 0 0 0 0 0 0 0 0 0 0 0 0 0 0 0 0 0 0 0 0 0 0 0 0 0 0 0 0 0 0 0 0 0 0 0 0 0 0 0 0 0 0 0 0 0 0 0 0 0 0 0 0 0 0 0 0 0 113 0 0 0 9 4 0 0 1 0 0 0 0 0 0 0 0 0 0 0 2 0 0 0 0 0 32 0 2 0 0 0 224 2 0 0 255 255 255 255 5 0 1 0 0 0 0 0 data 92 0x10005 0x0 0x1a194c10 0x81 0x0 0x0 0x60005 0x0 0x1a194c10 0x81 0x0 0x0 0xb0002 0x81 0x110002 0x81 0x1a0007 0x15 0x38 0x6c 0x1e0003 0x6c 0x18 0x220002 0x81 0x290007 0x3b 0x30 0x46 0x300002 0x46 0x350003 0x81 0x118 0x420002 0x0 0x470005 0x0 0x0 0x0 0x0 0x0 0x4c0005 0x0 0x0 0x0 0x0 0x0 0x4f0005 0x0 0x0 0x0 0x0 0x0 0x520005 0x0 0x0 0x0 0x0 0x0 0x550005 0x0 0x0 0x0 0x0 0x0 0x5a0007 0x6c 0x30 0x15 0x610002 0x15 0x670005 0x0 0x1a194c10 0x81 0x0 0x0 0x6a0002 0x81 0x6d0007 0x81 0x60 0x0 0x710002 0x0 0x780007 0x0 0x30 0x0 0x7f0002 0x0 oops 3 2 com/android/dx/cf/direct/DirectClassFile 8 com/android/dx/cf/direct/DirectClassFile 74 com/android/dx/cf/direct/DirectClassFile
ciMethodData com/android/dx/dex/file/ClassDefItem setClassAnnotations (Lcom/android/dx/rop/annotation/Annotations;Lcom/android/dx/dex/file/DexFile;)V 1 546 orig 264 216 160 0 101 0 0 0 0 8 119 141 20 0 0 0 0 136 1 0 0 0 0 0 0 0 0 0 0 0 0 0 0 0 0 0 0 0 0 0 0 0 0 0 0 0 0 0 0 0 0 0 0 0 0 0 0 0 0 0 0 0 0 0 0 0 0 0 0 0 0 0 0 0 0 0 0 0 0 0 0 77 68 79 32 101 120 116 114 97 32 100 97 116 97 32 108 111 99 107 0 0 0 0 0 0 0 0 0 0 0 0 0 0 0 0 0 0 0 0 0 0 0 0 0 0 0 0 0 0 0 0 0 0 0 0 0 0 0 0 0 0 0 0 0 0 0 0 0 0 0 0 0 0 0 0 0 0 0 0 0 0 0 0 0 0 0 0 0 0 0 0 0 0 0 0 0 0 0 0 0 0 0 0 0 0 0 0 0 0 0 0 0 0 0 0 0 0 0 0 0 0 0 0 0 0 0 0 0 0 0 0 0 0 0 0 0 90 0 0 0 65 14 0 0 1 0 0 0 0 0 0 0 0 0 0 0 2 0 0 0 0 0 0 0 0 0 0 0 48 0 0 0 255 255 255 255 5 0 6 0 0 0 0 0 data 6 0x60005 0x0 0x183d9370 0x1c8 0x0 0x0 oops 1 2 com/android/dx/dex/file/AnnotationsDirectoryItem
ciMethodData com/android/dx/dex/cf/CfTranslator processFields (Lcom/android/dx/cf/direct/DirectClassFile;Lcom/android/dx/dex/file/ClassDefItem;Lcom/android/dx/dex/file/DexFile;)V 1 2071 orig 264 216 160 0 101 0 0 0 0 240 38 141 20 0 0 0 0 32 7 0 0 96 0 0 0 0 0 0 0 0 0 0 0 0 0 0 0 0 0 0 0 0 0 0 0 0 0 0 0 0 0 0 0 0 0 0 0 0 0 0 0 0 0 0 0 0 0 0 0 0 0 0 0 0 0 0 0 0 0 0 0 77 68 79 32 101 120 116 114 97 32 100 97 116 97 32 108 111 99 107 0 0 0 0 0 0 0 0 0 0 0 0 0 0 0 0 0 0 0 0 0 0 0 0 0 0 0 0 0 0 0 0 0 0 0 0 0 0 0 0 0 0 0 0 0 0 0 0 0 0 0 0 0 0 0 0 0 0 0 0 0 0 0 0 0 0 0 0 0 0 0 0 0 0 0 0 0 0 0 0 0 0 0 0 0 0 0 0 0 0 0 0 0 0 0 0 0 0 0 0 0 0 0 0 0 0 0 0 0 0 0 0 0 0 0 0 0 100 1 0 0 9 4 0 0 105 13 0 0 0 0 0 0 0 0 0 0 2 0 0 0 1 0 31 0 2 0 0 0 200 5 0 0 255 255 255 255 5 0 1 0 0 0 0 0 data 185 0x10005 0x0 0x1a194c10 0x81 0x0 0x0 0x60005 0x0 0x1a194c10 0x81 0x0 0x0 0xd0005 0x0 0x1b575500 0x81 0x0 0x0 0x1b0007 0x81 0x538 0x1ad 0x220005 0x0 0x1b575500 0x1ad 0x0 0x0 0x300005 0x0 0x1a098870 0x1ad 0x0 0x0 0x350002 0x1ad 0x3c0005 0x0 0x1a098870 0x1ad 0x0 0x0 0x450002 0x1ad 0x480007 0x196 0x108 0x17 0x4d0005 0x0 0x1a098870 0x17 0x0 0x0 0x5c0002 0x17 0x630007 0x17 0x60 0x0 0x6a0005 0x0 0x0 0x0 0x0 0x0 0x6d0002 0x0 0x770005 0x17 0x0 0x0 0x0 0x0 0x7a0003 0x17 0x58 0x850002 0x196 0x8d0005 0x196 0x0 0x0 0x0 0x0 0x920005 0x0 0x1a098870 0x1ad 0x0 0x0 0x970002 0x1ad 0x9e0005 0x1ad 0x0 0x0 0x0 0x0 0xa10007 0x189 0x50 0x24 0xaa0005 0x24 0x0 0x0 0x0 0x0 0xae0005 0x1ad 0x0 0x0 0x0 0x0 0xb30005 0x1ad 0x0 0x0 0x0 0x0 0xb70003 0x1ad 0x1e8 0xc00002 0x0 0xc50005 0x0 0x0 0x0 0x0 0x0 0xca0005 0x0 0x0 0x0 0x0 0x0 0xcf0005 0x0 0x0 0x0 0x0 0x0 0xd20005 0x0 0x0 0x0 0x0 0x0 0xd70005 0x0 0x0 0x0 0x0 0x0 0xdc0005 0x0 0x0 0x0 0x0 0x0 0xe10005 0x0 0x0 0x0 0x0 0x0 0xe40005 0x0 0x0 0x0 0x0 0x0 0xe70005 0x0 0x0 0x0 0x0 0x0 0xf00002 0x0 0xf70003 0x1ad 0xfffffffffffffae0 oops 8 2 com/android/dx/cf/direct/DirectClassFile 8 com/android/dx/cf/direct/DirectClassFile 14 com/android/dx/cf/iface/StdFieldList 24 com/android/dx/cf/iface/StdFieldList 30 com/android/dx/cf/iface/StdField 38 com/android/dx/cf/iface/StdField 50 com/android/dx/cf/iface/StdField 87 com/android/dx/cf/iface/StdField
ciMethodData com/android/dx/dex/file/TypeListItem <init> (Lcom/android/dx/rop/type/TypeList;)V 1 114 orig 264 216 160 0 101 0 0 0 0 168 153 141 20 0 0 0 0 144 1 0 0 0 0 0 0 0 0 0 0 0 0 0 0 0 0 0 0 0 0 0 0 0 0 0 0 0 0 0 0 0 0 0 0 0 0 0 0 0 0 0 0 0 0 0 0 0 0 0 0 0 0 0 0 0 0 0 0 0 0 0 0 77 68 79 32 101 120 116 114 97 32 100 97 116 97 32 108 111 99 107 0 0 0 0 0 0 0 0 0 0 0 0 0 0 0 0 0 0 0 0 0 0 0 0 0 0 0 0 0 0 0 0 0 0 0 0 0 0 0 0 0 0 0 0 0 0 0 0 0 0 0 0 0 0 0 0 0 0 0 0 0 0 0 0 0 0 0 0 0 0 0 0 0 0 0 0 0 0 0 0 0 0 0 0 0 0 0 0 0 0 0 0 0 0 0 0 0 0 0 0 0 0 0 0 0 0 0 0 0 0 0 0 0 0 0 0 0 113 0 0 0 9 0 0 0 1 0 0 0 0 0 0 0 0 0 0 0 2 0 0 0 0 0 0 0 0 0 0 0 64 0 0 0 255 255 255 255 5 0 3 0 0 0 0 0 data 8 0x30005 0x0 0x183d9bd0 0x1 0x0 0x0 0xc0002 0x1 oops 1 2 com/android/dx/cf/direct/DirectClassFile$DcfTypeList
ciMethodData com/android/dx/dex/file/ClassDataItem <init> (Lcom/android/dx/rop/cst/CstType;)V 1 725 orig 264 216 160 0 101 0 0 0 0 120 188 141 20 0 0 0 0 184 1 0 0 48 0 0 0 0 0 0 0 0 0 0 0 0 0 0 0 0 0 0 0 0 0 0 0 0 0 0 0 0 0 0 0 0 0 0 0 0 0 0 0 0 0 0 0 0 0 0 0 0 0 0 0 0 0 0 0 0 0 0 0 77 68 79 32 101 120 116 114 97 32 100 97 116 97 32 108 111 99 107 0 0 0 0 0 0 0 0 0 0 0 0 0 0 0 0 0 0 0 0 0 0 0 0 0 0 0 0 0 0 0 0 0 0 0 0 0 0 0 0 0 0 0 0 0 0 0 0 0 0 0 0 0 0 0 0 0 0 0 0 0 0 0 0 0 0 0 0 0 0 0 0 0 0 0 0 0 0 0 0 0 0 0 0 0 0 0 0 0 0 0 0 0 0 0 0 0 0 0 0 0 0 0 0 0 0 0 0 0 0 0 0 0 0 0 0 0 241 0 0 0 33 15 0 0 1 0 0 0 0 0 0 0 0 0 0 0 2 0 0 0 0 0 5 0 2 0 0 0 144 0 0 0 255 255 255 255 2 0 3 0 0 0 0 0 data 18 0x30002 0x1e4 0x70007 0x1e4 0x30 0x0 0x100002 0x0 0x200002 0x1e4 0x2d0002 0x1e4 0x3a0002 0x1e4 0x470002 0x1e4 0x540002 0x1e4 oops 0
ciMethodData com/android/dx/dex/file/AnnotationsDirectoryItem <init> ()V 1 242 orig 264 216 160 0 101 0 0 0 0 200 221 141 20 0 0 0 0 48 1 0 0 0 0 0 0 0 0 0 0 0 0 0 0 0 0 0 0 0 0 0 0 0 0 0 0 0 0 0 0 0 0 0 0 0 0 0 0 0 0 0 0 0 0 0 0 0 0 0 0 0 0 0 0 0 0 0 0 0 0 0 0 77 68 79 32 101 120 116 114 97 32 100 97 116 97 32 108 111 99 107 0 0 0 0 0 0 0 0 0 0 0 0 0 0 0 0 0 0 0 0 0 0 0 0 0 0 0 0 0 0 0 0 0 0 0 0 0 0 0 0 0 0 0 0 0 0 0 0 0 0 0 0 0 0 0 0 0 0 0 0 0 0 0 0 0 0 0 0 0 0 0 0 0 0 0 0 0 0 0 0 0 0 0 0 0 0 0 0 0 0 0 0 0 0 0 0 0 0 0 0 0 0 0 0 0 0 0 0 0 0 0 0 0 0 0 0 0 241 0 0 0 9 0 0 0 1 0 0 0 0 0 0 0 0 0 0 0 2 0 0 0 0 0 0 0 0 0 0 0 16 0 0 0 255 255 255 255 2 0 3 0 0 0 0 0 data 2 0x30002 0x1 oops 0
ciMethod com/android/dx/cf/iface/ParseObserver parsed (Lcom/android/dx/util/ByteArray;IILjava/lang/String;)V 0 0 1 0 -1
instanceKlass com/android/dx/cf/iface/ParseObserver
instanceKlass com/android/dx/util/ListIntSet$1
instanceKlass com/android/dx/util/ListIntSet
instanceKlass com/android/dx/rop/code/RegisterSpec$1
instanceKlass sun/reflect/generics/reflectiveObjects/LazyReflectiveObjectGenerator
instanceKlass java/lang/reflect/TypeVariable
instanceKlass sun/reflect/generics/reflectiveObjects/ParameterizedTypeImpl
instanceKlass java/lang/reflect/ParameterizedType
instanceKlass sun/reflect/generics/visitor/Reifier
instanceKlass sun/reflect/generics/visitor/TypeTreeVisitor
instanceKlass sun/reflect/generics/tree/ClassSignature
instanceKlass sun/reflect/generics/tree/Signature
instanceKlass sun/reflect/generics/tree/ClassTypeSignature
instanceKlass sun/reflect/generics/tree/SimpleClassTypeSignature
instanceKlass sun/reflect/generics/tree/FieldTypeSignature
instanceKlass sun/reflect/generics/tree/BaseType
instanceKlass sun/reflect/generics/tree/TypeSignature
instanceKlass sun/reflect/generics/tree/ReturnType
instanceKlass sun/reflect/generics/tree/TypeArgument
instanceKlass sun/reflect/generics/tree/FormalTypeParameter
instanceKlass sun/reflect/generics/tree/TypeTree
instanceKlass sun/reflect/generics/tree/Tree
instanceKlass sun/reflect/generics/parser/SignatureParser
instanceKlass sun/reflect/generics/factory/CoreReflectionFactory
instanceKlass sun/reflect/generics/factory/GenericsFactory
instanceKlass sun/reflect/generics/scope/AbstractScope
instanceKlass sun/reflect/generics/scope/Scope
instanceKlass com/android/dx/rop/code/RegOps
instanceKlass com/android/dx/dex/file/ParameterAnnotationStruct
instanceKlass com/android/dx/dex/file/FieldAnnotationStruct
instanceKlass java/util/ArrayList$1
instanceKlass java/util/DualPivotQuicksort
instanceKlass com/android/dx/dex/file/MethodAnnotationStruct
instanceKlass com/android/dx/dex/code/DalvCode
instanceKlass com/android/dx/dex/code/StdCatchBuilder
instanceKlass com/android/dx/dex/code/RopToDop
instanceKlass com/android/dx/dex/code/OutputFinisher
instanceKlass com/android/dx/dex/code/OutputCollector
instanceKlass com/android/dx/rop/code/Insn$BaseVisitor
instanceKlass com/android/dx/io/Opcodes
instanceKlass com/android/dx/dex/code/InsnFormat
instanceKlass com/android/dx/dex/code/Dop
instanceKlass com/android/dx/dex/code/Dops
instanceKlass com/android/dx/dex/code/BlockAddresses
instanceKlass com/android/dx/dex/code/CatchBuilder
instanceKlass com/android/dx/dex/code/DalvInsn
instanceKlass com/android/dx/dex/code/RopTranslator$TranslationVisitor
instanceKlass com/android/dx/dex/code/RopTranslator
instanceKlass com/android/dx/rop/code/LocalVariableExtractor
instanceKlass com/android/dx/ssa/back/FirstFitLocalCombiningAllocator$Multiset
instanceKlass com/android/dx/ssa/back/IdenticalBlockCombiner
instanceKlass com/android/dx/ssa/back/SsaToRop$1
instanceKlass com/android/dx/ssa/back/SsaToRop$PhiVisitor
instanceKlass com/android/dx/ssa/back/FirstFitLocalCombiningAllocator$1
instanceKlass com/android/dx/ssa/back/LivenessAnalyzer$1
instanceKlass com/android/dx/ssa/back/InterferenceGraph
instanceKlass com/android/dx/ssa/back/LivenessAnalyzer
instanceKlass com/android/dx/ssa/back/RegisterAllocator
instanceKlass com/android/dx/ssa/back/SsaToRop
instanceKlass com/android/dx/ssa/PhiTypeResolver
instanceKlass com/android/dx/ssa/ConstCollector$1
instanceKlass com/android/dx/ssa/ConstCollector
instanceKlass com/android/dx/ssa/SsaMethod$1
instanceKlass com/android/dx/ssa/LiteralOpUpgrader$1
instanceKlass com/android/dx/ssa/LiteralOpUpgrader
instanceKlass com/android/dx/ssa/DeadCodeRemover$NoSideEffectVisitor
instanceKlass com/android/dx/ssa/DeadCodeRemover
instanceKlass com/android/dx/ssa/SsaMethod$2
instanceKlass com/android/dx/ssa/SCCP
instanceKlass com/android/dx/ssa/MoveParamCombiner$1
instanceKlass com/android/dx/ssa/PhiInsn$Operand
instanceKlass com/android/dx/ssa/MoveParamCombiner
instanceKlass com/android/dx/ssa/SsaRenamer$BlockRenamer$1
instanceKlass com/android/dx/ssa/RegisterMapper
instanceKlass com/android/dx/ssa/PhiInsn$Visitor
instanceKlass com/android/dx/ssa/SsaRenamer$BlockRenamer
instanceKlass com/android/dx/ssa/SsaRenamer$1
instanceKlass com/android/dx/ssa/SsaRenamer
instanceKlass com/android/dx/util/BitIntSet$1
instanceKlass com/android/dx/util/IntIterator
instanceKlass com/android/dx/util/BitIntSet
instanceKlass com/android/dx/util/IntSet
instanceKlass com/android/dx/ssa/SetFactory
instanceKlass com/android/dx/ssa/Dominators$DfsWalker
instanceKlass com/android/dx/ssa/Dominators$DFSInfo
instanceKlass com/android/dx/ssa/SsaBasicBlock$Visitor
instanceKlass com/android/dx/ssa/Dominators
instanceKlass com/android/dx/ssa/DomFront$DomInfo
instanceKlass com/android/dx/ssa/DomFront
instanceKlass com/android/dx/ssa/LocalVariableExtractor
instanceKlass com/android/dx/ssa/SsaBasicBlock$LabelComparator
instanceKlass com/android/dx/ssa/SsaBasicBlock
instanceKlass com/android/dx/rop/code/BasicBlockList$RegCountVisitor
instanceKlass com/android/dx/rop/code/LocalItem
instanceKlass com/android/dx/ssa/SsaInsn
instanceKlass com/android/dx/ssa/SsaInsn$Visitor
instanceKlass sun/nio/ch/Interruptible
instanceKlass java/util/concurrent/locks/LockSupport
instanceKlass com/android/dx/ssa/SsaMethod
instanceKlass com/android/dx/ssa/SsaConverter
instanceKlass java/lang/Class$4
instanceKlass com/android/dx/cf/code/Ropper$ExceptionHandlerSetup
instanceKlass com/android/dx/ssa/Optimizer
instanceKlass com/android/dx/rop/code/RopMethod
instanceKlass com/android/dx/rop/code/Insn$Visitor
instanceKlass com/android/dx/cf/code/Merger
instanceKlass com/android/dx/rop/code/RegisterSpec$ForComparison
instanceKlass com/android/dx/rop/code/RegisterSpec
instanceKlass com/android/dx/rop/code/BasicBlock
instanceKlass com/android/dx/rop/code/Exceptions
instanceKlass com/android/dx/rop/code/Rop
instanceKlass com/android/dx/rop/code/Rops
instanceKlass com/android/dx/rop/code/SourcePosition
instanceKlass com/android/dx/cf/code/Ropper$LabelAllocator
instanceKlass com/android/dx/cf/code/Ropper$CatchInfo
instanceKlass com/android/dx/cf/code/Ropper$Subroutine
instanceKlass com/android/dx/cf/code/Frame
instanceKlass com/android/dx/cf/code/Simulator$SimVisitor
instanceKlass com/android/dx/cf/code/Simulator
instanceKlass com/android/dx/cf/code/BaseMachine
instanceKlass com/android/dx/cf/code/ByteBlock
instanceKlass com/android/dx/util/LabeledItem
instanceKlass com/android/dx/cf/code/ByteOps
instanceKlass com/android/dx/util/Bits
instanceKlass com/android/dx/cf/code/BasicBlocker
instanceKlass com/android/dx/rop/code/Insn
instanceKlass com/android/dx/rop/code/BasicBlock$Visitor
instanceKlass com/android/dx/cf/code/Machine
instanceKlass com/android/dx/cf/code/Ropper
instanceKlass com/android/dx/rop/code/DexTranslationAdvice
instanceKlass com/android/dx/cf/code/ConcreteMethod
instanceKlass com/android/dx/dex/file/EncodedMember
instanceKlass com/android/dx/dex/file/ValueEncoder
instanceKlass com/android/dx/dex/file/AnnotationItem$TypeIdSorter
instanceKlass java/util/Collections$UnmodifiableCollection$1
instanceKlass java/util/TreeMap$PrivateEntryIterator
instanceKlass com/android/dx/rop/annotation/NameValuePair
instanceKlass com/android/dx/dex/file/AnnotationUtils
instanceKlass com/android/dx/dex/cf/AttributeTranslator
instanceKlass com/android/dx/dex/cf/OptimizerOptions
instanceKlass com/android/dx/dex/code/DalvCode$AssignIndicesCallback
instanceKlass com/android/dx/rop/code/TranslationAdvice
instanceKlass com/android/dx/dex/cf/CfTranslator
instanceKlass com/android/dx/cf/direct/DirectClassFile$DcfTypeList
instanceKlass com/android/dx/cf/code/ByteCatchList$Item
instanceKlass com/android/dx/cf/code/LocalVariableList$Item
instanceKlass com/android/dx/command/dexer/Main$ClassDefItemConsumer
instanceKlass java/util/concurrent/FutureTask$WaitNode
instanceKlass java/util/concurrent/FutureTask
instanceKlass java/util/concurrent/RunnableFuture
instanceKlass java/util/concurrent/Future
instanceKlass com/android/dx/command/dexer/Main$ClassTranslatorTask
instanceKlass com/android/dx/cf/direct/AnnotationParser
instanceKlass com/android/dx/cf/attrib/InnerClassList$Item
instanceKlass com/android/dx/util/Hex
instanceKlass com/android/dx/rop/code/AccessFlags
instanceKlass com/android/dx/cf/code/BytecodeArray$BaseVisitor
instanceKlass com/android/dx/cf/code/BytecodeArray
instanceKlass com/android/dx/cf/iface/Method
instanceKlass com/android/dx/cf/iface/StdMember
instanceKlass com/android/dx/cf/attrib/BaseAttribute
instanceKlass com/android/dx/cf/direct/AttributeListParser
instanceKlass com/android/dx/cf/iface/Field
instanceKlass com/android/dx/cf/iface/Member
instanceKlass com/android/dx/cf/direct/MemberListParser
instanceKlass com/android/dx/rop/type/Prototype
instanceKlass com/android/dx/rop/type/Type
instanceKlass com/android/dx/util/MutabilityControl
instanceKlass com/android/dx/cf/cst/ConstantPoolParser
instanceKlass com/android/dx/cf/code/BytecodeArray$Visitor
instanceKlass com/android/dx/cf/iface/Attribute
instanceKlass com/android/dx/util/ByteArray
instanceKlass com/android/dx/cf/iface/MethodList
instanceKlass com/android/dx/cf/iface/FieldList
instanceKlass com/android/dx/rop/type/TypeList
instanceKlass com/android/dx/cf/iface/AttributeList
instanceKlass com/android/dx/rop/cst/ConstantPool
instanceKlass com/android/dx/cf/direct/DirectClassFile
instanceKlass com/android/dx/cf/iface/ClassFile
instanceKlass com/android/dx/cf/iface/HasAttribute
instanceKlass com/android/dx/command/dexer/Main$ClassParserTask
instanceKlass com/android/dx/command/dexer/Main$DirectClassFileConsumer
instanceKlass sun/util/calendar/CalendarUtils
instanceKlass sun/util/calendar/CalendarDate
instanceKlass java/util/TimeZone$1
instanceKlass java/util/zip/CRC32
instanceKlass java/util/zip/Checksum
instanceKlass sun/util/calendar/ZoneInfoFile$ZoneOffsetTransitionRule
instanceKlass java/io/DataInput
instanceKlass sun/util/calendar/ZoneInfoFile$1
instanceKlass sun/util/calendar/ZoneInfoFile
instanceKlass java/util/TimeZone
instanceKlass sun/util/calendar/CalendarSystem
instanceKlass java/util/Date
instanceKlass java/util/zip/ZipUtils
instanceKlass java/util/ArrayList$Itr
instanceKlass java/util/regex/Matcher
instanceKlass java/util/regex/MatchResult
instanceKlass java/util/regex/Pattern$Node
instanceKlass java/util/regex/Pattern
instanceKlass java/util/TimSort
instanceKlass com/android/dx/cf/direct/ClassPathOpener$3
instanceKlass java/util/zip/ZipFile$ZipEntryIterator
instanceKlass com/android/dx/command/dexer/Main$FileBytesConsumer
instanceKlass com/android/dx/cf/direct/ClassPathOpener$1
instanceKlass com/android/dx/cf/direct/ClassPathOpener
instanceKlass java/util/concurrent/ThreadPoolExecutor$CallerRunsPolicy
instanceKlass java/util/ComparableTimSort
instanceKlass sun/security/action/GetBooleanAction
instanceKlass java/util/Arrays$LegacyMergeSort
instanceKlass com/android/dx/dex/file/MixedItemSection$1
instanceKlass com/android/dx/dex/file/Item
instanceKlass com/android/dx/rop/type/TypeBearer
instanceKlass com/android/dx/rop/cst/Constant
instanceKlass com/android/dx/util/ToHuman
instanceKlass com/android/dx/dex/file/Section
instanceKlass com/android/dx/util/AnnotatedOutput
instanceKlass com/android/dx/util/Output
instanceKlass com/android/dex/util/ByteOutput
instanceKlass com/android/dx/dex/file/DexFile
instanceKlass java/util/concurrent/Executors$DefaultThreadFactory
instanceKlass java/util/concurrent/ThreadFactory
instanceKlass java/util/concurrent/LinkedBlockingQueue$Node
instanceKlass java/util/concurrent/locks/AbstractQueuedSynchronizer$ConditionObject
instanceKlass java/util/concurrent/locks/Condition
instanceKlass java/util/concurrent/locks/AbstractQueuedSynchronizer$Node
instanceKlass java/util/concurrent/locks/AbstractOwnableSynchronizer
instanceKlass java/util/concurrent/ThreadPoolExecutor$AbortPolicy
instanceKlass java/util/concurrent/AbstractExecutorService
instanceKlass java/util/concurrent/Executors
instanceKlass com/android/dx/dex/DexOptions
instanceKlass com/android/dx/command/DxConsole
instanceKlass com/android/dx/dex/cf/CfOptions
instanceKlass com/android/dx/command/dexer/Main$Arguments$ArgumentsParser
instanceKlass com/android/dx/command/dexer/Main$Arguments
instanceKlass com/android/dx/cf/direct/ClassPathOpener$FileNameFilter
instanceKlass java/util/concurrent/ExecutorService
instanceKlass java/util/concurrent/Executor
instanceKlass java/util/concurrent/BlockingQueue
instanceKlass java/util/concurrent/RejectedExecutionHandler
instanceKlass com/android/dx/cf/direct/ClassPathOpener$Consumer
instanceKlass com/android/dx/cf/direct/AttributeFactory
instanceKlass java/util/concurrent/Callable
instanceKlass com/android/dx/command/dexer/Main
instanceKlass java/lang/Void
instanceKlass java/lang/Class$MethodArray
instanceKlass sun/launcher/LauncherHelper$FXHelper
instanceKlass com/android/dx/command/Main
instanceKlass java/io/FilePermission$1
instanceKlass sun/net/www/MessageHeader
instanceKlass java/net/URLConnection
instanceKlass java/security/PermissionCollection
instanceKlass sun/nio/ByteBuffered
instanceKlass sun/security/util/ManifestEntryVerifier
instanceKlass sun/security/util/SignatureFileVerifier
instanceKlass java/lang/Package
instanceKlass java/util/jar/JarVerifier$3
instanceKlass java/security/CodeSigner
